Using pre-set license
Built from '2021.3/staging' branch; Version is '2021.3.15f1 (e8e88683f834) revision 15263878'; Using compiler version '192829333'; Build Type 'Release'
OS: 'Windows 11  (10.0.22631) 64bit Core' Language: 'es' Physical Memory: 15741 MB
BatchMode: 1, IsHumanControllingUs: 0, StartBugReporterOnCrash: 0, Is64bit: 1, IsPro: 1

COMMAND LINE ARGUMENTS:
C:\Program Files\Unity\Hub\Editor\2021.3.15f1\Editor\Unity.exe
-adb2
-batchMode
-noUpm
-name
AssetImportWorker0
-projectPath
D:/DATOS/Documents/Unity/PRIA/GeneracionProcedural01
-logFile
Logs/AssetImportWorker0.log
-srvPort
62189
Successfully changed project path to: D:/DATOS/Documents/Unity/PRIA/GeneracionProcedural01
D:/DATOS/Documents/Unity/PRIA/GeneracionProcedural01
[UnityMemory] Configuration Parameters - Can be set up in boot.config
    "memorysetup-bucket-allocator-granularity=16"
    "memorysetup-bucket-allocator-bucket-count=8"
    "memorysetup-bucket-allocator-block-size=33554432"
    "memorysetup-bucket-allocator-block-count=8"
    "memorysetup-main-allocator-block-size=16777216"
    "memorysetup-thread-allocator-block-size=16777216"
    "memorysetup-gfx-main-allocator-block-size=16777216"
    "memorysetup-gfx-thread-allocator-block-size=16777216"
    "memorysetup-cache-allocator-block-size=4194304"
    "memorysetup-typetree-allocator-block-size=2097152"
    "memorysetup-profiler-bucket-allocator-granularity=16"
    "memorysetup-profiler-bucket-allocator-bucket-count=8"
    "memorysetup-profiler-bucket-allocator-block-size=33554432"
    "memorysetup-profiler-bucket-allocator-block-count=8"
    "memorysetup-profiler-allocator-block-size=16777216"
    "memorysetup-profiler-editor-allocator-block-size=1048576"
    "memorysetup-temp-allocator-size-main=16777216"
    "memorysetup-job-temp-allocator-block-size=2097152"
    "memorysetup-job-temp-allocator-block-size-background=1048576"
    "memorysetup-job-temp-allocator-reduction-small-platforms=262144"
    "memorysetup-temp-allocator-size-background-worker=32768"
    "memorysetup-temp-allocator-size-job-worker=262144"
    "memorysetup-temp-allocator-size-preload-manager=33554432"
    "memorysetup-temp-allocator-size-nav-mesh-worker=65536"
    "memorysetup-temp-allocator-size-audio-worker=65536"
    "memorysetup-temp-allocator-size-cloud-worker=32768"
    "memorysetup-temp-allocator-size-gi-baking-worker=262144"
    "memorysetup-temp-allocator-size-gfx=262144"
Player connection [10164] Host "[IP] 192.168.77.67 [Port] 0 [Flags] 2 [Guid] 605576082 [EditorId] 605576082 [Version] 1048832 [Id] WindowsEditor(7,LAPTOP-P1N96CT3) [Debug] 1 [PackageName] WindowsEditor [ProjectName] Editor" joined multi-casting on [225.0.0.222:54997]...

Player connection [10164] Host "[IP] 192.168.77.67 [Port] 0 [Flags] 2 [Guid] 605576082 [EditorId] 605576082 [Version] 1048832 [Id] WindowsEditor(7,LAPTOP-P1N96CT3) [Debug] 1 [PackageName] WindowsEditor [ProjectName] Editor" joined alternative multi-casting on [225.0.0.222:34997]...

Refreshing native plugins compatible for Editor in 91.98 ms, found 4 plugins.
Preloading 0 native plugins for Editor in 0.00 ms.
Initialize engine version: 2021.3.15f1 (e8e88683f834)
[Subsystems] Discovering subsystems at path C:/Program Files/Unity/Hub/Editor/2021.3.15f1/Editor/Data/Resources/UnitySubsystems
[Subsystems] Discovering subsystems at path D:/DATOS/Documents/Unity/PRIA/GeneracionProcedural01/Assets
GfxDevice: creating device client; threaded=0; jobified=0
Direct3D:
    Version:  Direct3D 11.0 [level 11.1]
    Renderer: AMD Radeon(TM) Graphics (ID=0x1636)
    Vendor:   ATI
    VRAM:     7870 MB
    Driver:   27.20.11032.5001
Initialize mono
Mono path[0] = 'C:/Program Files/Unity/Hub/Editor/2021.3.15f1/Editor/Data/Managed'
Mono path[1] = 'C:/Program Files/Unity/Hub/Editor/2021.3.15f1/Editor/Data/MonoBleedingEdge/lib/mono/unityjit-win32'
Mono config path = 'C:/Program Files/Unity/Hub/Editor/2021.3.15f1/Editor/Data/MonoBleedingEdge/etc'
Using monoOptions --debugger-agent=transport=dt_socket,embedding=1,server=y,suspend=n,address=127.0.0.1:56212
Begin MonoManager ReloadAssembly
Registering precompiled unity dll's ...
Register platform support module: C:/Program Files/Unity/Hub/Editor/2021.3.15f1/Editor/Data/PlaybackEngines/AndroidPlayer/UnityEditor.Android.Extensions.dll
Register platform support module: C:/Program Files/Unity/Hub/Editor/2021.3.15f1/Editor/Data/PlaybackEngines/WindowsStandaloneSupport/UnityEditor.WindowsStandalone.Extensions.dll
Registered in 0.004424 seconds.
Native extension for WindowsStandalone target not found
Native extension for Android target not found
Refreshing native plugins compatible for Editor in 91.94 ms, found 4 plugins.
Preloading 0 native plugins for Editor in 0.00 ms.
Mono: successfully reloaded assembly
- Completed reload, in  0.634 seconds
Domain Reload Profiling:
	ReloadAssembly (635ms)
		BeginReloadAssembly (66ms)
			ExecutionOrderSort (0ms)
			DisableScriptedObjects (0ms)
			BackupInstance (0ms)
			ReleaseScriptingObjects (0ms)
			CreateAndSetChildDomain (1ms)
		EndReloadAssembly (467ms)
			LoadAssemblies (64ms)
			RebuildTransferFunctionScriptingTraits (0ms)
			SetupTypeCache (105ms)
			ReleaseScriptCaches (0ms)
			RebuildScriptCaches (29ms)
			SetupLoadedEditorAssemblies (286ms)
				LogAssemblyErrors (0ms)
				InitializePlatformSupportModulesInManaged (55ms)
				SetLoadedEditorAssemblies (0ms)
				RefreshPlugins (92ms)
				BeforeProcessingInitializeOnLoad (1ms)
				ProcessInitializeOnLoadAttributes (94ms)
				ProcessInitializeOnLoadMethodAttributes (44ms)
				AfterProcessingInitializeOnLoad (0ms)
				EditorAssembliesLoaded (0ms)
			ExecutionOrderSort2 (0ms)
			AwakeInstancesAfterBackupRestoration (0ms)
Platform modules already initialized, skipping
Registering precompiled user dll's ...
Registered in 0.004213 seconds.
Begin MonoManager ReloadAssembly
Symbol file LoadedFromMemory doesn't match image D:\DATOS\Documents\Unity\PRIA\GeneracionProcedural01\Library\PackageCache\com.unity.visualscripting@1.7.8\Editor\VisualScripting.Core\Dependencies\YamlDotNet\Unity.VisualScripting.YamlDotNet.dll
Symbol file LoadedFromMemory doesn't match image D:\DATOS\Documents\Unity\PRIA\GeneracionProcedural01\Library\PackageCache\com.unity.visualscripting@1.7.8\Editor\VisualScripting.Core\Dependencies\DotNetZip\Unity.VisualScripting.IonicZip.dll
Native extension for WindowsStandalone target not found
Native extension for Android target not found
Refreshing native plugins compatible for Editor in 86.99 ms, found 4 plugins.
Preloading 0 native plugins for Editor in 0.00 ms.
Mono: successfully reloaded assembly
- Completed reload, in  1.430 seconds
Domain Reload Profiling:
	ReloadAssembly (1431ms)
		BeginReloadAssembly (217ms)
			ExecutionOrderSort (0ms)
			DisableScriptedObjects (8ms)
			BackupInstance (0ms)
			ReleaseScriptingObjects (0ms)
			CreateAndSetChildDomain (127ms)
		EndReloadAssembly (1106ms)
			LoadAssemblies (77ms)
			RebuildTransferFunctionScriptingTraits (0ms)
			SetupTypeCache (263ms)
			ReleaseScriptCaches (1ms)
			RebuildScriptCaches (58ms)
			SetupLoadedEditorAssemblies (662ms)
				LogAssemblyErrors (0ms)
				InitializePlatformSupportModulesInManaged (12ms)
				SetLoadedEditorAssemblies (0ms)
				RefreshPlugins (87ms)
				BeforeProcessingInitializeOnLoad (94ms)
				ProcessInitializeOnLoadAttributes (417ms)
				ProcessInitializeOnLoadMethodAttributes (44ms)
				AfterProcessingInitializeOnLoad (8ms)
				EditorAssembliesLoaded (0ms)
			ExecutionOrderSort2 (0ms)
			AwakeInstancesAfterBackupRestoration (5ms)
Platform modules already initialized, skipping
========================================================================
Worker process is ready to serve import requests
Launched and connected shader compiler UnityShaderCompiler.exe after 0.04 seconds
Refreshing native plugins compatible for Editor in 0.78 ms, found 4 plugins.
Preloading 0 native plugins for Editor in 0.00 ms.
Unloading 4053 Unused Serialized files (Serialized files now loaded: 0)
Unloading 38 unused Assets / (56.0 KB). Loaded Objects now: 4511.
Memory consumption went from 150.9 MB to 150.8 MB.
Total: 4.073000 ms (FindLiveObjects: 0.364000 ms CreateObjectMapping: 0.114600 ms MarkObjects: 3.506600 ms  DeleteObjects: 0.086700 ms)

AssetImportParameters requested are different than current active one (requested -> active):
  custom:video-decoder-ogg-theora: a1e56fd34408186e4bbccfd4996cb3dc -> 
  custom:container-muxer-webm: aa71ff27fc2769a1b78a27578f13a17b -> 
  custom:container-demuxer-webm: 4f35f7cbe854078d1ac9338744f61a02 -> 
  custom:video-encoder-webm-vp8: eb34c28f22e8b96e1ab97ce403110664 -> 
  custom:video-codec-MediaFoundation-h265: 746d11721c4dcdbdad8f713fa42b33f4 -> 
  custom:audio-encoder-webm-vorbis: bf7c407c2cedff20999df2af8eb42d56 -> 
  custom:framework-win-MediaFoundation: 216162199b28c13a410421893ffa2e32 -> 
  custom:container-demuxer-ogg: 62fdf1f143b41e24485cea50d1cbac27 -> 
  custom:video-decoder-webm-vp8: 9c59270c3fd7afecdb556c50c9e8de78 -> 
  custom:audio-decoder-ogg-vorbis: bf7c407c2cedff20999df2af8eb42d56 -> 
========================================================================
Received Import Request.
  Time since last request: 897942.193959 seconds.
  path: Assets/Scenes/PerlinNoise.unity
  artifactKey: Guid(f4e64fb0a763e8f428c84f29bb7354f8) Importer(815301076,1909f56bfc062723c751e8b465ee728b)
Start importing Assets/Scenes/PerlinNoise.unity using Guid(f4e64fb0a763e8f428c84f29bb7354f8) Importer(815301076,1909f56bfc062723c751e8b465ee728b)  -> (artifact id: 'f38670760d34a7f7e97bb3a5e2893aa3') in 0.015052 seconds 
========================================================================
Received Import Request.
  Time since last request: 11.853794 seconds.
  path: Assets/Scenes/SampleScene.unity
  artifactKey: Guid(2cda990e2423bbf4892e6590ba056729) Importer(815301076,1909f56bfc062723c751e8b465ee728b)
Start importing Assets/Scenes/SampleScene.unity using Guid(2cda990e2423bbf4892e6590ba056729) Importer(815301076,1909f56bfc062723c751e8b465ee728b)  -> (artifact id: 'c940e143c3f4e13f98d77ecae9f1bdaa') in 0.009137 seconds 
========================================================================
Received Import Request.
  Time since last request: 15.622228 seconds.
  path: Assets/Scenes/ProceduralGeneration.unity
  artifactKey: Guid(2cda990e2423bbf4892e6590ba056729) Importer(815301076,1909f56bfc062723c751e8b465ee728b)
Start importing Assets/Scenes/ProceduralGeneration.unity using Guid(2cda990e2423bbf4892e6590ba056729) Importer(815301076,1909f56bfc062723c751e8b465ee728b)  -> (artifact id: '8f4814ac7b95c9913f4a26a2e0d33a9d') in 0.007847 seconds 
========================================================================
Received Import Request.
  Time since last request: 416.332851 seconds.
  path: Assets/Backyard - Free/Separate Tiles/backyard_00.png
  artifactKey: Guid(c347206643c0d514294fd0eb5d4d3496) Importer(815301076,1909f56bfc062723c751e8b465ee728b)
Start importing Assets/Backyard - Free/Separate Tiles/backyard_00.png using Guid(c347206643c0d514294fd0eb5d4d3496) Importer(815301076,1909f56bfc062723c751e8b465ee728b)  -> (artifact id: '0c2a29880f8a66b7ed8c3bbafa0fac67') in 0.107890 seconds 
========================================================================
Received Import Request.
  Time since last request: 0.000034 seconds.
  path: Assets/Backyard - Free/Separate Tiles/backyard_86.png
  artifactKey: Guid(1cdb1cb2052a68243bef8ea022f8ac35) Importer(815301076,1909f56bfc062723c751e8b465ee728b)
Start importing Assets/Backyard - Free/Separate Tiles/backyard_86.png using Guid(1cdb1cb2052a68243bef8ea022f8ac35) Importer(815301076,1909f56bfc062723c751e8b465ee728b)  -> (artifact id: '4825b820c54dcc9e0875f576f4f12c31') in 0.017172 seconds 
========================================================================
Received Import Request.
  Time since last request: 0.000044 seconds.
  path: Assets/Backyard - Free/Separate Tiles/backyard_10.png
  artifactKey: Guid(abc41e6a37abfe447bd7940b10ada078) Importer(815301076,1909f56bfc062723c751e8b465ee728b)
Start importing Assets/Backyard - Free/Separate Tiles/backyard_10.png using Guid(abc41e6a37abfe447bd7940b10ada078) Importer(815301076,1909f56bfc062723c751e8b465ee728b)  -> (artifact id: '410184e90a3a07318c738e7e518605de') in 0.021469 seconds 
========================================================================
Received Import Request.
  Time since last request: 0.000034 seconds.
  path: Assets/Backyard - Free/Separate Tiles/backyard_73.png
  artifactKey: Guid(474f3a4a4243b4b42bcabd4d7bb8ca25) Importer(815301076,1909f56bfc062723c751e8b465ee728b)
Start importing Assets/Backyard - Free/Separate Tiles/backyard_73.png using Guid(474f3a4a4243b4b42bcabd4d7bb8ca25) Importer(815301076,1909f56bfc062723c751e8b465ee728b)  -> (artifact id: '4936864dc7e59474c1f470b639f24a99') in 0.019352 seconds 
========================================================================
Received Import Request.
  Time since last request: 0.000081 seconds.
  path: Assets/Backyard - Free/Separate Tiles/backyard_78.png
  artifactKey: Guid(a8dd380600893a344bded38f6f49b61f) Importer(815301076,1909f56bfc062723c751e8b465ee728b)
Start importing Assets/Backyard - Free/Separate Tiles/backyard_78.png using Guid(a8dd380600893a344bded38f6f49b61f) Importer(815301076,1909f56bfc062723c751e8b465ee728b)  -> (artifact id: 'eb25e2b2ff77bec5a916f466dbdb085e') in 0.021423 seconds 
========================================================================
Received Import Request.
  Time since last request: 0.000051 seconds.
  path: Assets/Backyard - Free/Separate Tiles/backyard_88.png
  artifactKey: Guid(4385a494ddd086c468943b352deb1554) Importer(815301076,1909f56bfc062723c751e8b465ee728b)
Start importing Assets/Backyard - Free/Separate Tiles/backyard_88.png using Guid(4385a494ddd086c468943b352deb1554) Importer(815301076,1909f56bfc062723c751e8b465ee728b)  -> (artifact id: 'f2471f802fb92b346c0b6754dd0f07d1') in 0.025164 seconds 
========================================================================
Received Import Request.
  Time since last request: 0.000105 seconds.
  path: Assets/Backyard - Free/Separate Tiles/backyard_52.png
  artifactKey: Guid(49a26650cd0a7bc40b10934d233e17fc) Importer(815301076,1909f56bfc062723c751e8b465ee728b)
Start importing Assets/Backyard - Free/Separate Tiles/backyard_52.png using Guid(49a26650cd0a7bc40b10934d233e17fc) Importer(815301076,1909f56bfc062723c751e8b465ee728b)  -> (artifact id: 'de98b8e882a1f7633c8ec1b163b152a8') in 0.022465 seconds 
========================================================================
Received Import Request.
  Time since last request: 0.000038 seconds.
  path: Assets/Backyard - Free/Separate Tiles/backyard_12.png
  artifactKey: Guid(af7001716e952f84a8d7235196e0a2a1) Importer(815301076,1909f56bfc062723c751e8b465ee728b)
Start importing Assets/Backyard - Free/Separate Tiles/backyard_12.png using Guid(af7001716e952f84a8d7235196e0a2a1) Importer(815301076,1909f56bfc062723c751e8b465ee728b)  -> (artifact id: 'c00d23b683d7e2d79a7094f0f1c6c42e') in 0.018221 seconds 
========================================================================
Received Import Request.
  Time since last request: 0.000048 seconds.
  path: Assets/Backyard - Free/Separate Tiles/backyard_11.png
  artifactKey: Guid(ea1c3cc273e5e3d498a66216e63667b3) Importer(815301076,1909f56bfc062723c751e8b465ee728b)
Start importing Assets/Backyard - Free/Separate Tiles/backyard_11.png using Guid(ea1c3cc273e5e3d498a66216e63667b3) Importer(815301076,1909f56bfc062723c751e8b465ee728b)  -> (artifact id: 'ac45bcd4c56b2be375e3ad675cba06eb') in 0.014363 seconds 
========================================================================
Received Import Request.
  Time since last request: 0.000028 seconds.
  path: Assets/Backyard - Free/Separate Tiles/backyard_13.png
  artifactKey: Guid(b9ef438332f6be841b3d76dba518ffd0) Importer(815301076,1909f56bfc062723c751e8b465ee728b)
Start importing Assets/Backyard - Free/Separate Tiles/backyard_13.png using Guid(b9ef438332f6be841b3d76dba518ffd0) Importer(815301076,1909f56bfc062723c751e8b465ee728b)  -> (artifact id: '91d166dc7a374ad0ba9c6fc3e33a8df2') in 0.016042 seconds 
========================================================================
Received Import Request.
  Time since last request: 0.000041 seconds.
  path: Assets/Backyard - Free/Separate Tiles/backyard_87.png
  artifactKey: Guid(527bcc792a998d243bab159bf7985ae8) Importer(815301076,1909f56bfc062723c751e8b465ee728b)
Start importing Assets/Backyard - Free/Separate Tiles/backyard_87.png using Guid(527bcc792a998d243bab159bf7985ae8) Importer(815301076,1909f56bfc062723c751e8b465ee728b)  -> (artifact id: '3193214a39fdaa4f7be0fe3fb75c32ab') in 0.015554 seconds 
========================================================================
Received Import Request.
  Time since last request: 0.000034 seconds.
  path: Assets/Backyard - Free/Separate Tiles/backyard_24.png
  artifactKey: Guid(99fc28874c327594b9c63c34e154b55c) Importer(815301076,1909f56bfc062723c751e8b465ee728b)
Start importing Assets/Backyard - Free/Separate Tiles/backyard_24.png using Guid(99fc28874c327594b9c63c34e154b55c) Importer(815301076,1909f56bfc062723c751e8b465ee728b)  -> (artifact id: 'd48b7458f4fa745f76540ac0053399bf') in 0.013831 seconds 
========================================================================
Received Import Request.
  Time since last request: 0.000043 seconds.
  path: Assets/Backyard - Free/Separate Tiles/backyard_82.png
  artifactKey: Guid(b7f413274354389469cd9c3b39f0d401) Importer(815301076,1909f56bfc062723c751e8b465ee728b)
Start importing Assets/Backyard - Free/Separate Tiles/backyard_82.png using Guid(b7f413274354389469cd9c3b39f0d401) Importer(815301076,1909f56bfc062723c751e8b465ee728b)  -> (artifact id: '4cd690c08abf0b5ae78200d7c43110e7') in 0.018573 seconds 
========================================================================
Received Import Request.
  Time since last request: 0.000055 seconds.
  path: Assets/Backyard - Free/Separate Tiles/backyard_02.png
  artifactKey: Guid(2c18d1813288f694d9da137955f8ac7b) Importer(815301076,1909f56bfc062723c751e8b465ee728b)
Start importing Assets/Backyard - Free/Separate Tiles/backyard_02.png using Guid(2c18d1813288f694d9da137955f8ac7b) Importer(815301076,1909f56bfc062723c751e8b465ee728b)  -> (artifact id: '4f4712eda46aa377f20102e484b0bbfb') in 0.019834 seconds 
========================================================================
Received Import Request.
  Time since last request: 0.000041 seconds.
  path: Assets/Backyard - Free/Separate Tiles/backyard_84.png
  artifactKey: Guid(0cf005c00ba921b4481b1ac2778dd184) Importer(815301076,1909f56bfc062723c751e8b465ee728b)
Start importing Assets/Backyard - Free/Separate Tiles/backyard_84.png using Guid(0cf005c00ba921b4481b1ac2778dd184) Importer(815301076,1909f56bfc062723c751e8b465ee728b)  -> (artifact id: '7cd44791f599995da860330407ada02a') in 0.020565 seconds 
========================================================================
Received Import Request.
  Time since last request: 0.000033 seconds.
  path: Assets/Backyard - Free/Separate Tiles/backyard_08.png
  artifactKey: Guid(cd4b9e5d5e4660345a592a3519575b75) Importer(815301076,1909f56bfc062723c751e8b465ee728b)
Start importing Assets/Backyard - Free/Separate Tiles/backyard_08.png using Guid(cd4b9e5d5e4660345a592a3519575b75) Importer(815301076,1909f56bfc062723c751e8b465ee728b)  -> (artifact id: '72b1f4a31b75b435ba8b292e2f0e845b') in 0.018458 seconds 
========================================================================
Received Import Request.
  Time since last request: 0.000030 seconds.
  path: Assets/Backyard - Free/Separate Tiles/backyard_33.png
  artifactKey: Guid(67ef83aae3a88bf488ae817e65e114d6) Importer(815301076,1909f56bfc062723c751e8b465ee728b)
Start importing Assets/Backyard - Free/Separate Tiles/backyard_33.png using Guid(67ef83aae3a88bf488ae817e65e114d6) Importer(815301076,1909f56bfc062723c751e8b465ee728b)  -> (artifact id: '1870975d59cdcab77955da8b4da830ed') in 0.020918 seconds 
========================================================================
Received Import Request.
  Time since last request: 0.000036 seconds.
  path: Assets/Backyard - Free/Separate Tiles/backyard_83.png
  artifactKey: Guid(6efb0da6bb3739a449a673e493f97d3f) Importer(815301076,1909f56bfc062723c751e8b465ee728b)
Start importing Assets/Backyard - Free/Separate Tiles/backyard_83.png using Guid(6efb0da6bb3739a449a673e493f97d3f) Importer(815301076,1909f56bfc062723c751e8b465ee728b)  -> (artifact id: '0bebaf58c43254594d6537082ee5919f') in 0.020142 seconds 
========================================================================
Received Import Request.
  Time since last request: 0.000081 seconds.
  path: Assets/Backyard - Free/Separate Tiles/backyard_58.png
  artifactKey: Guid(82ce83036d4857d4399350c3e19e3dc8) Importer(815301076,1909f56bfc062723c751e8b465ee728b)
Start importing Assets/Backyard - Free/Separate Tiles/backyard_58.png using Guid(82ce83036d4857d4399350c3e19e3dc8) Importer(815301076,1909f56bfc062723c751e8b465ee728b)  -> (artifact id: '476eabf639f7a29c57111869072cbfd2') in 0.019346 seconds 
========================================================================
Received Import Request.
  Time since last request: 0.000026 seconds.
  path: Assets/Backyard - Free/Separate Tiles/backyard_17.png
  artifactKey: Guid(2cb5b3997015e3448be0b1e6c527e44d) Importer(815301076,1909f56bfc062723c751e8b465ee728b)
Start importing Assets/Backyard - Free/Separate Tiles/backyard_17.png using Guid(2cb5b3997015e3448be0b1e6c527e44d) Importer(815301076,1909f56bfc062723c751e8b465ee728b)  -> (artifact id: '1ad0724cac535c367be02cbf7dae5480') in 0.019763 seconds 
========================================================================
Received Import Request.
  Time since last request: 0.000087 seconds.
  path: Assets/Backyard - Free/Separate Tiles/backyard_69.png
  artifactKey: Guid(9e7139d7efb31ac4db817260f4bde6b1) Importer(815301076,1909f56bfc062723c751e8b465ee728b)
Start importing Assets/Backyard - Free/Separate Tiles/backyard_69.png using Guid(9e7139d7efb31ac4db817260f4bde6b1) Importer(815301076,1909f56bfc062723c751e8b465ee728b)  -> (artifact id: '2cdcfbacd5d762a32e73ffa64a5a884d') in 0.016370 seconds 
========================================================================
Received Import Request.
  Time since last request: 0.000028 seconds.
  path: Assets/Backyard - Free/Separate Tiles/backyard_32.png
  artifactKey: Guid(9cc9ef331801669419d571f6d9aa30e1) Importer(815301076,1909f56bfc062723c751e8b465ee728b)
Start importing Assets/Backyard - Free/Separate Tiles/backyard_32.png using Guid(9cc9ef331801669419d571f6d9aa30e1) Importer(815301076,1909f56bfc062723c751e8b465ee728b)  -> (artifact id: 'd1bffb92b93f16e39de43161904cec7e') in 0.014778 seconds 
========================================================================
Received Import Request.
  Time since last request: 0.000031 seconds.
  path: Assets/Backyard - Free/Separate Tiles/backyard_89.png
  artifactKey: Guid(e4f5b4cb5a11d49449e7ca80969aed85) Importer(815301076,1909f56bfc062723c751e8b465ee728b)
Start importing Assets/Backyard - Free/Separate Tiles/backyard_89.png using Guid(e4f5b4cb5a11d49449e7ca80969aed85) Importer(815301076,1909f56bfc062723c751e8b465ee728b)  -> (artifact id: '8aa6c6551ac327b9567c29a3ec921db1') in 0.016930 seconds 
========================================================================
Received Import Request.
  Time since last request: 0.000051 seconds.
  path: Assets/Backyard - Free/Separate Tiles/backyard_35.png
  artifactKey: Guid(783682e92230f094caa78a76ad680c88) Importer(815301076,1909f56bfc062723c751e8b465ee728b)
Start importing Assets/Backyard - Free/Separate Tiles/backyard_35.png using Guid(783682e92230f094caa78a76ad680c88) Importer(815301076,1909f56bfc062723c751e8b465ee728b)  -> (artifact id: '2077c5b9778c2b099a42dff27d796739') in 0.015935 seconds 
========================================================================
Received Import Request.
  Time since last request: 0.000032 seconds.
  path: Assets/Backyard - Free/Separate Tiles/backyard_70.png
  artifactKey: Guid(760042eda3b2cc9438b3d08427ac7c6f) Importer(815301076,1909f56bfc062723c751e8b465ee728b)
Start importing Assets/Backyard - Free/Separate Tiles/backyard_70.png using Guid(760042eda3b2cc9438b3d08427ac7c6f) Importer(815301076,1909f56bfc062723c751e8b465ee728b)  -> (artifact id: '6c6b5ff3772bfbb45bb5bf346aa59cac') in 0.022492 seconds 
========================================================================
Received Import Request.
  Time since last request: 0.000026 seconds.
  path: Assets/Backyard - Free/Separate Tiles/backyard_41.png
  artifactKey: Guid(c5d66a7f73222ba419fc16b17cacddff) Importer(815301076,1909f56bfc062723c751e8b465ee728b)
Start importing Assets/Backyard - Free/Separate Tiles/backyard_41.png using Guid(c5d66a7f73222ba419fc16b17cacddff) Importer(815301076,1909f56bfc062723c751e8b465ee728b)  -> (artifact id: 'e47e3a52c321a5ae7e43b7ec38d03665') in 0.016085 seconds 
========================================================================
Received Import Request.
  Time since last request: 0.000024 seconds.
  path: Assets/Backyard - Free/Separate Tiles/backyard_22.png
  artifactKey: Guid(5206e60aae2b34244af2a47248cfdfc6) Importer(815301076,1909f56bfc062723c751e8b465ee728b)
Start importing Assets/Backyard - Free/Separate Tiles/backyard_22.png using Guid(5206e60aae2b34244af2a47248cfdfc6) Importer(815301076,1909f56bfc062723c751e8b465ee728b)  -> (artifact id: 'f2ea6172f8cc547864556f9d0ee69d43') in 0.019998 seconds 
========================================================================
Received Import Request.
  Time since last request: 0.000026 seconds.
  path: Assets/Backyard - Free/Separate Tiles/backyard_72.png
  artifactKey: Guid(ab64df380b21a7d448545aaa05016704) Importer(815301076,1909f56bfc062723c751e8b465ee728b)
Start importing Assets/Backyard - Free/Separate Tiles/backyard_72.png using Guid(ab64df380b21a7d448545aaa05016704) Importer(815301076,1909f56bfc062723c751e8b465ee728b)  -> (artifact id: '98991cb802fc3428f41806eeabbee505') in 0.017948 seconds 
========================================================================
Received Import Request.
  Time since last request: 0.000027 seconds.
  path: Assets/Backyard - Free/Separate Tiles/backyard_38.png
  artifactKey: Guid(aa80801e523985e4b9cc2dbc3143cd93) Importer(815301076,1909f56bfc062723c751e8b465ee728b)
Start importing Assets/Backyard - Free/Separate Tiles/backyard_38.png using Guid(aa80801e523985e4b9cc2dbc3143cd93) Importer(815301076,1909f56bfc062723c751e8b465ee728b)  -> (artifact id: 'a8a4be073e6d9b45806be1b37b2f2f3c') in 0.021433 seconds 
========================================================================
Received Import Request.
  Time since last request: 0.000038 seconds.
  path: Assets/Backyard - Free/Separate Tiles/backyard_53.png
  artifactKey: Guid(e1f32f634a6500a499221b09ac9b5a28) Importer(815301076,1909f56bfc062723c751e8b465ee728b)
Start importing Assets/Backyard - Free/Separate Tiles/backyard_53.png using Guid(e1f32f634a6500a499221b09ac9b5a28) Importer(815301076,1909f56bfc062723c751e8b465ee728b)  -> (artifact id: 'b4bd9b419973bbd12a020cdc447b54d4') in 0.020918 seconds 
========================================================================
Received Import Request.
  Time since last request: 0.000042 seconds.
  path: Assets/Backyard - Free/Separate Tiles/backyard_65.png
  artifactKey: Guid(fd006a5012332a440a42b89c9e457c5c) Importer(815301076,1909f56bfc062723c751e8b465ee728b)
Start importing Assets/Backyard - Free/Separate Tiles/backyard_65.png using Guid(fd006a5012332a440a42b89c9e457c5c) Importer(815301076,1909f56bfc062723c751e8b465ee728b)  -> (artifact id: 'aedf13750c94d3d2f7b5e5c553dbdc4b') in 0.018411 seconds 
========================================================================
Received Import Request.
  Time since last request: 0.000028 seconds.
  path: Assets/Backyard - Free/Separate Tiles/backyard_09.png
  artifactKey: Guid(d7aa5d4e4508d8f4a9a23867b772fcc3) Importer(815301076,1909f56bfc062723c751e8b465ee728b)
Start importing Assets/Backyard - Free/Separate Tiles/backyard_09.png using Guid(d7aa5d4e4508d8f4a9a23867b772fcc3) Importer(815301076,1909f56bfc062723c751e8b465ee728b)  -> (artifact id: '04ea6892977ea013693b7f8fb5648bcb') in 0.021028 seconds 
========================================================================
Received Import Request.
  Time since last request: 0.000023 seconds.
  path: Assets/Backyard - Free/Separate Tiles/backyard_29.png
  artifactKey: Guid(1c674cdf17c481a42a8f773af444af80) Importer(815301076,1909f56bfc062723c751e8b465ee728b)
Start importing Assets/Backyard - Free/Separate Tiles/backyard_29.png using Guid(1c674cdf17c481a42a8f773af444af80) Importer(815301076,1909f56bfc062723c751e8b465ee728b)  -> (artifact id: '6bc327c414c4e6ff0fa3e8ab55cfa930') in 0.018142 seconds 
========================================================================
Received Import Request.
  Time since last request: 0.000100 seconds.
  path: Assets/Backyard - Free/Separate Tiles/backyard_79.png
  artifactKey: Guid(62467bfb66dedf74991b5fd6dff5ae76) Importer(815301076,1909f56bfc062723c751e8b465ee728b)
Start importing Assets/Backyard - Free/Separate Tiles/backyard_79.png using Guid(62467bfb66dedf74991b5fd6dff5ae76) Importer(815301076,1909f56bfc062723c751e8b465ee728b)  -> (artifact id: '5d049c1f2fb866564daddbb241b81790') in 0.018229 seconds 
========================================================================
Received Import Request.
  Time since last request: 0.000035 seconds.
  path: Assets/Backyard - Free/Separate Tiles/backyard_46.png
  artifactKey: Guid(6b43ec4dfe919bf4b908d451c15bd906) Importer(815301076,1909f56bfc062723c751e8b465ee728b)
Start importing Assets/Backyard - Free/Separate Tiles/backyard_46.png using Guid(6b43ec4dfe919bf4b908d451c15bd906) Importer(815301076,1909f56bfc062723c751e8b465ee728b)  -> (artifact id: 'a9bd73c1c6eadaf37e87a56c3fdd2b08') in 0.018624 seconds 
========================================================================
Received Import Request.
  Time since last request: 0.000035 seconds.
  path: Assets/Backyard - Free/Separate Tiles/backyard_60.png
  artifactKey: Guid(1be9866399d849743a6f123a3994d4e9) Importer(815301076,1909f56bfc062723c751e8b465ee728b)
Start importing Assets/Backyard - Free/Separate Tiles/backyard_60.png using Guid(1be9866399d849743a6f123a3994d4e9) Importer(815301076,1909f56bfc062723c751e8b465ee728b)  -> (artifact id: '2e5ce51d4df6b5d19a20f25723ac9530') in 0.019173 seconds 
========================================================================
Received Import Request.
  Time since last request: 0.000080 seconds.
  path: Assets/Backyard - Free/Separate Tiles/backyard_48.png
  artifactKey: Guid(fdabe0ae1d137074ea13909d8266426a) Importer(815301076,1909f56bfc062723c751e8b465ee728b)
Start importing Assets/Backyard - Free/Separate Tiles/backyard_48.png using Guid(fdabe0ae1d137074ea13909d8266426a) Importer(815301076,1909f56bfc062723c751e8b465ee728b)  -> (artifact id: 'c81722c315aeb8ecfb25ca425f6bb28c') in 0.018669 seconds 
========================================================================
Received Import Request.
  Time since last request: 0.000044 seconds.
  path: Assets/Backyard - Free/Separate Tiles/backyard_66.png
  artifactKey: Guid(dfe6785ab150cd045aad2155d94cdc9b) Importer(815301076,1909f56bfc062723c751e8b465ee728b)
Start importing Assets/Backyard - Free/Separate Tiles/backyard_66.png using Guid(dfe6785ab150cd045aad2155d94cdc9b) Importer(815301076,1909f56bfc062723c751e8b465ee728b)  -> (artifact id: '2121d8e597502fb88f50335a8be531b0') in 0.018763 seconds 
========================================================================
Received Import Request.
  Time since last request: 0.000168 seconds.
  path: Assets/Backyard - Free/Separate Tiles/backyard_25.png
  artifactKey: Guid(80e81e7ae0024564c94c590585ff469d) Importer(815301076,1909f56bfc062723c751e8b465ee728b)
Start importing Assets/Backyard - Free/Separate Tiles/backyard_25.png using Guid(80e81e7ae0024564c94c590585ff469d) Importer(815301076,1909f56bfc062723c751e8b465ee728b)  -> (artifact id: 'ce405a3b71cfc436d2909c0ca671c5c6') in 0.021632 seconds 
========================================================================
Received Import Request.
  Time since last request: 0.000047 seconds.
  path: Assets/Backyard - Free/Separate Tiles/backyard_14.png
  artifactKey: Guid(6baf1dd5f5bf82d48a7feeb586e70e89) Importer(815301076,1909f56bfc062723c751e8b465ee728b)
Start importing Assets/Backyard - Free/Separate Tiles/backyard_14.png using Guid(6baf1dd5f5bf82d48a7feeb586e70e89) Importer(815301076,1909f56bfc062723c751e8b465ee728b)  -> (artifact id: '34d466379b21d878970efc7f42b65940') in 0.020415 seconds 
========================================================================
Received Import Request.
  Time since last request: 0.000038 seconds.
  path: Assets/Backyard - Free/Separate Tiles/backyard_18.png
  artifactKey: Guid(90e2a2fb7799afe42863cc856b18c9c6) Importer(815301076,1909f56bfc062723c751e8b465ee728b)
Start importing Assets/Backyard - Free/Separate Tiles/backyard_18.png using Guid(90e2a2fb7799afe42863cc856b18c9c6) Importer(815301076,1909f56bfc062723c751e8b465ee728b)  -> (artifact id: '7a1b973cda2106003721c9763287173f') in 0.019458 seconds 
========================================================================
Received Import Request.
  Time since last request: 0.000107 seconds.
  path: Assets/Backyard - Free/Separate Tiles/backyard_27.png
  artifactKey: Guid(9820de1909d46a147b2e7eaca4cd6753) Importer(815301076,1909f56bfc062723c751e8b465ee728b)
Start importing Assets/Backyard - Free/Separate Tiles/backyard_27.png using Guid(9820de1909d46a147b2e7eaca4cd6753) Importer(815301076,1909f56bfc062723c751e8b465ee728b)  -> (artifact id: '5e9347af3378104f3f27f1172c33f474') in 0.020145 seconds 
========================================================================
Received Import Request.
  Time since last request: 0.000029 seconds.
  path: Assets/Backyard - Free/Separate Tiles/backyard_68.png
  artifactKey: Guid(9ef1cbe36fb9b7c4ba55f572a4d1ac59) Importer(815301076,1909f56bfc062723c751e8b465ee728b)
Start importing Assets/Backyard - Free/Separate Tiles/backyard_68.png using Guid(9ef1cbe36fb9b7c4ba55f572a4d1ac59) Importer(815301076,1909f56bfc062723c751e8b465ee728b)  -> (artifact id: 'f0e2fe45c0bf2a722ec2a0fa060c0a4f') in 0.022643 seconds 
========================================================================
Received Import Request.
  Time since last request: 0.000028 seconds.
  path: Assets/Backyard - Free/Separate Tiles/backyard_77.png
  artifactKey: Guid(8289b592a8162164aa2e1fcccee76700) Importer(815301076,1909f56bfc062723c751e8b465ee728b)
Start importing Assets/Backyard - Free/Separate Tiles/backyard_77.png using Guid(8289b592a8162164aa2e1fcccee76700) Importer(815301076,1909f56bfc062723c751e8b465ee728b)  -> (artifact id: 'e0b058fae127b0ddfb28a30d16bf9a15') in 0.022373 seconds 
========================================================================
Received Import Request.
  Time since last request: 0.000059 seconds.
  path: Assets/Backyard - Free/Separate Tiles/backyard_31.png
  artifactKey: Guid(20999c9878feaba45ad8d06e49e30af4) Importer(815301076,1909f56bfc062723c751e8b465ee728b)
Start importing Assets/Backyard - Free/Separate Tiles/backyard_31.png using Guid(20999c9878feaba45ad8d06e49e30af4) Importer(815301076,1909f56bfc062723c751e8b465ee728b)  -> (artifact id: '3e00e8815e26a29c1d7fc3738d7c7d7f') in 0.021427 seconds 
========================================================================
Received Import Request.
  Time since last request: 0.000041 seconds.
  path: Assets/Backyard - Free/Separate Tiles/backyard_50.png
  artifactKey: Guid(bc2e3d80eb9fefe4ba3e101f7d1bd66c) Importer(815301076,1909f56bfc062723c751e8b465ee728b)
Start importing Assets/Backyard - Free/Separate Tiles/backyard_50.png using Guid(bc2e3d80eb9fefe4ba3e101f7d1bd66c) Importer(815301076,1909f56bfc062723c751e8b465ee728b)  -> (artifact id: 'd47c41dedf347adc2cf88fe38c89e29a') in 0.019495 seconds 
========================================================================
Received Prepare
Registering precompiled user dll's ...
Registered in 0.004106 seconds.
Begin MonoManager ReloadAssembly
Symbol file LoadedFromMemory doesn't match image D:\DATOS\Documents\Unity\PRIA\GeneracionProcedural01\Library\PackageCache\com.unity.visualscripting@1.7.8\Editor\VisualScripting.Core\Dependencies\YamlDotNet\Unity.VisualScripting.YamlDotNet.dll
Symbol file LoadedFromMemory doesn't match image D:\DATOS\Documents\Unity\PRIA\GeneracionProcedural01\Library\PackageCache\com.unity.visualscripting@1.7.8\Editor\VisualScripting.Core\Dependencies\DotNetZip\Unity.VisualScripting.IonicZip.dll
Native extension for WindowsStandalone target not found
Native extension for Android target not found
Refreshing native plugins compatible for Editor in 1.32 ms, found 4 plugins.
Preloading 0 native plugins for Editor in 0.00 ms.
Mono: successfully reloaded assembly
- Completed reload, in  1.325 seconds
Domain Reload Profiling:
	ReloadAssembly (1326ms)
		BeginReloadAssembly (142ms)
			ExecutionOrderSort (0ms)
			DisableScriptedObjects (8ms)
			BackupInstance (0ms)
			ReleaseScriptingObjects (0ms)
			CreateAndSetChildDomain (50ms)
		EndReloadAssembly (1078ms)
			LoadAssemblies (84ms)
			RebuildTransferFunctionScriptingTraits (0ms)
			SetupTypeCache (248ms)
			ReleaseScriptCaches (1ms)
			RebuildScriptCaches (45ms)
			SetupLoadedEditorAssemblies (650ms)
				LogAssemblyErrors (0ms)
				InitializePlatformSupportModulesInManaged (25ms)
				SetLoadedEditorAssemblies (1ms)
				RefreshPlugins (1ms)
				BeforeProcessingInitializeOnLoad (67ms)
				ProcessInitializeOnLoadAttributes (498ms)
				ProcessInitializeOnLoadMethodAttributes (51ms)
				AfterProcessingInitializeOnLoad (5ms)
				EditorAssembliesLoaded (0ms)
			ExecutionOrderSort2 (0ms)
			AwakeInstancesAfterBackupRestoration (9ms)
Platform modules already initialized, skipping
Refreshing native plugins compatible for Editor in 1.96 ms, found 4 plugins.
Preloading 0 native plugins for Editor in 0.00 ms.
Unloading 4043 Unused Serialized files (Serialized files now loaded: 0)
Unloading 25 unused Assets / (24.6 KB). Loaded Objects now: 4521.
Memory consumption went from 154.7 MB to 154.6 MB.
Total: 4.201700 ms (FindLiveObjects: 0.315000 ms CreateObjectMapping: 0.101400 ms MarkObjects: 3.697200 ms  DeleteObjects: 0.085900 ms)

AssetImportParameters requested are different than current active one (requested -> active):
  custom:video-decoder-ogg-theora: a1e56fd34408186e4bbccfd4996cb3dc -> 
  custom:container-muxer-webm: aa71ff27fc2769a1b78a27578f13a17b -> 
  custom:container-demuxer-webm: 4f35f7cbe854078d1ac9338744f61a02 -> 
  custom:video-encoder-webm-vp8: eb34c28f22e8b96e1ab97ce403110664 -> 
  custom:video-codec-MediaFoundation-h265: 746d11721c4dcdbdad8f713fa42b33f4 -> 
  custom:audio-encoder-webm-vorbis: bf7c407c2cedff20999df2af8eb42d56 -> 
  custom:framework-win-MediaFoundation: 216162199b28c13a410421893ffa2e32 -> 
  custom:container-demuxer-ogg: 62fdf1f143b41e24485cea50d1cbac27 -> 
  custom:video-decoder-webm-vp8: 9c59270c3fd7afecdb556c50c9e8de78 -> 
  custom:audio-decoder-ogg-vorbis: bf7c407c2cedff20999df2af8eb42d56 -> 
========================================================================
Received Prepare
Registering precompiled user dll's ...
Registered in 0.005542 seconds.
Begin MonoManager ReloadAssembly
Symbol file LoadedFromMemory doesn't match image D:\DATOS\Documents\Unity\PRIA\GeneracionProcedural01\Library\PackageCache\com.unity.visualscripting@1.7.8\Editor\VisualScripting.Core\Dependencies\YamlDotNet\Unity.VisualScripting.YamlDotNet.dll
Symbol file LoadedFromMemory doesn't match image D:\DATOS\Documents\Unity\PRIA\GeneracionProcedural01\Library\PackageCache\com.unity.visualscripting@1.7.8\Editor\VisualScripting.Core\Dependencies\DotNetZip\Unity.VisualScripting.IonicZip.dll
Native extension for WindowsStandalone target not found
Native extension for Android target not found
Refreshing native plugins compatible for Editor in 0.89 ms, found 4 plugins.
Preloading 0 native plugins for Editor in 0.00 ms.
Mono: successfully reloaded assembly
- Completed reload, in  1.713 seconds
Domain Reload Profiling:
	ReloadAssembly (1714ms)
		BeginReloadAssembly (247ms)
			ExecutionOrderSort (0ms)
			DisableScriptedObjects (8ms)
			BackupInstance (0ms)
			ReleaseScriptingObjects (0ms)
			CreateAndSetChildDomain (57ms)
		EndReloadAssembly (1365ms)
			LoadAssemblies (188ms)
			RebuildTransferFunctionScriptingTraits (0ms)
			SetupTypeCache (655ms)
			ReleaseScriptCaches (2ms)
			RebuildScriptCaches (50ms)
			SetupLoadedEditorAssemblies (525ms)
				LogAssemblyErrors (0ms)
				InitializePlatformSupportModulesInManaged (26ms)
				SetLoadedEditorAssemblies (1ms)
				RefreshPlugins (1ms)
				BeforeProcessingInitializeOnLoad (70ms)
				ProcessInitializeOnLoadAttributes (383ms)
				ProcessInitializeOnLoadMethodAttributes (38ms)
				AfterProcessingInitializeOnLoad (5ms)
				EditorAssembliesLoaded (0ms)
			ExecutionOrderSort2 (0ms)
			AwakeInstancesAfterBackupRestoration (8ms)
Platform modules already initialized, skipping
Refreshing native plugins compatible for Editor in 2.34 ms, found 4 plugins.
Preloading 0 native plugins for Editor in 0.00 ms.
Unloading 4043 Unused Serialized files (Serialized files now loaded: 0)
Unloading 25 unused Assets / (24.8 KB). Loaded Objects now: 4524.
Memory consumption went from 154.7 MB to 154.7 MB.
Total: 4.428400 ms (FindLiveObjects: 0.452200 ms CreateObjectMapping: 0.210300 ms MarkObjects: 3.718200 ms  DeleteObjects: 0.046200 ms)

AssetImportParameters requested are different than current active one (requested -> active):
  custom:video-decoder-ogg-theora: a1e56fd34408186e4bbccfd4996cb3dc -> 
  custom:container-muxer-webm: aa71ff27fc2769a1b78a27578f13a17b -> 
  custom:container-demuxer-webm: 4f35f7cbe854078d1ac9338744f61a02 -> 
  custom:video-encoder-webm-vp8: eb34c28f22e8b96e1ab97ce403110664 -> 
  custom:video-codec-MediaFoundation-h265: 746d11721c4dcdbdad8f713fa42b33f4 -> 
  custom:audio-encoder-webm-vorbis: bf7c407c2cedff20999df2af8eb42d56 -> 
  custom:framework-win-MediaFoundation: 216162199b28c13a410421893ffa2e32 -> 
  custom:container-demuxer-ogg: 62fdf1f143b41e24485cea50d1cbac27 -> 
  custom:video-decoder-webm-vp8: 9c59270c3fd7afecdb556c50c9e8de78 -> 
  custom:audio-decoder-ogg-vorbis: bf7c407c2cedff20999df2af8eb42d56 -> 
========================================================================
Received Prepare
Registering precompiled user dll's ...
Registered in 0.003802 seconds.
Begin MonoManager ReloadAssembly
Symbol file LoadedFromMemory doesn't match image D:\DATOS\Documents\Unity\PRIA\GeneracionProcedural01\Library\PackageCache\com.unity.visualscripting@1.7.8\Editor\VisualScripting.Core\Dependencies\YamlDotNet\Unity.VisualScripting.YamlDotNet.dll
Symbol file LoadedFromMemory doesn't match image D:\DATOS\Documents\Unity\PRIA\GeneracionProcedural01\Library\PackageCache\com.unity.visualscripting@1.7.8\Editor\VisualScripting.Core\Dependencies\DotNetZip\Unity.VisualScripting.IonicZip.dll
Native extension for WindowsStandalone target not found
Native extension for Android target not found
Refreshing native plugins compatible for Editor in 0.82 ms, found 4 plugins.
Preloading 0 native plugins for Editor in 0.00 ms.
Mono: successfully reloaded assembly
- Completed reload, in  1.184 seconds
Domain Reload Profiling:
	ReloadAssembly (1185ms)
		BeginReloadAssembly (139ms)
			ExecutionOrderSort (0ms)
			DisableScriptedObjects (7ms)
			BackupInstance (0ms)
			ReleaseScriptingObjects (0ms)
			CreateAndSetChildDomain (42ms)
		EndReloadAssembly (945ms)
			LoadAssemblies (95ms)
			RebuildTransferFunctionScriptingTraits (0ms)
			SetupTypeCache (240ms)
			ReleaseScriptCaches (1ms)
			RebuildScriptCaches (49ms)
			SetupLoadedEditorAssemblies (517ms)
				LogAssemblyErrors (0ms)
				InitializePlatformSupportModulesInManaged (19ms)
				SetLoadedEditorAssemblies (0ms)
				RefreshPlugins (1ms)
				BeforeProcessingInitializeOnLoad (78ms)
				ProcessInitializeOnLoadAttributes (372ms)
				ProcessInitializeOnLoadMethodAttributes (40ms)
				AfterProcessingInitializeOnLoad (5ms)
				EditorAssembliesLoaded (0ms)
			ExecutionOrderSort2 (0ms)
			AwakeInstancesAfterBackupRestoration (8ms)
Platform modules already initialized, skipping
Refreshing native plugins compatible for Editor in 4.15 ms, found 4 plugins.
Preloading 0 native plugins for Editor in 0.00 ms.
Unloading 4043 Unused Serialized files (Serialized files now loaded: 0)
Unloading 25 unused Assets / (24.7 KB). Loaded Objects now: 4527.
Memory consumption went from 154.7 MB to 154.7 MB.
Total: 8.992000 ms (FindLiveObjects: 1.033000 ms CreateObjectMapping: 0.221200 ms MarkObjects: 7.669400 ms  DeleteObjects: 0.064600 ms)

AssetImportParameters requested are different than current active one (requested -> active):
  custom:video-decoder-ogg-theora: a1e56fd34408186e4bbccfd4996cb3dc -> 
  custom:container-muxer-webm: aa71ff27fc2769a1b78a27578f13a17b -> 
  custom:container-demuxer-webm: 4f35f7cbe854078d1ac9338744f61a02 -> 
  custom:video-encoder-webm-vp8: eb34c28f22e8b96e1ab97ce403110664 -> 
  custom:video-codec-MediaFoundation-h265: 746d11721c4dcdbdad8f713fa42b33f4 -> 
  custom:audio-encoder-webm-vorbis: bf7c407c2cedff20999df2af8eb42d56 -> 
  custom:framework-win-MediaFoundation: 216162199b28c13a410421893ffa2e32 -> 
  custom:container-demuxer-ogg: 62fdf1f143b41e24485cea50d1cbac27 -> 
  custom:video-decoder-webm-vp8: 9c59270c3fd7afecdb556c50c9e8de78 -> 
  custom:audio-decoder-ogg-vorbis: bf7c407c2cedff20999df2af8eb42d56 -> 
========================================================================
Received Prepare
Registering precompiled user dll's ...
Registered in 0.003796 seconds.
Begin MonoManager ReloadAssembly
Symbol file LoadedFromMemory doesn't match image D:\DATOS\Documents\Unity\PRIA\GeneracionProcedural01\Library\PackageCache\com.unity.visualscripting@1.7.8\Editor\VisualScripting.Core\Dependencies\YamlDotNet\Unity.VisualScripting.YamlDotNet.dll
Symbol file LoadedFromMemory doesn't match image D:\DATOS\Documents\Unity\PRIA\GeneracionProcedural01\Library\PackageCache\com.unity.visualscripting@1.7.8\Editor\VisualScripting.Core\Dependencies\DotNetZip\Unity.VisualScripting.IonicZip.dll
Native extension for WindowsStandalone target not found
Native extension for Android target not found
Refreshing native plugins compatible for Editor in 0.82 ms, found 4 plugins.
Preloading 0 native plugins for Editor in 0.00 ms.
Mono: successfully reloaded assembly
- Completed reload, in  1.220 seconds
Domain Reload Profiling:
	ReloadAssembly (1221ms)
		BeginReloadAssembly (130ms)
			ExecutionOrderSort (0ms)
			DisableScriptedObjects (6ms)
			BackupInstance (0ms)
			ReleaseScriptingObjects (0ms)
			CreateAndSetChildDomain (41ms)
		EndReloadAssembly (982ms)
			LoadAssemblies (87ms)
			RebuildTransferFunctionScriptingTraits (0ms)
			SetupTypeCache (251ms)
			ReleaseScriptCaches (1ms)
			RebuildScriptCaches (44ms)
			SetupLoadedEditorAssemblies (550ms)
				LogAssemblyErrors (0ms)
				InitializePlatformSupportModulesInManaged (19ms)
				SetLoadedEditorAssemblies (0ms)
				RefreshPlugins (1ms)
				BeforeProcessingInitializeOnLoad (72ms)
				ProcessInitializeOnLoadAttributes (406ms)
				ProcessInitializeOnLoadMethodAttributes (46ms)
				AfterProcessingInitializeOnLoad (5ms)
				EditorAssembliesLoaded (0ms)
			ExecutionOrderSort2 (0ms)
			AwakeInstancesAfterBackupRestoration (9ms)
Platform modules already initialized, skipping
Refreshing native plugins compatible for Editor in 2.45 ms, found 4 plugins.
Preloading 0 native plugins for Editor in 0.00 ms.
Unloading 4043 Unused Serialized files (Serialized files now loaded: 0)
Unloading 25 unused Assets / (24.6 KB). Loaded Objects now: 4530.
Memory consumption went from 154.7 MB to 154.7 MB.
Total: 4.309400 ms (FindLiveObjects: 0.350400 ms CreateObjectMapping: 0.114400 ms MarkObjects: 3.804200 ms  DeleteObjects: 0.038500 ms)

AssetImportParameters requested are different than current active one (requested -> active):
  custom:video-decoder-ogg-theora: a1e56fd34408186e4bbccfd4996cb3dc -> 
  custom:container-muxer-webm: aa71ff27fc2769a1b78a27578f13a17b -> 
  custom:container-demuxer-webm: 4f35f7cbe854078d1ac9338744f61a02 -> 
  custom:video-encoder-webm-vp8: eb34c28f22e8b96e1ab97ce403110664 -> 
  custom:video-codec-MediaFoundation-h265: 746d11721c4dcdbdad8f713fa42b33f4 -> 
  custom:audio-encoder-webm-vorbis: bf7c407c2cedff20999df2af8eb42d56 -> 
  custom:framework-win-MediaFoundation: 216162199b28c13a410421893ffa2e32 -> 
  custom:container-demuxer-ogg: 62fdf1f143b41e24485cea50d1cbac27 -> 
  custom:video-decoder-webm-vp8: 9c59270c3fd7afecdb556c50c9e8de78 -> 
  custom:audio-decoder-ogg-vorbis: bf7c407c2cedff20999df2af8eb42d56 -> 
========================================================================
Received Prepare
Registering precompiled user dll's ...
Registered in 0.003906 seconds.
Begin MonoManager ReloadAssembly
Symbol file LoadedFromMemory doesn't match image D:\DATOS\Documents\Unity\PRIA\GeneracionProcedural01\Library\PackageCache\com.unity.visualscripting@1.7.8\Editor\VisualScripting.Core\Dependencies\YamlDotNet\Unity.VisualScripting.YamlDotNet.dll
Symbol file LoadedFromMemory doesn't match image D:\DATOS\Documents\Unity\PRIA\GeneracionProcedural01\Library\PackageCache\com.unity.visualscripting@1.7.8\Editor\VisualScripting.Core\Dependencies\DotNetZip\Unity.VisualScripting.IonicZip.dll
Native extension for WindowsStandalone target not found
Native extension for Android target not found
Refreshing native plugins compatible for Editor in 1.15 ms, found 4 plugins.
Preloading 0 native plugins for Editor in 0.00 ms.
Mono: successfully reloaded assembly
- Completed reload, in  1.321 seconds
Domain Reload Profiling:
	ReloadAssembly (1322ms)
		BeginReloadAssembly (149ms)
			ExecutionOrderSort (0ms)
			DisableScriptedObjects (10ms)
			BackupInstance (0ms)
			ReleaseScriptingObjects (0ms)
			CreateAndSetChildDomain (47ms)
		EndReloadAssembly (1064ms)
			LoadAssemblies (94ms)
			RebuildTransferFunctionScriptingTraits (0ms)
			SetupTypeCache (263ms)
			ReleaseScriptCaches (1ms)
			RebuildScriptCaches (52ms)
			SetupLoadedEditorAssemblies (593ms)
				LogAssemblyErrors (0ms)
				InitializePlatformSupportModulesInManaged (23ms)
				SetLoadedEditorAssemblies (1ms)
				RefreshPlugins (1ms)
				BeforeProcessingInitializeOnLoad (78ms)
				ProcessInitializeOnLoadAttributes (441ms)
				ProcessInitializeOnLoadMethodAttributes (43ms)
				AfterProcessingInitializeOnLoad (6ms)
				EditorAssembliesLoaded (0ms)
			ExecutionOrderSort2 (0ms)
			AwakeInstancesAfterBackupRestoration (13ms)
Platform modules already initialized, skipping
Refreshing native plugins compatible for Editor in 3.45 ms, found 4 plugins.
Preloading 0 native plugins for Editor in 0.00 ms.
Unloading 4043 Unused Serialized files (Serialized files now loaded: 0)
Unloading 25 unused Assets / (24.7 KB). Loaded Objects now: 4533.
Memory consumption went from 154.7 MB to 154.7 MB.
Total: 7.782700 ms (FindLiveObjects: 0.615100 ms CreateObjectMapping: 0.141700 ms MarkObjects: 6.966900 ms  DeleteObjects: 0.057600 ms)

AssetImportParameters requested are different than current active one (requested -> active):
  custom:video-decoder-ogg-theora: a1e56fd34408186e4bbccfd4996cb3dc -> 
  custom:container-muxer-webm: aa71ff27fc2769a1b78a27578f13a17b -> 
  custom:container-demuxer-webm: 4f35f7cbe854078d1ac9338744f61a02 -> 
  custom:video-encoder-webm-vp8: eb34c28f22e8b96e1ab97ce403110664 -> 
  custom:video-codec-MediaFoundation-h265: 746d11721c4dcdbdad8f713fa42b33f4 -> 
  custom:audio-encoder-webm-vorbis: bf7c407c2cedff20999df2af8eb42d56 -> 
  custom:framework-win-MediaFoundation: 216162199b28c13a410421893ffa2e32 -> 
  custom:container-demuxer-ogg: 62fdf1f143b41e24485cea50d1cbac27 -> 
  custom:video-decoder-webm-vp8: 9c59270c3fd7afecdb556c50c9e8de78 -> 
  custom:audio-decoder-ogg-vorbis: bf7c407c2cedff20999df2af8eb42d56 -> 
