Using pre-set license
Built from '2021.3/staging' branch; Version is '2021.3.15f1 (e8e88683f834) revision 15263878'; Using compiler version '192829333'; Build Type 'Release'
OS: 'Windows 11  (10.0.22631) 64bit Core' Language: 'es' Physical Memory: 15741 MB
BatchMode: 1, IsHumanControllingUs: 0, StartBugReporterOnCrash: 0, Is64bit: 1, IsPro: 1

COMMAND LINE ARGUMENTS:
C:\Program Files\Unity\Hub\Editor\2021.3.15f1\Editor\Unity.exe
-adb2
-batchMode
-noUpm
-name
AssetImportWorker1
-projectPath
D:/DATOS/Documents/Unity/PRIA/GeneracionProcedural01
-logFile
Logs/AssetImportWorker1.log
-srvPort
62189
Successfully changed project path to: D:/DATOS/Documents/Unity/PRIA/GeneracionProcedural01
D:/DATOS/Documents/Unity/PRIA/GeneracionProcedural01
[UnityMemory] Configuration Parameters - Can be set up in boot.config
    "memorysetup-bucket-allocator-granularity=16"
    "memorysetup-bucket-allocator-bucket-count=8"
    "memorysetup-bucket-allocator-block-size=33554432"
    "memorysetup-bucket-allocator-block-count=8"
    "memorysetup-main-allocator-block-size=16777216"
    "memorysetup-thread-allocator-block-size=16777216"
    "memorysetup-gfx-main-allocator-block-size=16777216"
    "memorysetup-gfx-thread-allocator-block-size=16777216"
    "memorysetup-cache-allocator-block-size=4194304"
    "memorysetup-typetree-allocator-block-size=2097152"
    "memorysetup-profiler-bucket-allocator-granularity=16"
    "memorysetup-profiler-bucket-allocator-bucket-count=8"
    "memorysetup-profiler-bucket-allocator-block-size=33554432"
    "memorysetup-profiler-bucket-allocator-block-count=8"
    "memorysetup-profiler-allocator-block-size=16777216"
    "memorysetup-profiler-editor-allocator-block-size=1048576"
    "memorysetup-temp-allocator-size-main=16777216"
    "memorysetup-job-temp-allocator-block-size=2097152"
    "memorysetup-job-temp-allocator-block-size-background=1048576"
    "memorysetup-job-temp-allocator-reduction-small-platforms=262144"
    "memorysetup-temp-allocator-size-background-worker=32768"
    "memorysetup-temp-allocator-size-job-worker=262144"
    "memorysetup-temp-allocator-size-preload-manager=33554432"
    "memorysetup-temp-allocator-size-nav-mesh-worker=65536"
    "memorysetup-temp-allocator-size-audio-worker=65536"
    "memorysetup-temp-allocator-size-cloud-worker=32768"
    "memorysetup-temp-allocator-size-gi-baking-worker=262144"
    "memorysetup-temp-allocator-size-gfx=262144"
Player connection [9972] Host "[IP] 192.168.77.67 [Port] 0 [Flags] 2 [Guid] 3416494213 [EditorId] 3416494213 [Version] 1048832 [Id] WindowsEditor(7,LAPTOP-P1N96CT3) [Debug] 1 [PackageName] WindowsEditor [ProjectName] Editor" joined multi-casting on [225.0.0.222:54997]...

Player connection [9972] Host "[IP] 192.168.77.67 [Port] 0 [Flags] 2 [Guid] 3416494213 [EditorId] 3416494213 [Version] 1048832 [Id] WindowsEditor(7,LAPTOP-P1N96CT3) [Debug] 1 [PackageName] WindowsEditor [ProjectName] Editor" joined alternative multi-casting on [225.0.0.222:34997]...

Refreshing native plugins compatible for Editor in 92.91 ms, found 4 plugins.
Preloading 0 native plugins for Editor in 0.00 ms.
Initialize engine version: 2021.3.15f1 (e8e88683f834)
[Subsystems] Discovering subsystems at path C:/Program Files/Unity/Hub/Editor/2021.3.15f1/Editor/Data/Resources/UnitySubsystems
[Subsystems] Discovering subsystems at path D:/DATOS/Documents/Unity/PRIA/GeneracionProcedural01/Assets
GfxDevice: creating device client; threaded=0; jobified=0
Direct3D:
    Version:  Direct3D 11.0 [level 11.1]
    Renderer: AMD Radeon(TM) Graphics (ID=0x1636)
    Vendor:   ATI
    VRAM:     7870 MB
    Driver:   27.20.11032.5001
Initialize mono
Mono path[0] = 'C:/Program Files/Unity/Hub/Editor/2021.3.15f1/Editor/Data/Managed'
Mono path[1] = 'C:/Program Files/Unity/Hub/Editor/2021.3.15f1/Editor/Data/MonoBleedingEdge/lib/mono/unityjit-win32'
Mono config path = 'C:/Program Files/Unity/Hub/Editor/2021.3.15f1/Editor/Data/MonoBleedingEdge/etc'
Using monoOptions --debugger-agent=transport=dt_socket,embedding=1,server=y,suspend=n,address=127.0.0.1:56652
Begin MonoManager ReloadAssembly
Registering precompiled unity dll's ...
Register platform support module: C:/Program Files/Unity/Hub/Editor/2021.3.15f1/Editor/Data/PlaybackEngines/AndroidPlayer/UnityEditor.Android.Extensions.dll
Register platform support module: C:/Program Files/Unity/Hub/Editor/2021.3.15f1/Editor/Data/PlaybackEngines/WindowsStandaloneSupport/UnityEditor.WindowsStandalone.Extensions.dll
Registered in 0.004186 seconds.
Native extension for WindowsStandalone target not found
Native extension for Android target not found
Refreshing native plugins compatible for Editor in 92.60 ms, found 4 plugins.
Preloading 0 native plugins for Editor in 0.00 ms.
Mono: successfully reloaded assembly
- Completed reload, in  0.635 seconds
Domain Reload Profiling:
	ReloadAssembly (636ms)
		BeginReloadAssembly (65ms)
			ExecutionOrderSort (0ms)
			DisableScriptedObjects (0ms)
			BackupInstance (0ms)
			ReleaseScriptingObjects (0ms)
			CreateAndSetChildDomain (1ms)
		EndReloadAssembly (467ms)
			LoadAssemblies (63ms)
			RebuildTransferFunctionScriptingTraits (0ms)
			SetupTypeCache (103ms)
			ReleaseScriptCaches (0ms)
			RebuildScriptCaches (28ms)
			SetupLoadedEditorAssemblies (288ms)
				LogAssemblyErrors (0ms)
				InitializePlatformSupportModulesInManaged (53ms)
				SetLoadedEditorAssemblies (1ms)
				RefreshPlugins (93ms)
				BeforeProcessingInitializeOnLoad (1ms)
				ProcessInitializeOnLoadAttributes (97ms)
				ProcessInitializeOnLoadMethodAttributes (43ms)
				AfterProcessingInitializeOnLoad (0ms)
				EditorAssembliesLoaded (0ms)
			ExecutionOrderSort2 (0ms)
			AwakeInstancesAfterBackupRestoration (0ms)
Platform modules already initialized, skipping
Registering precompiled user dll's ...
Registered in 0.003896 seconds.
Begin MonoManager ReloadAssembly
Symbol file LoadedFromMemory doesn't match image D:\DATOS\Documents\Unity\PRIA\GeneracionProcedural01\Library\PackageCache\com.unity.visualscripting@1.7.8\Editor\VisualScripting.Core\Dependencies\YamlDotNet\Unity.VisualScripting.YamlDotNet.dll
Symbol file LoadedFromMemory doesn't match image D:\DATOS\Documents\Unity\PRIA\GeneracionProcedural01\Library\PackageCache\com.unity.visualscripting@1.7.8\Editor\VisualScripting.Core\Dependencies\DotNetZip\Unity.VisualScripting.IonicZip.dll
Native extension for WindowsStandalone target not found
Native extension for Android target not found
Refreshing native plugins compatible for Editor in 90.07 ms, found 4 plugins.
Preloading 0 native plugins for Editor in 0.00 ms.
Mono: successfully reloaded assembly
- Completed reload, in  1.419 seconds
Domain Reload Profiling:
	ReloadAssembly (1420ms)
		BeginReloadAssembly (219ms)
			ExecutionOrderSort (0ms)
			DisableScriptedObjects (8ms)
			BackupInstance (0ms)
			ReleaseScriptingObjects (0ms)
			CreateAndSetChildDomain (131ms)
		EndReloadAssembly (1092ms)
			LoadAssemblies (75ms)
			RebuildTransferFunctionScriptingTraits (0ms)
			SetupTypeCache (261ms)
			ReleaseScriptCaches (1ms)
			RebuildScriptCaches (56ms)
			SetupLoadedEditorAssemblies (650ms)
				LogAssemblyErrors (0ms)
				InitializePlatformSupportModulesInManaged (12ms)
				SetLoadedEditorAssemblies (0ms)
				RefreshPlugins (90ms)
				BeforeProcessingInitializeOnLoad (92ms)
				ProcessInitializeOnLoadAttributes (403ms)
				ProcessInitializeOnLoadMethodAttributes (47ms)
				AfterProcessingInitializeOnLoad (5ms)
				EditorAssembliesLoaded (0ms)
			ExecutionOrderSort2 (0ms)
			AwakeInstancesAfterBackupRestoration (5ms)
Platform modules already initialized, skipping
========================================================================
Worker process is ready to serve import requests
Launched and connected shader compiler UnityShaderCompiler.exe after 0.04 seconds
Refreshing native plugins compatible for Editor in 0.78 ms, found 4 plugins.
Preloading 0 native plugins for Editor in 0.00 ms.
Unloading 4053 Unused Serialized files (Serialized files now loaded: 0)
Unloading 38 unused Assets / (56.1 KB). Loaded Objects now: 4511.
Memory consumption went from 150.9 MB to 150.8 MB.
Total: 4.263200 ms (FindLiveObjects: 0.452700 ms CreateObjectMapping: 0.218700 ms MarkObjects: 3.468000 ms  DeleteObjects: 0.121900 ms)

AssetImportParameters requested are different than current active one (requested -> active):
  custom:video-decoder-ogg-theora: a1e56fd34408186e4bbccfd4996cb3dc -> 
  custom:container-muxer-webm: aa71ff27fc2769a1b78a27578f13a17b -> 
  custom:container-demuxer-webm: 4f35f7cbe854078d1ac9338744f61a02 -> 
  custom:video-encoder-webm-vp8: eb34c28f22e8b96e1ab97ce403110664 -> 
  custom:video-codec-MediaFoundation-h265: 746d11721c4dcdbdad8f713fa42b33f4 -> 
  custom:audio-encoder-webm-vorbis: bf7c407c2cedff20999df2af8eb42d56 -> 
  custom:framework-win-MediaFoundation: 216162199b28c13a410421893ffa2e32 -> 
  custom:container-demuxer-ogg: 62fdf1f143b41e24485cea50d1cbac27 -> 
  custom:video-decoder-webm-vp8: 9c59270c3fd7afecdb556c50c9e8de78 -> 
  custom:audio-decoder-ogg-vorbis: bf7c407c2cedff20999df2af8eb42d56 -> 
========================================================================
Received Import Request.
  Time since last request: 897920.957279 seconds.
  path: Assets/Scenes
  artifactKey: Guid(131a6b21c8605f84396be9f6751fb6e3) Importer(815301076,1909f56bfc062723c751e8b465ee728b)
Start importing Assets/Scenes using Guid(131a6b21c8605f84396be9f6751fb6e3) Importer(815301076,1909f56bfc062723c751e8b465ee728b)  -> (artifact id: '2c23e514d24f6b65fe96946cd87fc526') in 0.024331 seconds 
========================================================================
Received Import Request.
  Time since last request: 465.077542 seconds.
  path: Assets/Backyard - Free/Separate Tiles/backyard_01.png
  artifactKey: Guid(ee39e822105b4f149b76ad27abe4c2ad) Importer(815301076,1909f56bfc062723c751e8b465ee728b)
Start importing Assets/Backyard - Free/Separate Tiles/backyard_01.png using Guid(ee39e822105b4f149b76ad27abe4c2ad) Importer(815301076,1909f56bfc062723c751e8b465ee728b)  -> (artifact id: 'd2affefd36a23b2d366c02ecb135e52b') in 0.114941 seconds 
========================================================================
Received Import Request.
  Time since last request: 0.000041 seconds.
  path: Assets/Backyard - Free/Separate Tiles/backyard_05.png
  artifactKey: Guid(3173b0d7c57b66641b25fb5cd893ecc5) Importer(815301076,1909f56bfc062723c751e8b465ee728b)
Start importing Assets/Backyard - Free/Separate Tiles/backyard_05.png using Guid(3173b0d7c57b66641b25fb5cd893ecc5) Importer(815301076,1909f56bfc062723c751e8b465ee728b)  -> (artifact id: '1fe0b10c0db2f84d0ca1cc1d0c72ab69') in 0.020511 seconds 
========================================================================
Received Import Request.
  Time since last request: 0.000057 seconds.
  path: Assets/Backyard - Free/Separate Tiles/backyard_47.png
  artifactKey: Guid(0e0a07fc2a17a0f44aa64b8427fe87d7) Importer(815301076,1909f56bfc062723c751e8b465ee728b)
Start importing Assets/Backyard - Free/Separate Tiles/backyard_47.png using Guid(0e0a07fc2a17a0f44aa64b8427fe87d7) Importer(815301076,1909f56bfc062723c751e8b465ee728b)  -> (artifact id: '9b0be677ce6c13d1528ebdadcbff1db7') in 0.016966 seconds 
========================================================================
Received Import Request.
  Time since last request: 0.000051 seconds.
  path: Assets/Backyard - Free/Separate Tiles/backyard_85.png
  artifactKey: Guid(e42a29bfc90633e45b6191ed90a4812e) Importer(815301076,1909f56bfc062723c751e8b465ee728b)
Start importing Assets/Backyard - Free/Separate Tiles/backyard_85.png using Guid(e42a29bfc90633e45b6191ed90a4812e) Importer(815301076,1909f56bfc062723c751e8b465ee728b)  -> (artifact id: 'ee01ec803fbeb0f84650424c1e50fac6') in 0.019053 seconds 
========================================================================
Received Import Request.
  Time since last request: 0.000044 seconds.
  path: Assets/Backyard - Free/Separate Tiles/backyard_61.png
  artifactKey: Guid(5d1fb61671e1a7046ae9cb324c4a1d0d) Importer(815301076,1909f56bfc062723c751e8b465ee728b)
Start importing Assets/Backyard - Free/Separate Tiles/backyard_61.png using Guid(5d1fb61671e1a7046ae9cb324c4a1d0d) Importer(815301076,1909f56bfc062723c751e8b465ee728b)  -> (artifact id: '0a434070b7b34fee99420e47c7b02650') in 0.025041 seconds 
========================================================================
Received Import Request.
  Time since last request: 0.000044 seconds.
  path: Assets/Backyard - Free/Separate Tiles/backyard_56.png
  artifactKey: Guid(b9855265ff381844aae27785fb46640b) Importer(815301076,1909f56bfc062723c751e8b465ee728b)
Start importing Assets/Backyard - Free/Separate Tiles/backyard_56.png using Guid(b9855265ff381844aae27785fb46640b) Importer(815301076,1909f56bfc062723c751e8b465ee728b)  -> (artifact id: 'c3df3407188d24644d815f7b4e62d86d') in 0.024707 seconds 
========================================================================
Received Import Request.
  Time since last request: 0.000046 seconds.
  path: Assets/Backyard - Free/Separate Tiles/backyard_74.png
  artifactKey: Guid(be35b8e4d625ae74ba2fb36e0f30a99b) Importer(815301076,1909f56bfc062723c751e8b465ee728b)
Start importing Assets/Backyard - Free/Separate Tiles/backyard_74.png using Guid(be35b8e4d625ae74ba2fb36e0f30a99b) Importer(815301076,1909f56bfc062723c751e8b465ee728b)  -> (artifact id: '3adefb3117cab813370d38c49d2997d0') in 0.018099 seconds 
========================================================================
Received Import Request.
  Time since last request: 0.000030 seconds.
  path: Assets/Backyard - Free/Separate Tiles/backyard_67.png
  artifactKey: Guid(f03dfa10d891d204fb30ff50120ee471) Importer(815301076,1909f56bfc062723c751e8b465ee728b)
Start importing Assets/Backyard - Free/Separate Tiles/backyard_67.png using Guid(f03dfa10d891d204fb30ff50120ee471) Importer(815301076,1909f56bfc062723c751e8b465ee728b)  -> (artifact id: '65566f45634026d8a72df216d1fa6463') in 0.018390 seconds 
========================================================================
Received Import Request.
  Time since last request: 0.000039 seconds.
  path: Assets/Backyard - Free/Separate Tiles/backyard_63.png
  artifactKey: Guid(bf3ab3a00fde90a4494c61d65ad029ee) Importer(815301076,1909f56bfc062723c751e8b465ee728b)
Start importing Assets/Backyard - Free/Separate Tiles/backyard_63.png using Guid(bf3ab3a00fde90a4494c61d65ad029ee) Importer(815301076,1909f56bfc062723c751e8b465ee728b)  -> (artifact id: 'b5439303772fc1db9ceea7dc2c0d03d8') in 0.013865 seconds 
========================================================================
Received Import Request.
  Time since last request: 0.000029 seconds.
  path: Assets/Backyard - Free/Separate Tiles/backyard_16.png
  artifactKey: Guid(907154f6a6b649f418d7ea4178693403) Importer(815301076,1909f56bfc062723c751e8b465ee728b)
Start importing Assets/Backyard - Free/Separate Tiles/backyard_16.png using Guid(907154f6a6b649f418d7ea4178693403) Importer(815301076,1909f56bfc062723c751e8b465ee728b)  -> (artifact id: 'ff5cd5b47f6e92e394b79d37a7efb10c') in 0.016312 seconds 
========================================================================
Received Import Request.
  Time since last request: 0.000043 seconds.
  path: Assets/Backyard - Free/Separate Tiles/backyard_28.png
  artifactKey: Guid(471606bc09a86ff489efe449c9708a73) Importer(815301076,1909f56bfc062723c751e8b465ee728b)
Start importing Assets/Backyard - Free/Separate Tiles/backyard_28.png using Guid(471606bc09a86ff489efe449c9708a73) Importer(815301076,1909f56bfc062723c751e8b465ee728b)  -> (artifact id: 'ee10bb1d835c3fb223c2dde4823d32d6') in 0.014079 seconds 
========================================================================
Received Import Request.
  Time since last request: 0.000053 seconds.
  path: Assets/Backyard - Free/Separate Tiles/backyard_81.png
  artifactKey: Guid(710fe9f06962c934f95a6b2261b4944c) Importer(815301076,1909f56bfc062723c751e8b465ee728b)
Start importing Assets/Backyard - Free/Separate Tiles/backyard_81.png using Guid(710fe9f06962c934f95a6b2261b4944c) Importer(815301076,1909f56bfc062723c751e8b465ee728b)  -> (artifact id: '11ac6c55d2727567572ad7f42b74d2f3') in 0.019113 seconds 
========================================================================
Received Import Request.
  Time since last request: 0.000037 seconds.
  path: Assets/Backyard - Free/Separate Tiles/backyard_51.png
  artifactKey: Guid(0df2e2a07c35ec74eb84100acea65cb7) Importer(815301076,1909f56bfc062723c751e8b465ee728b)
Start importing Assets/Backyard - Free/Separate Tiles/backyard_51.png using Guid(0df2e2a07c35ec74eb84100acea65cb7) Importer(815301076,1909f56bfc062723c751e8b465ee728b)  -> (artifact id: 'a1e3c51595550d08ceed9e8566a759f2') in 0.018517 seconds 
========================================================================
Received Import Request.
  Time since last request: 0.000042 seconds.
  path: Assets/Backyard - Free/Separate Tiles/backyard_26.png
  artifactKey: Guid(e9f8d282542b69741bebfa05a2002388) Importer(815301076,1909f56bfc062723c751e8b465ee728b)
Start importing Assets/Backyard - Free/Separate Tiles/backyard_26.png using Guid(e9f8d282542b69741bebfa05a2002388) Importer(815301076,1909f56bfc062723c751e8b465ee728b)  -> (artifact id: '94f36ef5eb49ca85afea5dc4421fc4ce') in 0.020733 seconds 
========================================================================
Received Import Request.
  Time since last request: 0.000032 seconds.
  path: Assets/Backyard - Free/Separate Tiles/backyard_07.png
  artifactKey: Guid(34efda7e0c5c3ce42a32f432b99d23f3) Importer(815301076,1909f56bfc062723c751e8b465ee728b)
Start importing Assets/Backyard - Free/Separate Tiles/backyard_07.png using Guid(34efda7e0c5c3ce42a32f432b99d23f3) Importer(815301076,1909f56bfc062723c751e8b465ee728b)  -> (artifact id: '62cd335f7de1c56e1ba9ba8967fdd82d') in 0.019269 seconds 
========================================================================
Received Import Request.
  Time since last request: 0.000042 seconds.
  path: Assets/Backyard - Free/Separate Tiles/backyard_59.png
  artifactKey: Guid(a4a3ff7a0ca7f4f45ade43bcf676b986) Importer(815301076,1909f56bfc062723c751e8b465ee728b)
Start importing Assets/Backyard - Free/Separate Tiles/backyard_59.png using Guid(a4a3ff7a0ca7f4f45ade43bcf676b986) Importer(815301076,1909f56bfc062723c751e8b465ee728b)  -> (artifact id: 'c7388029bc8e75b589b15c657ace3e82') in 0.021851 seconds 
========================================================================
Received Import Request.
  Time since last request: 0.000089 seconds.
  path: Assets/Backyard - Free/Separate Tiles/backyard_40.png
  artifactKey: Guid(7f32256e6c318bb4d9e99238e581f360) Importer(815301076,1909f56bfc062723c751e8b465ee728b)
Start importing Assets/Backyard - Free/Separate Tiles/backyard_40.png using Guid(7f32256e6c318bb4d9e99238e581f360) Importer(815301076,1909f56bfc062723c751e8b465ee728b)  -> (artifact id: '7696676ab0e859390deeca57ca7ba092') in 0.019095 seconds 
========================================================================
Received Import Request.
  Time since last request: 0.000069 seconds.
  path: Assets/Backyard - Free/Separate Tiles/backyard_76.png
  artifactKey: Guid(47664fd621bff4940b33b4b6176c3f33) Importer(815301076,1909f56bfc062723c751e8b465ee728b)
Start importing Assets/Backyard - Free/Separate Tiles/backyard_76.png using Guid(47664fd621bff4940b33b4b6176c3f33) Importer(815301076,1909f56bfc062723c751e8b465ee728b)  -> (artifact id: 'd8fa4908d375e29d8d18cd5313f2c9fc') in 0.019122 seconds 
========================================================================
Received Import Request.
  Time since last request: 0.000066 seconds.
  path: Assets/Backyard - Free/Separate Tiles/backyard_39.png
  artifactKey: Guid(6440b8b2eaed20249a0f7e7c45f910ca) Importer(815301076,1909f56bfc062723c751e8b465ee728b)
Start importing Assets/Backyard - Free/Separate Tiles/backyard_39.png using Guid(6440b8b2eaed20249a0f7e7c45f910ca) Importer(815301076,1909f56bfc062723c751e8b465ee728b)  -> (artifact id: '978f6c639940852e202545a03a51ea77') in 0.020658 seconds 
========================================================================
Received Import Request.
  Time since last request: 0.000100 seconds.
  path: Assets/Backyard - Free/Separate Tiles/backyard_23.png
  artifactKey: Guid(0ed29ad20079cf04aa2ee03495b4cd48) Importer(815301076,1909f56bfc062723c751e8b465ee728b)
Start importing Assets/Backyard - Free/Separate Tiles/backyard_23.png using Guid(0ed29ad20079cf04aa2ee03495b4cd48) Importer(815301076,1909f56bfc062723c751e8b465ee728b)  -> (artifact id: '72052ba0caad9b8ad4e9a2babba51077') in 0.016738 seconds 
========================================================================
Received Import Request.
  Time since last request: 0.000050 seconds.
  path: Assets/Backyard - Free/Separate Tiles/backyard_64.png
  artifactKey: Guid(c94742235144f464f9255e62c55a46f7) Importer(815301076,1909f56bfc062723c751e8b465ee728b)
Start importing Assets/Backyard - Free/Separate Tiles/backyard_64.png using Guid(c94742235144f464f9255e62c55a46f7) Importer(815301076,1909f56bfc062723c751e8b465ee728b)  -> (artifact id: 'f2581df77747ef511adda9414a09ed74') in 0.014390 seconds 
========================================================================
Received Import Request.
  Time since last request: 0.000029 seconds.
  path: Assets/Backyard - Free/Separate Tiles/backyard_19.png
  artifactKey: Guid(0b1eaa0a6e89d354dbea566e1312be7c) Importer(815301076,1909f56bfc062723c751e8b465ee728b)
Start importing Assets/Backyard - Free/Separate Tiles/backyard_19.png using Guid(0b1eaa0a6e89d354dbea566e1312be7c) Importer(815301076,1909f56bfc062723c751e8b465ee728b)  -> (artifact id: 'c6b69166d6163b9171ede503a0b08ff5') in 0.016036 seconds 
========================================================================
Received Import Request.
  Time since last request: 0.000069 seconds.
  path: Assets/Backyard - Free/Separate Tiles/backyard_71.png
  artifactKey: Guid(3046121ca4a0f9340865f3b5c28e79a2) Importer(815301076,1909f56bfc062723c751e8b465ee728b)
Start importing Assets/Backyard - Free/Separate Tiles/backyard_71.png using Guid(3046121ca4a0f9340865f3b5c28e79a2) Importer(815301076,1909f56bfc062723c751e8b465ee728b)  -> (artifact id: 'b47d6e6fd3b6cb880bc88410260d3960') in 0.016471 seconds 
========================================================================
Received Import Request.
  Time since last request: 0.000043 seconds.
  path: Assets/Backyard - Free/Separate Tiles/backyard_36.png
  artifactKey: Guid(d56a2af0b87459e4bb880713898070a6) Importer(815301076,1909f56bfc062723c751e8b465ee728b)
Start importing Assets/Backyard - Free/Separate Tiles/backyard_36.png using Guid(d56a2af0b87459e4bb880713898070a6) Importer(815301076,1909f56bfc062723c751e8b465ee728b)  -> (artifact id: 'a75727111c0be8d47ace9c5531ff1452') in 0.022461 seconds 
========================================================================
Received Import Request.
  Time since last request: 0.000034 seconds.
  path: Assets/Backyard - Free/Separate Tiles/backyard_43.png
  artifactKey: Guid(4218829bd7e6e104e84e039d42617229) Importer(815301076,1909f56bfc062723c751e8b465ee728b)
Start importing Assets/Backyard - Free/Separate Tiles/backyard_43.png using Guid(4218829bd7e6e104e84e039d42617229) Importer(815301076,1909f56bfc062723c751e8b465ee728b)  -> (artifact id: '3171d61f16598b6a81eef735e477a738') in 0.016456 seconds 
========================================================================
Received Import Request.
  Time since last request: 0.000038 seconds.
  path: Assets/Backyard - Free/Separate Tiles/backyard_34.png
  artifactKey: Guid(01ece7451bc2fe245bd10a7fcd132f74) Importer(815301076,1909f56bfc062723c751e8b465ee728b)
Start importing Assets/Backyard - Free/Separate Tiles/backyard_34.png using Guid(01ece7451bc2fe245bd10a7fcd132f74) Importer(815301076,1909f56bfc062723c751e8b465ee728b)  -> (artifact id: 'f0c2286f1fbd2b657c0bf28db9a0d250') in 0.021847 seconds 
========================================================================
Received Import Request.
  Time since last request: 0.000078 seconds.
  path: Assets/Backyard - Free/Separate Tiles/backyard_54.png
  artifactKey: Guid(31d1db2a64c21d944bd3a34c089756cd) Importer(815301076,1909f56bfc062723c751e8b465ee728b)
Start importing Assets/Backyard - Free/Separate Tiles/backyard_54.png using Guid(31d1db2a64c21d944bd3a34c089756cd) Importer(815301076,1909f56bfc062723c751e8b465ee728b)  -> (artifact id: '04e85026dc5e064d75b002ea71a94b0d') in 0.019256 seconds 
========================================================================
Received Import Request.
  Time since last request: 0.000038 seconds.
  path: Assets/Backyard - Free/Separate Tiles/backyard_49.png
  artifactKey: Guid(28889b3e082b9e540b7d105db780d285) Importer(815301076,1909f56bfc062723c751e8b465ee728b)
Start importing Assets/Backyard - Free/Separate Tiles/backyard_49.png using Guid(28889b3e082b9e540b7d105db780d285) Importer(815301076,1909f56bfc062723c751e8b465ee728b)  -> (artifact id: 'e6a7befd7493f068f499d27a77308165') in 0.021357 seconds 
========================================================================
Received Import Request.
  Time since last request: 0.000031 seconds.
  path: Assets/Backyard - Free/Separate Tiles/backyard_06.png
  artifactKey: Guid(bda03a3f77787084fb60f39270eb0ae5) Importer(815301076,1909f56bfc062723c751e8b465ee728b)
Start importing Assets/Backyard - Free/Separate Tiles/backyard_06.png using Guid(bda03a3f77787084fb60f39270eb0ae5) Importer(815301076,1909f56bfc062723c751e8b465ee728b)  -> (artifact id: '9f3c7ba9e22da5a2591098a73936811a') in 0.020721 seconds 
========================================================================
Received Import Request.
  Time since last request: 0.000028 seconds.
  path: Assets/Backyard - Free/Separate Tiles/backyard_75.png
  artifactKey: Guid(09235bd1dab437c4788c6cf19e3779e3) Importer(815301076,1909f56bfc062723c751e8b465ee728b)
Start importing Assets/Backyard - Free/Separate Tiles/backyard_75.png using Guid(09235bd1dab437c4788c6cf19e3779e3) Importer(815301076,1909f56bfc062723c751e8b465ee728b)  -> (artifact id: '44769871b64bcf1bbe0dd9e532d47229') in 0.018164 seconds 
========================================================================
Received Import Request.
  Time since last request: 0.000043 seconds.
  path: Assets/Backyard - Free/Separate Tiles/backyard_62.png
  artifactKey: Guid(51a52ab2d1f50be4e89e2d97f8c94b5b) Importer(815301076,1909f56bfc062723c751e8b465ee728b)
Start importing Assets/Backyard - Free/Separate Tiles/backyard_62.png using Guid(51a52ab2d1f50be4e89e2d97f8c94b5b) Importer(815301076,1909f56bfc062723c751e8b465ee728b)  -> (artifact id: '8c5f6365535742575e927bf48f1e5042') in 0.019468 seconds 
========================================================================
Received Import Request.
  Time since last request: 0.000027 seconds.
  path: Assets/Backyard - Free/Separate Tiles/backyard_45.png
  artifactKey: Guid(d0e84f09195e0934b82910e173b46cc5) Importer(815301076,1909f56bfc062723c751e8b465ee728b)
Start importing Assets/Backyard - Free/Separate Tiles/backyard_45.png using Guid(d0e84f09195e0934b82910e173b46cc5) Importer(815301076,1909f56bfc062723c751e8b465ee728b)  -> (artifact id: 'a834bae10ec95d62e532c89c80407d7e') in 0.018053 seconds 
========================================================================
Received Import Request.
  Time since last request: 0.000107 seconds.
  path: Assets/Backyard - Free/Separate Tiles/backyard_03.png
  artifactKey: Guid(582f4e4c048160f4b8eff8c6f952d9e5) Importer(815301076,1909f56bfc062723c751e8b465ee728b)
Start importing Assets/Backyard - Free/Separate Tiles/backyard_03.png using Guid(582f4e4c048160f4b8eff8c6f952d9e5) Importer(815301076,1909f56bfc062723c751e8b465ee728b)  -> (artifact id: '73fc105697491276eceb4d65871c37a7') in 0.026779 seconds 
========================================================================
Received Import Request.
  Time since last request: 0.000039 seconds.
  path: Assets/Backyard - Free/Separate Tiles/backyard_20.png
  artifactKey: Guid(3a4199454ab180b41baf68b9e8729b9c) Importer(815301076,1909f56bfc062723c751e8b465ee728b)
Start importing Assets/Backyard - Free/Separate Tiles/backyard_20.png using Guid(3a4199454ab180b41baf68b9e8729b9c) Importer(815301076,1909f56bfc062723c751e8b465ee728b)  -> (artifact id: '64471c10d0f9907352b27ed4479f1d5f') in 0.021651 seconds 
========================================================================
Received Import Request.
  Time since last request: 0.000047 seconds.
  path: Assets/Backyard - Free/Separate Tiles/backyard_80.png
  artifactKey: Guid(2a994ccab726d424894c1cd3b2a3c615) Importer(815301076,1909f56bfc062723c751e8b465ee728b)
Start importing Assets/Backyard - Free/Separate Tiles/backyard_80.png using Guid(2a994ccab726d424894c1cd3b2a3c615) Importer(815301076,1909f56bfc062723c751e8b465ee728b)  -> (artifact id: '49a2a94887662ee7e5b150cc5af2885a') in 0.021605 seconds 
========================================================================
Received Import Request.
  Time since last request: 0.000037 seconds.
  path: Assets/Backyard - Free/Separate Tiles/backyard_15.png
  artifactKey: Guid(34b491e5a136b184ebf6540ba4726c8f) Importer(815301076,1909f56bfc062723c751e8b465ee728b)
Start importing Assets/Backyard - Free/Separate Tiles/backyard_15.png using Guid(34b491e5a136b184ebf6540ba4726c8f) Importer(815301076,1909f56bfc062723c751e8b465ee728b)  -> (artifact id: 'e2744b5719de009fc640f3e2486560b6') in 0.017958 seconds 
========================================================================
Received Import Request.
  Time since last request: 0.000051 seconds.
  path: Assets/Backyard - Free/Separate Tiles/backyard_37.png
  artifactKey: Guid(9eabebf9a7b232141aae77db998d1d73) Importer(815301076,1909f56bfc062723c751e8b465ee728b)
Start importing Assets/Backyard - Free/Separate Tiles/backyard_37.png using Guid(9eabebf9a7b232141aae77db998d1d73) Importer(815301076,1909f56bfc062723c751e8b465ee728b)  -> (artifact id: '9a8c68ecbead121796ec9c571b780944') in 0.018866 seconds 
========================================================================
Received Import Request.
  Time since last request: 0.000035 seconds.
  path: Assets/Backyard - Free/Separate Tiles/backyard_57.png
  artifactKey: Guid(0275f67ff74f50b4d8d82f7244732ff6) Importer(815301076,1909f56bfc062723c751e8b465ee728b)
Start importing Assets/Backyard - Free/Separate Tiles/backyard_57.png using Guid(0275f67ff74f50b4d8d82f7244732ff6) Importer(815301076,1909f56bfc062723c751e8b465ee728b)  -> (artifact id: 'd2ecc1c19d849796c0ec9ea42b1e0e0e') in 0.021676 seconds 
========================================================================
Received Import Request.
  Time since last request: 0.000034 seconds.
  path: Assets/Backyard - Free/Separate Tiles/backyard_55.png
  artifactKey: Guid(a8c12b4e545d322479d8860ccdbfae56) Importer(815301076,1909f56bfc062723c751e8b465ee728b)
Start importing Assets/Backyard - Free/Separate Tiles/backyard_55.png using Guid(a8c12b4e545d322479d8860ccdbfae56) Importer(815301076,1909f56bfc062723c751e8b465ee728b)  -> (artifact id: 'a3d3c6b05fa76e8ca60ba1ff1b88d864') in 0.021414 seconds 
========================================================================
Received Import Request.
  Time since last request: 0.000119 seconds.
  path: Assets/Backyard - Free/Separate Tiles/backyard_44.png
  artifactKey: Guid(ca06cd90188934c4fbeb0b34419822b5) Importer(815301076,1909f56bfc062723c751e8b465ee728b)
Start importing Assets/Backyard - Free/Separate Tiles/backyard_44.png using Guid(ca06cd90188934c4fbeb0b34419822b5) Importer(815301076,1909f56bfc062723c751e8b465ee728b)  -> (artifact id: '55a2a1ed397b9f148947973941cd0d8f') in 0.023217 seconds 
========================================================================
Received Import Request.
  Time since last request: 0.000056 seconds.
  path: Assets/Backyard - Free/Separate Tiles/backyard_30.png
  artifactKey: Guid(672693817c97ec148834d2eee80677ce) Importer(815301076,1909f56bfc062723c751e8b465ee728b)
Start importing Assets/Backyard - Free/Separate Tiles/backyard_30.png using Guid(672693817c97ec148834d2eee80677ce) Importer(815301076,1909f56bfc062723c751e8b465ee728b)  -> (artifact id: '99adf596bfcaa18463c233d84cfb07ac') in 0.020426 seconds 
========================================================================
Received Import Request.
  Time since last request: 0.000053 seconds.
  path: Assets/Backyard - Free/Separate Tiles/backyard_04.png
  artifactKey: Guid(af91ea933b5621c4096f217ecfed268b) Importer(815301076,1909f56bfc062723c751e8b465ee728b)
Start importing Assets/Backyard - Free/Separate Tiles/backyard_04.png using Guid(af91ea933b5621c4096f217ecfed268b) Importer(815301076,1909f56bfc062723c751e8b465ee728b)  -> (artifact id: '80423465b031ab8b98c8f1a9b4ce3da8') in 0.021084 seconds 
========================================================================
Received Import Request.
  Time since last request: 0.000039 seconds.
  path: Assets/Backyard - Free/Separate Tiles/backyard_42.png
  artifactKey: Guid(d74db131d4759364bb1798ca172068ef) Importer(815301076,1909f56bfc062723c751e8b465ee728b)
Start importing Assets/Backyard - Free/Separate Tiles/backyard_42.png using Guid(d74db131d4759364bb1798ca172068ef) Importer(815301076,1909f56bfc062723c751e8b465ee728b)  -> (artifact id: 'd9a22520099e3947a2b2f9b3c23ca066') in 0.020918 seconds 
========================================================================
Received Import Request.
  Time since last request: 0.000024 seconds.
  path: Assets/Backyard - Free/Separate Tiles/backyard_21.png
  artifactKey: Guid(f1ac63a9f734a9b478a0a8b4c07e39e5) Importer(815301076,1909f56bfc062723c751e8b465ee728b)
Start importing Assets/Backyard - Free/Separate Tiles/backyard_21.png using Guid(f1ac63a9f734a9b478a0a8b4c07e39e5) Importer(815301076,1909f56bfc062723c751e8b465ee728b)  -> (artifact id: 'bcc0c93d0388641c2959c79aab8b9816') in 0.021400 seconds 
Editor requested this worker to shutdown with reason: Scaling down because of idle timeout
AssetImportWorker is now disconnected from the server
Process exiting
Exiting without the bug reporter. Application will terminate with return code 0