Using pre-set license
Built from '2021.3/staging' branch; Version is '2021.3.15f1 (e8e88683f834) revision 15263878'; Using compiler version '192829333'; Build Type 'Release'
OS: 'Windows 10  (10.0.19045) 64bit Professional' Language: 'es' Physical Memory: 24454 MB
BatchMode: 1, IsHumanControllingUs: 0, StartBugReporterOnCrash: 0, Is64bit: 1, IsPro: 1

COMMAND LINE ARGUMENTS:
C:\Program Files\Unity\Hub\Editor\2021.3.15f1\Editor\Unity.exe
-adb2
-batchMode
-noUpm
-name
AssetImportWorker4
-projectPath
C:/Trabajo actual/Unity/PRIA/NinjaVsBuzo
-logFile
Logs/AssetImportWorker4.log
-srvPort
55457
Successfully changed project path to: C:/Trabajo actual/Unity/PRIA/NinjaVsBuzo
C:/Trabajo actual/Unity/PRIA/NinjaVsBuzo
[UnityMemory] Configuration Parameters - Can be set up in boot.config
    "memorysetup-bucket-allocator-granularity=16"
    "memorysetup-bucket-allocator-bucket-count=8"
    "memorysetup-bucket-allocator-block-size=33554432"
    "memorysetup-bucket-allocator-block-count=8"
    "memorysetup-main-allocator-block-size=16777216"
    "memorysetup-thread-allocator-block-size=16777216"
    "memorysetup-gfx-main-allocator-block-size=16777216"
    "memorysetup-gfx-thread-allocator-block-size=16777216"
    "memorysetup-cache-allocator-block-size=4194304"
    "memorysetup-typetree-allocator-block-size=2097152"
    "memorysetup-profiler-bucket-allocator-granularity=16"
    "memorysetup-profiler-bucket-allocator-bucket-count=8"
    "memorysetup-profiler-bucket-allocator-block-size=33554432"
    "memorysetup-profiler-bucket-allocator-block-count=8"
    "memorysetup-profiler-allocator-block-size=16777216"
    "memorysetup-profiler-editor-allocator-block-size=1048576"
    "memorysetup-temp-allocator-size-main=16777216"
    "memorysetup-job-temp-allocator-block-size=2097152"
    "memorysetup-job-temp-allocator-block-size-background=1048576"
    "memorysetup-job-temp-allocator-reduction-small-platforms=262144"
    "memorysetup-temp-allocator-size-background-worker=32768"
    "memorysetup-temp-allocator-size-job-worker=262144"
    "memorysetup-temp-allocator-size-preload-manager=33554432"
    "memorysetup-temp-allocator-size-nav-mesh-worker=65536"
    "memorysetup-temp-allocator-size-audio-worker=65536"
    "memorysetup-temp-allocator-size-cloud-worker=32768"
    "memorysetup-temp-allocator-size-gi-baking-worker=262144"
    "memorysetup-temp-allocator-size-gfx=262144"
Player connection [9824] Host "[IP] 192.168.1.113 [Port] 0 [Flags] 2 [Guid] 1147012335 [EditorId] 1147012335 [Version] 1048832 [Id] WindowsEditor(7,DESKTOP-5TFUSFC) [Debug] 1 [PackageName] WindowsEditor [ProjectName] Editor" joined multi-casting on [225.0.0.222:54997]...

Player connection [9824] Host "[IP] 192.168.1.113 [Port] 0 [Flags] 2 [Guid] 1147012335 [EditorId] 1147012335 [Version] 1048832 [Id] WindowsEditor(7,DESKTOP-5TFUSFC) [Debug] 1 [PackageName] WindowsEditor [ProjectName] Editor" joined alternative multi-casting on [225.0.0.222:34997]...

Refreshing native plugins compatible for Editor in 113.87 ms, found 4 plugins.
Preloading 0 native plugins for Editor in 0.00 ms.
Initialize engine version: 2021.3.15f1 (e8e88683f834)
[Subsystems] Discovering subsystems at path C:/Program Files/Unity/Hub/Editor/2021.3.15f1/Editor/Data/Resources/UnitySubsystems
[Subsystems] Discovering subsystems at path C:/Trabajo actual/Unity/PRIA/NinjaVsBuzo/Assets
GfxDevice: creating device client; threaded=0; jobified=0
Direct3D:
    Version:  Direct3D 11.0 [level 11.1]
    Renderer: AMD Radeon RX 6400 (ID=0x743f)
    Vendor:   ATI
    VRAM:     4051 MB
    Driver:   31.0.14057.5006
Initialize mono
Mono path[0] = 'C:/Program Files/Unity/Hub/Editor/2021.3.15f1/Editor/Data/Managed'
Mono path[1] = 'C:/Program Files/Unity/Hub/Editor/2021.3.15f1/Editor/Data/MonoBleedingEdge/lib/mono/unityjit-win32'
Mono config path = 'C:/Program Files/Unity/Hub/Editor/2021.3.15f1/Editor/Data/MonoBleedingEdge/etc'
Using monoOptions --debugger-agent=transport=dt_socket,embedding=1,server=y,suspend=n,address=127.0.0.1:56536
Begin MonoManager ReloadAssembly
Registering precompiled unity dll's ...
Register platform support module: C:/Program Files/Unity/Hub/Editor/2021.3.15f1/Editor/Data/PlaybackEngines/WebGLSupport/UnityEditor.WebGL.Extensions.dll
Register platform support module: C:/Program Files/Unity/Hub/Editor/2021.3.15f1/Editor/Data/PlaybackEngines/AndroidPlayer/UnityEditor.Android.Extensions.dll
Register platform support module: C:/Program Files/Unity/Hub/Editor/2021.3.15f1/Editor/Data/PlaybackEngines/WindowsStandaloneSupport/UnityEditor.WindowsStandalone.Extensions.dll
Register platform support module: C:/Program Files/Unity/Hub/Editor/2021.3.15f1/Editor/Data/PlaybackEngines/MetroSupport/UnityEditor.UWP.Extensions.dll
Registered in 0.008871 seconds.
Native extension for UWP target not found
Native extension for WindowsStandalone target not found
Native extension for Android target not found
Native extension for WebGL target not found
Refreshing native plugins compatible for Editor in 113.49 ms, found 4 plugins.
Preloading 0 native plugins for Editor in 0.00 ms.
Mono: successfully reloaded assembly
- Completed reload, in  0.894 seconds
Domain Reload Profiling:
	ReloadAssembly (895ms)
		BeginReloadAssembly (90ms)
			ExecutionOrderSort (0ms)
			DisableScriptedObjects (0ms)
			BackupInstance (0ms)
			ReleaseScriptingObjects (0ms)
			CreateAndSetChildDomain (1ms)
		EndReloadAssembly (570ms)
			LoadAssemblies (88ms)
			RebuildTransferFunctionScriptingTraits (0ms)
			SetupTypeCache (123ms)
			ReleaseScriptCaches (0ms)
			RebuildScriptCaches (30ms)
			SetupLoadedEditorAssemblies (358ms)
				LogAssemblyErrors (0ms)
				InitializePlatformSupportModulesInManaged (66ms)
				SetLoadedEditorAssemblies (2ms)
				RefreshPlugins (114ms)
				BeforeProcessingInitializeOnLoad (2ms)
				ProcessInitializeOnLoadAttributes (118ms)
				ProcessInitializeOnLoadMethodAttributes (57ms)
				AfterProcessingInitializeOnLoad (0ms)
				EditorAssembliesLoaded (0ms)
			ExecutionOrderSort2 (0ms)
			AwakeInstancesAfterBackupRestoration (0ms)
Platform modules already initialized, skipping
Registering precompiled user dll's ...
Registered in 0.010828 seconds.
Begin MonoManager ReloadAssembly
Symbol file LoadedFromMemory doesn't match image C:\Trabajo actual\Unity\PRIA\NinjaVsBuzo\Library\PackageCache\com.unity.visualscripting@1.7.8\Editor\VisualScripting.Core\Dependencies\YamlDotNet\Unity.VisualScripting.YamlDotNet.dll
Symbol file LoadedFromMemory doesn't match image C:\Trabajo actual\Unity\PRIA\NinjaVsBuzo\Library\PackageCache\com.unity.visualscripting@1.7.8\Editor\VisualScripting.Core\Dependencies\DotNetZip\Unity.VisualScripting.IonicZip.dll
Native extension for UWP target not found
Native extension for WindowsStandalone target not found
Native extension for Android target not found
Native extension for WebGL target not found
Refreshing native plugins compatible for Editor in 110.11 ms, found 4 plugins.
Preloading 0 native plugins for Editor in 0.00 ms.
Mono: successfully reloaded assembly
- Completed reload, in  4.490 seconds
Domain Reload Profiling:
	ReloadAssembly (4491ms)
		BeginReloadAssembly (260ms)
			ExecutionOrderSort (0ms)
			DisableScriptedObjects (7ms)
			BackupInstance (0ms)
			ReleaseScriptingObjects (0ms)
			CreateAndSetChildDomain (141ms)
		EndReloadAssembly (4079ms)
			LoadAssemblies (1371ms)
			RebuildTransferFunctionScriptingTraits (0ms)
			SetupTypeCache (904ms)
			ReleaseScriptCaches (1ms)
			RebuildScriptCaches (82ms)
			SetupLoadedEditorAssemblies (1672ms)
				LogAssemblyErrors (0ms)
				InitializePlatformSupportModulesInManaged (18ms)
				SetLoadedEditorAssemblies (0ms)
				RefreshPlugins (110ms)
				BeforeProcessingInitializeOnLoad (113ms)
				ProcessInitializeOnLoadAttributes (381ms)
				ProcessInitializeOnLoadMethodAttributes (1040ms)
				AfterProcessingInitializeOnLoad (10ms)
				EditorAssembliesLoaded (0ms)
			ExecutionOrderSort2 (0ms)
			AwakeInstancesAfterBackupRestoration (8ms)
Platform modules already initialized, skipping
========================================================================
Worker process is ready to serve import requests
Launched and connected shader compiler UnityShaderCompiler.exe after 0.05 seconds
Refreshing native plugins compatible for Editor in 0.82 ms, found 4 plugins.
Preloading 0 native plugins for Editor in 0.00 ms.
Unloading 4305 Unused Serialized files (Serialized files now loaded: 0)
Unloading 50 unused Assets / (229.4 KB). Loaded Objects now: 4754.
Memory consumption went from 161.3 MB to 161.1 MB.
Total: 4.088400 ms (FindLiveObjects: 0.333100 ms CreateObjectMapping: 0.378100 ms MarkObjects: 3.145900 ms  DeleteObjects: 0.229800 ms)

AssetImportParameters requested are different than current active one (requested -> active):
  custom:video-decoder-ogg-theora: a1e56fd34408186e4bbccfd4996cb3dc -> 
  custom:container-muxer-webm: aa71ff27fc2769a1b78a27578f13a17b -> 
  custom:container-demuxer-webm: 4f35f7cbe854078d1ac9338744f61a02 -> 
  custom:video-encoder-webm-vp8: eb34c28f22e8b96e1ab97ce403110664 -> 
  custom:audio-encoder-webm-vorbis: bf7c407c2cedff20999df2af8eb42d56 -> 
  custom:framework-win-MediaFoundation: 216162199b28c13a410421893ffa2e32 -> 
  custom:container-demuxer-ogg: 62fdf1f143b41e24485cea50d1cbac27 -> 
  custom:video-decoder-webm-vp8: 9c59270c3fd7afecdb556c50c9e8de78 -> 
  custom:audio-decoder-ogg-vorbis: bf7c407c2cedff20999df2af8eb42d56 -> 
========================================================================
Received Import Request.
  Time since last request: 1565661.116412 seconds.
  path: Assets/Pixel Adventure 1/Assets/Terrain/Terrain Sliced (16x16).png
  artifactKey: Guid(fc584d329b77b9545b9c9c8bb829e553) Importer(815301076,1909f56bfc062723c751e8b465ee728b)
Start importing Assets/Pixel Adventure 1/Assets/Terrain/Terrain Sliced (16x16).png using Guid(fc584d329b77b9545b9c9c8bb829e553) Importer(815301076,1909f56bfc062723c751e8b465ee728b)  -> (artifact id: '7e639f877504c505ea24f156e935dce5') in 0.365676 seconds 
========================================================================
Received Import Request.
  Time since last request: 0.317168 seconds.
  path: Assets/Pixel Adventure 1/Assets/Traps/Spiked Ball/Chain.png
  artifactKey: Guid(8baedcc19bcfee347a8aef42935eac87) Importer(815301076,1909f56bfc062723c751e8b465ee728b)
Start importing Assets/Pixel Adventure 1/Assets/Traps/Spiked Ball/Chain.png using Guid(8baedcc19bcfee347a8aef42935eac87) Importer(815301076,1909f56bfc062723c751e8b465ee728b)  -> (artifact id: '4dfb4eb06fa370d77bd1afdc86933427') in 0.024102 seconds 
========================================================================
Received Import Request.
  Time since last request: 4.989511 seconds.
  path: Assets/Pixel Adventure 1/Assets/Traps/Spike Head/Blink (54x52).png
  artifactKey: Guid(6ed38972fd0f4024c91aca33394d3cdd) Importer(815301076,1909f56bfc062723c751e8b465ee728b)
Start importing Assets/Pixel Adventure 1/Assets/Traps/Spike Head/Blink (54x52).png using Guid(6ed38972fd0f4024c91aca33394d3cdd) Importer(815301076,1909f56bfc062723c751e8b465ee728b)  -> (artifact id: 'a122e4c8cf8fc8ad5000b36514a36a08') in 0.032493 seconds 
========================================================================
Received Import Request.
  Time since last request: 0.000023 seconds.
  path: Assets/Pixel Adventure 1/Assets/Traps/Spike Head/Right Hit (54x52).png
  artifactKey: Guid(75b1a2f7cb6173c4d826963a35f18512) Importer(815301076,1909f56bfc062723c751e8b465ee728b)
Start importing Assets/Pixel Adventure 1/Assets/Traps/Spike Head/Right Hit (54x52).png using Guid(75b1a2f7cb6173c4d826963a35f18512) Importer(815301076,1909f56bfc062723c751e8b465ee728b)  -> (artifact id: '95d57c8f87feb4a24eefcda2ffc394e8') in 0.031670 seconds 
========================================================================
Received Import Request.
  Time since last request: 1.386338 seconds.
  path: Assets/Pixel Adventure 1/Assets/Traps/Sand Mud Ice/Ice Particle.png
  artifactKey: Guid(48b959756f0ed25489c149ed932257c2) Importer(815301076,1909f56bfc062723c751e8b465ee728b)
Start importing Assets/Pixel Adventure 1/Assets/Traps/Sand Mud Ice/Ice Particle.png using Guid(48b959756f0ed25489c149ed932257c2) Importer(815301076,1909f56bfc062723c751e8b465ee728b)  -> (artifact id: '6c2ac190b86e406d056b65261242867e') in 0.023872 seconds 
========================================================================
Received Import Request.
  Time since last request: 0.000022 seconds.
  path: Assets/Pixel Adventure 1/Assets/Traps/Sand Mud Ice/Sand Mud Ice Sliced (16x6).png
  artifactKey: Guid(d436f9306d1867c44b4d0c5c013fcb7e) Importer(815301076,1909f56bfc062723c751e8b465ee728b)
Start importing Assets/Pixel Adventure 1/Assets/Traps/Sand Mud Ice/Sand Mud Ice Sliced (16x6).png using Guid(d436f9306d1867c44b4d0c5c013fcb7e) Importer(815301076,1909f56bfc062723c751e8b465ee728b)  -> (artifact id: 'e2e843186a7cbc216c0f5a7a78372860') in 0.075982 seconds 
========================================================================
Received Import Request.
  Time since last request: 1.730886 seconds.
  path: Assets/Pixel Adventure 1/Assets/Traps/Rock Head/Blink (42x42).png
  artifactKey: Guid(e3e6b3d6c57dc7b488e7d1e8be902988) Importer(815301076,1909f56bfc062723c751e8b465ee728b)
Start importing Assets/Pixel Adventure 1/Assets/Traps/Rock Head/Blink (42x42).png using Guid(e3e6b3d6c57dc7b488e7d1e8be902988) Importer(815301076,1909f56bfc062723c751e8b465ee728b)  -> (artifact id: '067f131ea8b40be9afaaf2e38aa599ea') in 0.034253 seconds 
========================================================================
Received Import Request.
  Time since last request: 0.000029 seconds.
  path: Assets/Pixel Adventure 1/Assets/Traps/Rock Head/Top Hit (42x42).png
  artifactKey: Guid(cbc3de93d8c073148bfa4e9b375fe7f7) Importer(815301076,1909f56bfc062723c751e8b465ee728b)
Start importing Assets/Pixel Adventure 1/Assets/Traps/Rock Head/Top Hit (42x42).png using Guid(cbc3de93d8c073148bfa4e9b375fe7f7) Importer(815301076,1909f56bfc062723c751e8b465ee728b)  -> (artifact id: 'a82b604709a9229cfd8107f517b06c60') in 0.031806 seconds 
========================================================================
Received Import Request.
  Time since last request: 2.212544 seconds.
  path: Assets/Pixel Adventure 1/Assets/Traps/Platforms/Brown Off.png
  artifactKey: Guid(2cebb83e3d9b5b247be3eb722143beb7) Importer(815301076,1909f56bfc062723c751e8b465ee728b)
Start importing Assets/Pixel Adventure 1/Assets/Traps/Platforms/Brown Off.png using Guid(2cebb83e3d9b5b247be3eb722143beb7) Importer(815301076,1909f56bfc062723c751e8b465ee728b)  -> (artifact id: 'ed8b2bc20b0d8a86d724c7b942846647') in 0.028208 seconds 
========================================================================
Received Import Request.
  Time since last request: 0.000023 seconds.
  path: Assets/Pixel Adventure 1/Assets/Traps/Platforms/Grey Off.png
  artifactKey: Guid(19602dbd991e72f4c8df688afa341f3d) Importer(815301076,1909f56bfc062723c751e8b465ee728b)
Start importing Assets/Pixel Adventure 1/Assets/Traps/Platforms/Grey Off.png using Guid(19602dbd991e72f4c8df688afa341f3d) Importer(815301076,1909f56bfc062723c751e8b465ee728b)  -> (artifact id: '124771c08a016900cc54d929449a0727') in 0.020860 seconds 
========================================================================
Received Import Request.
  Time since last request: 1.089686 seconds.
  path: Assets/Pixel Adventure 1/Assets/Traps/Fire/Hit (16x32).png
  artifactKey: Guid(573c22279c1eb734696548dfba41d021) Importer(815301076,1909f56bfc062723c751e8b465ee728b)
Start importing Assets/Pixel Adventure 1/Assets/Traps/Fire/Hit (16x32).png using Guid(573c22279c1eb734696548dfba41d021) Importer(815301076,1909f56bfc062723c751e8b465ee728b)  -> (artifact id: '206d91e43be383d17b5c7983dc2488b4') in 0.031031 seconds 
========================================================================
Received Import Request.
  Time since last request: 1.375373 seconds.
  path: Assets/Pixel Adventure 1/Assets/Traps/Fan/Off.png
  artifactKey: Guid(1f268b33cadc6104287b8111b824e1e8) Importer(815301076,1909f56bfc062723c751e8b465ee728b)
Start importing Assets/Pixel Adventure 1/Assets/Traps/Fan/Off.png using Guid(1f268b33cadc6104287b8111b824e1e8) Importer(815301076,1909f56bfc062723c751e8b465ee728b)  -> (artifact id: '2deb9de7029463e1c5009b0fad58d72b') in 0.019780 seconds 
========================================================================
Received Import Request.
  Time since last request: 1.106434 seconds.
  path: Assets/Pixel Adventure 1/Assets/Traps/Falling Platforms/Off.png
  artifactKey: Guid(99329b87c11d1ee4f8d328e269a7073b) Importer(815301076,1909f56bfc062723c751e8b465ee728b)
Start importing Assets/Pixel Adventure 1/Assets/Traps/Falling Platforms/Off.png using Guid(99329b87c11d1ee4f8d328e269a7073b) Importer(815301076,1909f56bfc062723c751e8b465ee728b)  -> (artifact id: 'a1934201613d3672a252913f8694caa1') in 0.020277 seconds 
========================================================================
Received Import Request.
  Time since last request: 0.775177 seconds.
  path: Assets/Pixel Adventure 1/Assets/Traps/Blocks/HitSide (22x22).png
  artifactKey: Guid(a93caedcaa299f14e978454757f38077) Importer(815301076,1909f56bfc062723c751e8b465ee728b)
Start importing Assets/Pixel Adventure 1/Assets/Traps/Blocks/HitSide (22x22).png using Guid(a93caedcaa299f14e978454757f38077) Importer(815301076,1909f56bfc062723c751e8b465ee728b)  -> (artifact id: '9f46173ea3125bd60a63f94ce368db53') in 0.029895 seconds 
========================================================================
Received Import Request.
  Time since last request: 0.588880 seconds.
  path: Assets/Pixel Adventure 1/Assets/Traps/Arrow/Hit (18x18).png
  artifactKey: Guid(fc834c17a763e0141b0fec5d598e279b) Importer(815301076,1909f56bfc062723c751e8b465ee728b)
Start importing Assets/Pixel Adventure 1/Assets/Traps/Arrow/Hit (18x18).png using Guid(fc834c17a763e0141b0fec5d598e279b) Importer(815301076,1909f56bfc062723c751e8b465ee728b)  -> (artifact id: '9d12ea14c7f2be2ca95eadbe7270197c') in 0.026710 seconds 
========================================================================
Received Import Request.
  Time since last request: 6.431833 seconds.
  path: Assets/Pixel Adventure 1/Assets/Items/Fruits/Apple.png
  artifactKey: Guid(1ddc9afd21fec77489b1248d18f31b68) Importer(815301076,1909f56bfc062723c751e8b465ee728b)
Start importing Assets/Pixel Adventure 1/Assets/Items/Fruits/Apple.png using Guid(1ddc9afd21fec77489b1248d18f31b68) Importer(815301076,1909f56bfc062723c751e8b465ee728b)  -> (artifact id: 'aa650e6d748cc302e19f691d4fc098c7') in 0.054236 seconds 
========================================================================
Received Import Request.
  Time since last request: 0.000025 seconds.
  path: Assets/Pixel Adventure 1/Assets/Items/Fruits/Melon.png
  artifactKey: Guid(031678d507e557a41b7a16fc33bf6c39) Importer(815301076,1909f56bfc062723c751e8b465ee728b)
Start importing Assets/Pixel Adventure 1/Assets/Items/Fruits/Melon.png using Guid(031678d507e557a41b7a16fc33bf6c39) Importer(815301076,1909f56bfc062723c751e8b465ee728b)  -> (artifact id: '7d315510f0dc6109d2727b1bea4232ad') in 0.055509 seconds 
========================================================================
Received Import Request.
  Time since last request: 0.000025 seconds.
  path: Assets/Pixel Adventure 1/Assets/Items/Fruits/Collected.png
  artifactKey: Guid(be1a5bd13766ec048bab6f4c578baa0f) Importer(815301076,1909f56bfc062723c751e8b465ee728b)
Start importing Assets/Pixel Adventure 1/Assets/Items/Fruits/Collected.png using Guid(be1a5bd13766ec048bab6f4c578baa0f) Importer(815301076,1909f56bfc062723c751e8b465ee728b)  -> (artifact id: '4b516b93779e22bfc35303e05e4b3545') in 0.033109 seconds 
========================================================================
Received Import Request.
  Time since last request: 4.116155 seconds.
  path: Assets/Pixel Adventure 1/Assets/Items/Boxes/Box1/Break (28x24).png
  artifactKey: Guid(79022f0c1a1c5ce42bcba2ca880ef7fe) Importer(815301076,1909f56bfc062723c751e8b465ee728b)
Start importing Assets/Pixel Adventure 1/Assets/Items/Boxes/Box1/Break (28x24).png using Guid(79022f0c1a1c5ce42bcba2ca880ef7fe) Importer(815301076,1909f56bfc062723c751e8b465ee728b)  -> (artifact id: 'db345fe88243e5390f0c73528d2416be') in 0.029702 seconds 
========================================================================
Received Import Request.
  Time since last request: 0.893975 seconds.
  path: Assets/Pixel Adventure 1/Assets/Items/Boxes/Box2/Break (28x24).png
  artifactKey: Guid(a766483fddea6b64f827838e089d1970) Importer(815301076,1909f56bfc062723c751e8b465ee728b)
Start importing Assets/Pixel Adventure 1/Assets/Items/Boxes/Box2/Break (28x24).png using Guid(a766483fddea6b64f827838e089d1970) Importer(815301076,1909f56bfc062723c751e8b465ee728b)  -> (artifact id: 'e4f6f13076463f7cd7e705a122fc53b8') in 0.028446 seconds 
========================================================================
Received Import Request.
  Time since last request: 0.631986 seconds.
  path: Assets/Pixel Adventure 1/Assets/Items/Boxes/Box3/Break (28x24).png
  artifactKey: Guid(32cc0ed12a4ceea46a9c541b632a008f) Importer(815301076,1909f56bfc062723c751e8b465ee728b)
Start importing Assets/Pixel Adventure 1/Assets/Items/Boxes/Box3/Break (28x24).png using Guid(32cc0ed12a4ceea46a9c541b632a008f) Importer(815301076,1909f56bfc062723c751e8b465ee728b)  -> (artifact id: '1ec0274dad31e14ef3f4a8f665191786') in 0.028852 seconds 
========================================================================
Received Import Request.
  Time since last request: 4.655883 seconds.
  path: Assets/Pixel Adventure 1/Assets/Main Characters/Appearing (96x96).png
  artifactKey: Guid(3421078018dc3934a8c1ab3b7bf89aa0) Importer(815301076,1909f56bfc062723c751e8b465ee728b)
Start importing Assets/Pixel Adventure 1/Assets/Main Characters/Appearing (96x96).png using Guid(3421078018dc3934a8c1ab3b7bf89aa0) Importer(815301076,1909f56bfc062723c751e8b465ee728b)  -> (artifact id: 'd87ff70164798442f11f3c6756a9446a') in 0.034706 seconds 
========================================================================
Received Import Request.
  Time since last request: 30.432703 seconds.
  path: Assets/Pixel Adventure 1/Assets/Background/Blue.png
  artifactKey: Guid(8049ea91a9d5fca4dab4024c0915dbe6) Importer(815301076,1909f56bfc062723c751e8b465ee728b)
Start importing Assets/Pixel Adventure 1/Assets/Background/Blue.png using Guid(8049ea91a9d5fca4dab4024c0915dbe6) Importer(815301076,1909f56bfc062723c751e8b465ee728b)  -> (artifact id: 'c7051f72a8318953fe66bd8cb34c255e') in 0.025509 seconds 
========================================================================
Received Import Request.
  Time since last request: 0.000016 seconds.
  path: Assets/Pixel Adventure 1/Assets/Background/Pink.png
  artifactKey: Guid(348c3b734b11d3b4aa5c69e25b7113e6) Importer(815301076,1909f56bfc062723c751e8b465ee728b)
Start importing Assets/Pixel Adventure 1/Assets/Background/Pink.png using Guid(348c3b734b11d3b4aa5c69e25b7113e6) Importer(815301076,1909f56bfc062723c751e8b465ee728b)  -> (artifact id: '8eeae163adc9466826aa786244c73d94') in 0.025511 seconds 
========================================================================
Received Import Request.
  Time since last request: 7.001512 seconds.
  path: Assets/Pixel Adventure 1/Assets/Items/Checkpoints/Checkpoint/Checkpoint (Flag Idle)(64x64).png
  artifactKey: Guid(27a107940057e8743a507269b18a691a) Importer(815301076,1909f56bfc062723c751e8b465ee728b)
Start importing Assets/Pixel Adventure 1/Assets/Items/Checkpoints/Checkpoint/Checkpoint (Flag Idle)(64x64).png using Guid(27a107940057e8743a507269b18a691a) Importer(815301076,1909f56bfc062723c751e8b465ee728b)  -> (artifact id: '316654d5262c6d022b0fce087f6bdb7a') in 0.043296 seconds 
========================================================================
Received Import Request.
  Time since last request: 1.284258 seconds.
  path: Assets/Pixel Adventure 1/Assets/Items/Checkpoints/End/End (Idle).png
  artifactKey: Guid(4668f08864533f24b9b5980d5cc57089) Importer(815301076,1909f56bfc062723c751e8b465ee728b)
Start importing Assets/Pixel Adventure 1/Assets/Items/Checkpoints/End/End (Idle).png using Guid(4668f08864533f24b9b5980d5cc57089) Importer(815301076,1909f56bfc062723c751e8b465ee728b)  -> (artifact id: '92cb38ac1346ee5acbc0afa4f9334fee') in 0.020394 seconds 
========================================================================
Received Import Request.
  Time since last request: 1.660063 seconds.
  path: Assets/Pixel Adventure 1/Assets/Items/Checkpoints/Start/Start (Idle).png
  artifactKey: Guid(3016a57ecc98e9e46b7a110ddd486ee9) Importer(815301076,1909f56bfc062723c751e8b465ee728b)
Start importing Assets/Pixel Adventure 1/Assets/Items/Checkpoints/Start/Start (Idle).png using Guid(3016a57ecc98e9e46b7a110ddd486ee9) Importer(815301076,1909f56bfc062723c751e8b465ee728b)  -> (artifact id: '89ee083684367c55af559c7b92f1badb') in 0.021518 seconds 
========================================================================
Received Import Request.
  Time since last request: 29.432227 seconds.
  path: Assets/Pixel Adventure 1/Assets/Traps/Saw/Chain.png
  artifactKey: Guid(c67ce4f5bcebc8943a10698b6614f86f) Importer(815301076,1909f56bfc062723c751e8b465ee728b)
Start importing Assets/Pixel Adventure 1/Assets/Traps/Saw/Chain.png using Guid(c67ce4f5bcebc8943a10698b6614f86f) Importer(815301076,1909f56bfc062723c751e8b465ee728b)  -> (artifact id: '3874141f291d4904ed6c0590ce0364be') in 0.024134 seconds 
========================================================================
Received Import Request.
  Time since last request: 39.621528 seconds.
  path: Assets/Pixel Adventure 1/Assets/Traps/Saw/Off.png
  artifactKey: Guid(ca5ce7f3f3ac3bb499d37119b1867d7e) Importer(815301076,1909f56bfc062723c751e8b465ee728b)
Start importing Assets/Pixel Adventure 1/Assets/Traps/Saw/Off.png using Guid(ca5ce7f3f3ac3bb499d37119b1867d7e) Importer(815301076,1909f56bfc062723c751e8b465ee728b)  -> (artifact id: '0dfed3abb4df669c7e0c6fc0f116430d') in 0.007206 seconds 
========================================================================
Received Import Request.
  Time since last request: 12.659116 seconds.
  path: Assets/Pixel Adventure 1/Assets/Traps/Saw/On (38x38).png
  artifactKey: Guid(c016f0eb0a188a14ab7f86d910097523) Importer(815301076,1909f56bfc062723c751e8b465ee728b)
Start importing Assets/Pixel Adventure 1/Assets/Traps/Saw/On (38x38).png using Guid(c016f0eb0a188a14ab7f86d910097523) Importer(815301076,1909f56bfc062723c751e8b465ee728b)  -> (artifact id: 'aa04239f388128482f7319758d8519bf') in 0.019050 seconds 
========================================================================
Received Import Request.
  Time since last request: 11.702223 seconds.
  path: Assets/Resources/Frog.prefab
  artifactKey: Guid(b8f374e94f0045b4d9dda49aca0c84be) Importer(815301076,1909f56bfc062723c751e8b465ee728b)
Start importing Assets/Resources/Frog.prefab using Guid(b8f374e94f0045b4d9dda49aca0c84be) Importer(815301076,1909f56bfc062723c751e8b465ee728b)  -> (artifact id: '5f488da7a9622557015cb8a70d4d574a') in 0.107731 seconds 
========================================================================
Received Import Request.
  Time since last request: 793.721410 seconds.
  path: Assets/Scripts
  artifactKey: Guid(81f4e9c534b8ab047a5dc295ab8d284a) Importer(815301076,1909f56bfc062723c751e8b465ee728b)
Start importing Assets/Scripts using Guid(81f4e9c534b8ab047a5dc295ab8d284a) Importer(815301076,1909f56bfc062723c751e8b465ee728b)  -> (artifact id: 'dd450a260771945bda17f2ca01f6d40f') in 0.008948 seconds 
========================================================================
Received Import Request.
  Time since last request: 6.771993 seconds.
  path: Assets/Scripts/Shuriken.cs
  artifactKey: Guid(ad61b494e34c48b4b86bd58bfa449fa8) Importer(815301076,1909f56bfc062723c751e8b465ee728b)
Start importing Assets/Scripts/Shuriken.cs using Guid(ad61b494e34c48b4b86bd58bfa449fa8) Importer(815301076,1909f56bfc062723c751e8b465ee728b)  -> (artifact id: 'c99a6724740e32fa4be6adb029a9741b') in 0.017005 seconds 
========================================================================
Received Prepare
Registering precompiled user dll's ...
Registered in 0.008506 seconds.
Begin MonoManager ReloadAssembly
Symbol file LoadedFromMemory doesn't match image C:\Trabajo actual\Unity\PRIA\NinjaVsBuzo\Library\PackageCache\com.unity.visualscripting@1.7.8\Editor\VisualScripting.Core\Dependencies\YamlDotNet\Unity.VisualScripting.YamlDotNet.dll
Symbol file LoadedFromMemory doesn't match image C:\Trabajo actual\Unity\PRIA\NinjaVsBuzo\Library\PackageCache\com.unity.visualscripting@1.7.8\Editor\VisualScripting.Core\Dependencies\DotNetZip\Unity.VisualScripting.IonicZip.dll
Native extension for UWP target not found
Native extension for WindowsStandalone target not found
Native extension for Android target not found
Native extension for WebGL target not found
Refreshing native plugins compatible for Editor in 0.92 ms, found 4 plugins.
Preloading 0 native plugins for Editor in 0.00 ms.
Mono: successfully reloaded assembly
- Completed reload, in  1.351 seconds
Domain Reload Profiling:
	ReloadAssembly (1352ms)
		BeginReloadAssembly (165ms)
			ExecutionOrderSort (0ms)
			DisableScriptedObjects (7ms)
			BackupInstance (0ms)
			ReleaseScriptingObjects (0ms)
			CreateAndSetChildDomain (53ms)
		EndReloadAssembly (1053ms)
			LoadAssemblies (111ms)
			RebuildTransferFunctionScriptingTraits (0ms)
			SetupTypeCache (350ms)
			ReleaseScriptCaches (2ms)
			RebuildScriptCaches (62ms)
			SetupLoadedEditorAssemblies (468ms)
				LogAssemblyErrors (0ms)
				InitializePlatformSupportModulesInManaged (29ms)
				SetLoadedEditorAssemblies (1ms)
				RefreshPlugins (1ms)
				BeforeProcessingInitializeOnLoad (101ms)
				ProcessInitializeOnLoadAttributes (276ms)
				ProcessInitializeOnLoadMethodAttributes (51ms)
				AfterProcessingInitializeOnLoad (9ms)
				EditorAssembliesLoaded (0ms)
			ExecutionOrderSort2 (0ms)
			AwakeInstancesAfterBackupRestoration (11ms)
Platform modules already initialized, skipping
Refreshing native plugins compatible for Editor in 2.78 ms, found 4 plugins.
Preloading 0 native plugins for Editor in 0.00 ms.
Unloading 4287 Unused Serialized files (Serialized files now loaded: 0)
Unloading 36 unused Assets / (197.0 KB). Loaded Objects now: 4811.
Memory consumption went from 164.4 MB to 164.2 MB.
Total: 3.258900 ms (FindLiveObjects: 0.281600 ms CreateObjectMapping: 0.139500 ms MarkObjects: 2.693800 ms  DeleteObjects: 0.143100 ms)

AssetImportParameters requested are different than current active one (requested -> active):
  custom:video-decoder-ogg-theora: a1e56fd34408186e4bbccfd4996cb3dc -> 
  custom:container-muxer-webm: aa71ff27fc2769a1b78a27578f13a17b -> 
  custom:container-demuxer-webm: 4f35f7cbe854078d1ac9338744f61a02 -> 
  custom:video-encoder-webm-vp8: eb34c28f22e8b96e1ab97ce403110664 -> 
  custom:audio-encoder-webm-vorbis: bf7c407c2cedff20999df2af8eb42d56 -> 
  custom:framework-win-MediaFoundation: 216162199b28c13a410421893ffa2e32 -> 
  custom:container-demuxer-ogg: 62fdf1f143b41e24485cea50d1cbac27 -> 
  custom:video-decoder-webm-vp8: 9c59270c3fd7afecdb556c50c9e8de78 -> 
  custom:audio-decoder-ogg-vorbis: bf7c407c2cedff20999df2af8eb42d56 -> 
========================================================================
Received Prepare
Registering precompiled user dll's ...
Registered in 0.012083 seconds.
Begin MonoManager ReloadAssembly
Symbol file LoadedFromMemory doesn't match image C:\Trabajo actual\Unity\PRIA\NinjaVsBuzo\Library\PackageCache\com.unity.visualscripting@1.7.8\Editor\VisualScripting.Core\Dependencies\YamlDotNet\Unity.VisualScripting.YamlDotNet.dll
Symbol file LoadedFromMemory doesn't match image C:\Trabajo actual\Unity\PRIA\NinjaVsBuzo\Library\PackageCache\com.unity.visualscripting@1.7.8\Editor\VisualScripting.Core\Dependencies\DotNetZip\Unity.VisualScripting.IonicZip.dll
Native extension for UWP target not found
Native extension for WindowsStandalone target not found
Native extension for Android target not found
Native extension for WebGL target not found
Refreshing native plugins compatible for Editor in 1.31 ms, found 4 plugins.
Preloading 0 native plugins for Editor in 0.00 ms.
Mono: successfully reloaded assembly
- Completed reload, in  1.374 seconds
Domain Reload Profiling:
	ReloadAssembly (1375ms)
		BeginReloadAssembly (171ms)
			ExecutionOrderSort (0ms)
			DisableScriptedObjects (9ms)
			BackupInstance (0ms)
			ReleaseScriptingObjects (0ms)
			CreateAndSetChildDomain (55ms)
		EndReloadAssembly (1073ms)
			LoadAssemblies (105ms)
			RebuildTransferFunctionScriptingTraits (0ms)
			SetupTypeCache (349ms)
			ReleaseScriptCaches (2ms)
			RebuildScriptCaches (69ms)
			SetupLoadedEditorAssemblies (490ms)
				LogAssemblyErrors (0ms)
				InitializePlatformSupportModulesInManaged (36ms)
				SetLoadedEditorAssemblies (1ms)
				RefreshPlugins (1ms)
				BeforeProcessingInitializeOnLoad (108ms)
				ProcessInitializeOnLoadAttributes (289ms)
				ProcessInitializeOnLoadMethodAttributes (48ms)
				AfterProcessingInitializeOnLoad (8ms)
				EditorAssembliesLoaded (0ms)
			ExecutionOrderSort2 (0ms)
			AwakeInstancesAfterBackupRestoration (10ms)
Platform modules already initialized, skipping
Refreshing native plugins compatible for Editor in 2.94 ms, found 4 plugins.
Preloading 0 native plugins for Editor in 0.00 ms.
Unloading 4287 Unused Serialized files (Serialized files now loaded: 0)
Unloading 36 unused Assets / (195.9 KB). Loaded Objects now: 4815.
Memory consumption went from 164.4 MB to 164.2 MB.
Total: 3.175800 ms (FindLiveObjects: 0.300400 ms CreateObjectMapping: 0.138400 ms MarkObjects: 2.563300 ms  DeleteObjects: 0.172700 ms)

AssetImportParameters requested are different than current active one (requested -> active):
  custom:video-decoder-ogg-theora: a1e56fd34408186e4bbccfd4996cb3dc -> 
  custom:container-muxer-webm: aa71ff27fc2769a1b78a27578f13a17b -> 
  custom:container-demuxer-webm: 4f35f7cbe854078d1ac9338744f61a02 -> 
  custom:video-encoder-webm-vp8: eb34c28f22e8b96e1ab97ce403110664 -> 
  custom:audio-encoder-webm-vorbis: bf7c407c2cedff20999df2af8eb42d56 -> 
  custom:framework-win-MediaFoundation: 216162199b28c13a410421893ffa2e32 -> 
  custom:container-demuxer-ogg: 62fdf1f143b41e24485cea50d1cbac27 -> 
  custom:video-decoder-webm-vp8: 9c59270c3fd7afecdb556c50c9e8de78 -> 
  custom:audio-decoder-ogg-vorbis: bf7c407c2cedff20999df2af8eb42d56 -> 
========================================================================
Received Import Request.
  Time since last request: 127.783413 seconds.
  path: Assets/Scripts/Shuriken.cs
  artifactKey: Guid(ad61b494e34c48b4b86bd58bfa449fa8) Importer(815301076,1909f56bfc062723c751e8b465ee728b)
Start importing Assets/Scripts/Shuriken.cs using Guid(ad61b494e34c48b4b86bd58bfa449fa8) Importer(815301076,1909f56bfc062723c751e8b465ee728b)  -> (artifact id: 'd78ac2d479f82652e7ad85704a25dce4') in 0.014006 seconds 
========================================================================
Received Prepare
Registering precompiled user dll's ...
Registered in 0.011678 seconds.
Begin MonoManager ReloadAssembly
Symbol file LoadedFromMemory doesn't match image C:\Trabajo actual\Unity\PRIA\NinjaVsBuzo\Library\PackageCache\com.unity.visualscripting@1.7.8\Editor\VisualScripting.Core\Dependencies\YamlDotNet\Unity.VisualScripting.YamlDotNet.dll
Symbol file LoadedFromMemory doesn't match image C:\Trabajo actual\Unity\PRIA\NinjaVsBuzo\Library\PackageCache\com.unity.visualscripting@1.7.8\Editor\VisualScripting.Core\Dependencies\DotNetZip\Unity.VisualScripting.IonicZip.dll
Native extension for UWP target not found
Native extension for WindowsStandalone target not found
Native extension for Android target not found
Native extension for WebGL target not found
Refreshing native plugins compatible for Editor in 0.77 ms, found 4 plugins.
Preloading 0 native plugins for Editor in 0.00 ms.
Mono: successfully reloaded assembly
- Completed reload, in  1.294 seconds
Domain Reload Profiling:
	ReloadAssembly (1295ms)
		BeginReloadAssembly (156ms)
			ExecutionOrderSort (0ms)
			DisableScriptedObjects (9ms)
			BackupInstance (0ms)
			ReleaseScriptingObjects (0ms)
			CreateAndSetChildDomain (48ms)
		EndReloadAssembly (1026ms)
			LoadAssemblies (102ms)
			RebuildTransferFunctionScriptingTraits (0ms)
			SetupTypeCache (340ms)
			ReleaseScriptCaches (2ms)
			RebuildScriptCaches (59ms)
			SetupLoadedEditorAssemblies (457ms)
				LogAssemblyErrors (0ms)
				InitializePlatformSupportModulesInManaged (30ms)
				SetLoadedEditorAssemblies (1ms)
				RefreshPlugins (1ms)
				BeforeProcessingInitializeOnLoad (101ms)
				ProcessInitializeOnLoadAttributes (266ms)
				ProcessInitializeOnLoadMethodAttributes (49ms)
				AfterProcessingInitializeOnLoad (9ms)
				EditorAssembliesLoaded (0ms)
			ExecutionOrderSort2 (0ms)
			AwakeInstancesAfterBackupRestoration (11ms)
Platform modules already initialized, skipping
Refreshing native plugins compatible for Editor in 2.73 ms, found 4 plugins.
Preloading 0 native plugins for Editor in 0.00 ms.
Unloading 4287 Unused Serialized files (Serialized files now loaded: 0)
Unloading 36 unused Assets / (196.7 KB). Loaded Objects now: 4819.
Memory consumption went from 164.4 MB to 164.3 MB.
Total: 3.468400 ms (FindLiveObjects: 0.303900 ms CreateObjectMapping: 0.294200 ms MarkObjects: 2.712600 ms  DeleteObjects: 0.156900 ms)

AssetImportParameters requested are different than current active one (requested -> active):
  custom:video-decoder-ogg-theora: a1e56fd34408186e4bbccfd4996cb3dc -> 
  custom:container-muxer-webm: aa71ff27fc2769a1b78a27578f13a17b -> 
  custom:container-demuxer-webm: 4f35f7cbe854078d1ac9338744f61a02 -> 
  custom:video-encoder-webm-vp8: eb34c28f22e8b96e1ab97ce403110664 -> 
  custom:audio-encoder-webm-vorbis: bf7c407c2cedff20999df2af8eb42d56 -> 
  custom:framework-win-MediaFoundation: 216162199b28c13a410421893ffa2e32 -> 
  custom:container-demuxer-ogg: 62fdf1f143b41e24485cea50d1cbac27 -> 
  custom:video-decoder-webm-vp8: 9c59270c3fd7afecdb556c50c9e8de78 -> 
  custom:audio-decoder-ogg-vorbis: bf7c407c2cedff20999df2af8eb42d56 -> 
========================================================================
Received Import Request.
  Time since last request: 246.327647 seconds.
  path: Assets/Resources/Shuriken.prefab
  artifactKey: Guid(b532706bf45ffc94f97bcada5213d116) Importer(815301076,1909f56bfc062723c751e8b465ee728b)
Start importing Assets/Resources/Shuriken.prefab using Guid(b532706bf45ffc94f97bcada5213d116) Importer(815301076,1909f56bfc062723c751e8b465ee728b)  -> (artifact id: 'd1d6df299d31ae72660b129af8b1240b') in 0.073984 seconds 
========================================================================
Received Import Request.
  Time since last request: 0.091845 seconds.
  path: Assets/Resources/Shuriken.prefab
  artifactKey: Guid(b532706bf45ffc94f97bcada5213d116) Importer(815301076,1909f56bfc062723c751e8b465ee728b)
Start importing Assets/Resources/Shuriken.prefab using Guid(b532706bf45ffc94f97bcada5213d116) Importer(815301076,1909f56bfc062723c751e8b465ee728b)  -> (artifact id: 'bf7efddb72e09cf003b36ef3a552e95e') in 0.009202 seconds 
========================================================================
Received Import Request.
  Time since last request: 147.196912 seconds.
  path: Assets/Resources/Frog.prefab
  artifactKey: Guid(b8f374e94f0045b4d9dda49aca0c84be) Importer(815301076,1909f56bfc062723c751e8b465ee728b)
Start importing Assets/Resources/Frog.prefab using Guid(b8f374e94f0045b4d9dda49aca0c84be) Importer(815301076,1909f56bfc062723c751e8b465ee728b)  -> (artifact id: '6382f7c9151c39f5dbb6132caebef52a') in 0.012828 seconds 
========================================================================
Received Import Request.
  Time since last request: 4.399020 seconds.
  path: Assets/Resources/Frog.prefab
  artifactKey: Guid(b8f374e94f0045b4d9dda49aca0c84be) Importer(815301076,1909f56bfc062723c751e8b465ee728b)
Start importing Assets/Resources/Frog.prefab using Guid(b8f374e94f0045b4d9dda49aca0c84be) Importer(815301076,1909f56bfc062723c751e8b465ee728b)  -> (artifact id: '2ba7d92180398bf5d6c66ec38dbd3c66') in 0.012609 seconds 
========================================================================
Received Import Request.
  Time since last request: 3.010707 seconds.
  path: Assets/Resources/Frog.prefab
  artifactKey: Guid(b8f374e94f0045b4d9dda49aca0c84be) Importer(815301076,1909f56bfc062723c751e8b465ee728b)
Start importing Assets/Resources/Frog.prefab using Guid(b8f374e94f0045b4d9dda49aca0c84be) Importer(815301076,1909f56bfc062723c751e8b465ee728b)  -> (artifact id: 'c05c4e3e78d18d5be31ca9d85a750fa1') in 0.013813 seconds 
========================================================================
Received Import Request.
  Time since last request: 2.402436 seconds.
  path: Assets/Resources/Frog.prefab
  artifactKey: Guid(b8f374e94f0045b4d9dda49aca0c84be) Importer(815301076,1909f56bfc062723c751e8b465ee728b)
Start importing Assets/Resources/Frog.prefab using Guid(b8f374e94f0045b4d9dda49aca0c84be) Importer(815301076,1909f56bfc062723c751e8b465ee728b)  -> (artifact id: 'dc6e93492009e9babc1d1a384255f1d5') in 0.012642 seconds 
========================================================================
Received Import Request.
  Time since last request: 1.637557 seconds.
  path: Assets/Resources/Frog.prefab
  artifactKey: Guid(b8f374e94f0045b4d9dda49aca0c84be) Importer(815301076,1909f56bfc062723c751e8b465ee728b)
Start importing Assets/Resources/Frog.prefab using Guid(b8f374e94f0045b4d9dda49aca0c84be) Importer(815301076,1909f56bfc062723c751e8b465ee728b)  -> (artifact id: '4ff2dbbac44bbc8347522f82c6dc2ad9') in 0.011989 seconds 
========================================================================
Received Import Request.
  Time since last request: 126.412236 seconds.
  path: Assets/Resources/MaskDude.prefab
  artifactKey: Guid(735094b512e4f7349820155786e84874) Importer(815301076,1909f56bfc062723c751e8b465ee728b)
Start importing Assets/Resources/MaskDude.prefab using Guid(735094b512e4f7349820155786e84874) Importer(815301076,1909f56bfc062723c751e8b465ee728b)  -> (artifact id: '0c64000bdfb09c26ef4e4ba9c350151a') in 0.018788 seconds 
========================================================================
Received Import Request.
  Time since last request: 3.383406 seconds.
  path: Assets/Resources/MaskDude.prefab
  artifactKey: Guid(735094b512e4f7349820155786e84874) Importer(815301076,1909f56bfc062723c751e8b465ee728b)
Start importing Assets/Resources/MaskDude.prefab using Guid(735094b512e4f7349820155786e84874) Importer(815301076,1909f56bfc062723c751e8b465ee728b)  -> (artifact id: '1739ca8271c3f5947f67f18bc3c3e7ad') in 0.011923 seconds 
========================================================================
Received Import Request.
  Time since last request: 2.999297 seconds.
  path: Assets/Resources/MaskDude.prefab
  artifactKey: Guid(735094b512e4f7349820155786e84874) Importer(815301076,1909f56bfc062723c751e8b465ee728b)
Start importing Assets/Resources/MaskDude.prefab using Guid(735094b512e4f7349820155786e84874) Importer(815301076,1909f56bfc062723c751e8b465ee728b)  -> (artifact id: 'c56ec253dd8c5d9c2638c414951b3b3f') in 0.012966 seconds 
========================================================================
Received Import Request.
  Time since last request: 1.634628 seconds.
  path: Assets/Resources/MaskDude.prefab
  artifactKey: Guid(735094b512e4f7349820155786e84874) Importer(815301076,1909f56bfc062723c751e8b465ee728b)
Start importing Assets/Resources/MaskDude.prefab using Guid(735094b512e4f7349820155786e84874) Importer(815301076,1909f56bfc062723c751e8b465ee728b)  -> (artifact id: '4abb8c0bc2c6e8c21503fdaff8f90c6b') in 0.012617 seconds 
========================================================================
Received Import Request.
  Time since last request: 3.587790 seconds.
  path: Assets/Resources/MaskDude.prefab
  artifactKey: Guid(735094b512e4f7349820155786e84874) Importer(815301076,1909f56bfc062723c751e8b465ee728b)
Start importing Assets/Resources/MaskDude.prefab using Guid(735094b512e4f7349820155786e84874) Importer(815301076,1909f56bfc062723c751e8b465ee728b)  -> (artifact id: '985ea4f2f9ebbe243fd456e5659259f3') in 0.013190 seconds 
========================================================================
Received Import Request.
  Time since last request: 49.462232 seconds.
  path: Assets/Resources/VirtualBoy.prefab
  artifactKey: Guid(e12ea33ce7927b74ba31a3ad5b9c6e1e) Importer(815301076,1909f56bfc062723c751e8b465ee728b)
Start importing Assets/Resources/VirtualBoy.prefab using Guid(e12ea33ce7927b74ba31a3ad5b9c6e1e) Importer(815301076,1909f56bfc062723c751e8b465ee728b)  -> (artifact id: '3c79f8756a7ae11e6cbf48f5fe9f06ac') in 0.018904 seconds 
========================================================================
Received Import Request.
  Time since last request: 4.177791 seconds.
  path: Assets/Resources/VirtualBoy.prefab
  artifactKey: Guid(e12ea33ce7927b74ba31a3ad5b9c6e1e) Importer(815301076,1909f56bfc062723c751e8b465ee728b)
Start importing Assets/Resources/VirtualBoy.prefab using Guid(e12ea33ce7927b74ba31a3ad5b9c6e1e) Importer(815301076,1909f56bfc062723c751e8b465ee728b)  -> (artifact id: '261ecf5ec460b39f54a6df8448174fb5') in 0.012089 seconds 
========================================================================
Received Import Request.
  Time since last request: 12.684996 seconds.
  path: Assets/Resources/VirtualBoy.prefab
  artifactKey: Guid(e12ea33ce7927b74ba31a3ad5b9c6e1e) Importer(815301076,1909f56bfc062723c751e8b465ee728b)
Start importing Assets/Resources/VirtualBoy.prefab using Guid(e12ea33ce7927b74ba31a3ad5b9c6e1e) Importer(815301076,1909f56bfc062723c751e8b465ee728b)  -> (artifact id: 'f7b312780754d40a99acf65603164445') in 0.012227 seconds 
========================================================================
Received Import Request.
  Time since last request: 2.202614 seconds.
  path: Assets/Resources/VirtualBoy.prefab
  artifactKey: Guid(e12ea33ce7927b74ba31a3ad5b9c6e1e) Importer(815301076,1909f56bfc062723c751e8b465ee728b)
Start importing Assets/Resources/VirtualBoy.prefab using Guid(e12ea33ce7927b74ba31a3ad5b9c6e1e) Importer(815301076,1909f56bfc062723c751e8b465ee728b)  -> (artifact id: '5e395d06696dc4db0a58c66d894af937') in 0.011819 seconds 
========================================================================
Received Import Request.
  Time since last request: 1.396498 seconds.
  path: Assets/Resources/VirtualBoy.prefab
  artifactKey: Guid(e12ea33ce7927b74ba31a3ad5b9c6e1e) Importer(815301076,1909f56bfc062723c751e8b465ee728b)
Start importing Assets/Resources/VirtualBoy.prefab using Guid(e12ea33ce7927b74ba31a3ad5b9c6e1e) Importer(815301076,1909f56bfc062723c751e8b465ee728b)  -> (artifact id: '8c40af9d410423eb7bf001e55bff76fb') in 0.013009 seconds 
========================================================================
Received Import Request.
  Time since last request: 1.423626 seconds.
  path: Assets/Resources/VirtualBoy.prefab
  artifactKey: Guid(e12ea33ce7927b74ba31a3ad5b9c6e1e) Importer(815301076,1909f56bfc062723c751e8b465ee728b)
Start importing Assets/Resources/VirtualBoy.prefab using Guid(e12ea33ce7927b74ba31a3ad5b9c6e1e) Importer(815301076,1909f56bfc062723c751e8b465ee728b)  -> (artifact id: '3aea68f6cdfc236c4d25dc0f00b70494') in 0.013371 seconds 
========================================================================
Received Import Request.
  Time since last request: 3.368551 seconds.
  path: Assets/Resources/VirtualBoy.prefab
  artifactKey: Guid(e12ea33ce7927b74ba31a3ad5b9c6e1e) Importer(815301076,1909f56bfc062723c751e8b465ee728b)
Start importing Assets/Resources/VirtualBoy.prefab using Guid(e12ea33ce7927b74ba31a3ad5b9c6e1e) Importer(815301076,1909f56bfc062723c751e8b465ee728b)  -> (artifact id: 'bb4b7343015aaa98483f222179fd61ca') in 0.012803 seconds 
========================================================================
Received Import Request.
  Time since last request: 1.832788 seconds.
  path: Assets/Resources/VirtualBoy.prefab
  artifactKey: Guid(e12ea33ce7927b74ba31a3ad5b9c6e1e) Importer(815301076,1909f56bfc062723c751e8b465ee728b)
Start importing Assets/Resources/VirtualBoy.prefab using Guid(e12ea33ce7927b74ba31a3ad5b9c6e1e) Importer(815301076,1909f56bfc062723c751e8b465ee728b)  -> (artifact id: 'a412606c83be8887b0b35d493372b735') in 0.011906 seconds 
========================================================================
Received Import Request.
  Time since last request: 126.208613 seconds.
  path: Assets/Scripts/Player.cs
  artifactKey: Guid(8503ec20b9cfd0b41aef497086a2f1db) Importer(815301076,1909f56bfc062723c751e8b465ee728b)
Start importing Assets/Scripts/Player.cs using Guid(8503ec20b9cfd0b41aef497086a2f1db) Importer(815301076,1909f56bfc062723c751e8b465ee728b)  -> (artifact id: '36058e9d05fd99d8991d4da273036134') in 0.008182 seconds 
========================================================================
Received Prepare
Registering precompiled user dll's ...
Registered in 0.009040 seconds.
Begin MonoManager ReloadAssembly
Symbol file LoadedFromMemory doesn't match image C:\Trabajo actual\Unity\PRIA\NinjaVsBuzo\Library\PackageCache\com.unity.visualscripting@1.7.8\Editor\VisualScripting.Core\Dependencies\YamlDotNet\Unity.VisualScripting.YamlDotNet.dll
Symbol file LoadedFromMemory doesn't match image C:\Trabajo actual\Unity\PRIA\NinjaVsBuzo\Library\PackageCache\com.unity.visualscripting@1.7.8\Editor\VisualScripting.Core\Dependencies\DotNetZip\Unity.VisualScripting.IonicZip.dll
Native extension for UWP target not found
Native extension for WindowsStandalone target not found
Native extension for Android target not found
Native extension for WebGL target not found
Refreshing native plugins compatible for Editor in 0.84 ms, found 4 plugins.
Preloading 0 native plugins for Editor in 0.00 ms.
Mono: successfully reloaded assembly
- Completed reload, in  1.323 seconds
Domain Reload Profiling:
	ReloadAssembly (1324ms)
		BeginReloadAssembly (150ms)
			ExecutionOrderSort (0ms)
			DisableScriptedObjects (7ms)
			BackupInstance (0ms)
			ReleaseScriptingObjects (0ms)
			CreateAndSetChildDomain (45ms)
		EndReloadAssembly (1053ms)
			LoadAssemblies (101ms)
			RebuildTransferFunctionScriptingTraits (0ms)
			SetupTypeCache (346ms)
			ReleaseScriptCaches (2ms)
			RebuildScriptCaches (61ms)
			SetupLoadedEditorAssemblies (472ms)
				LogAssemblyErrors (0ms)
				InitializePlatformSupportModulesInManaged (28ms)
				SetLoadedEditorAssemblies (1ms)
				RefreshPlugins (1ms)
				BeforeProcessingInitializeOnLoad (98ms)
				ProcessInitializeOnLoadAttributes (284ms)
				ProcessInitializeOnLoadMethodAttributes (50ms)
				AfterProcessingInitializeOnLoad (9ms)
				EditorAssembliesLoaded (0ms)
			ExecutionOrderSort2 (0ms)
			AwakeInstancesAfterBackupRestoration (12ms)
Platform modules already initialized, skipping
Refreshing native plugins compatible for Editor in 3.75 ms, found 4 plugins.
Preloading 0 native plugins for Editor in 0.00 ms.
Unloading 4287 Unused Serialized files (Serialized files now loaded: 0)
Unloading 36 unused Assets / (195.8 KB). Loaded Objects now: 4823.
Memory consumption went from 164.6 MB to 164.4 MB.
Total: 3.668200 ms (FindLiveObjects: 0.289900 ms CreateObjectMapping: 0.139600 ms MarkObjects: 3.054300 ms  DeleteObjects: 0.183500 ms)

AssetImportParameters requested are different than current active one (requested -> active):
  custom:video-decoder-ogg-theora: a1e56fd34408186e4bbccfd4996cb3dc -> 
  custom:container-muxer-webm: aa71ff27fc2769a1b78a27578f13a17b -> 
  custom:container-demuxer-webm: 4f35f7cbe854078d1ac9338744f61a02 -> 
  custom:video-encoder-webm-vp8: eb34c28f22e8b96e1ab97ce403110664 -> 
  custom:audio-encoder-webm-vorbis: bf7c407c2cedff20999df2af8eb42d56 -> 
  custom:framework-win-MediaFoundation: 216162199b28c13a410421893ffa2e32 -> 
  custom:container-demuxer-ogg: 62fdf1f143b41e24485cea50d1cbac27 -> 
  custom:video-decoder-webm-vp8: 9c59270c3fd7afecdb556c50c9e8de78 -> 
  custom:audio-decoder-ogg-vorbis: bf7c407c2cedff20999df2af8eb42d56 -> 
========================================================================
Received Import Request.
  Time since last request: 295.608704 seconds.
  path: Assets/Resources/MaskDude.prefab
  artifactKey: Guid(735094b512e4f7349820155786e84874) Importer(815301076,1909f56bfc062723c751e8b465ee728b)
Start importing Assets/Resources/MaskDude.prefab using Guid(735094b512e4f7349820155786e84874) Importer(815301076,1909f56bfc062723c751e8b465ee728b)  -> (artifact id: '4cdd6a4faf2e73ee6ea531764d2b9678') in 0.081557 seconds 
