Using pre-set license
Built from '2021.3/staging' branch; Version is '2021.3.15f1 (e8e88683f834) revision 15263878'; Using compiler version '192829333'; Build Type 'Release'
OS: 'Windows 10  (10.0.19045) 64bit Professional' Language: 'es' Physical Memory: 32621 MB
BatchMode: 1, IsHumanControllingUs: 0, StartBugReporterOnCrash: 0, Is64bit: 1, IsPro: 1

COMMAND LINE ARGUMENTS:
C:\Program Files\Unity\Hub\Editor\2021.3.15f1\Editor\Unity.exe
-adb2
-batchMode
-noUpm
-name
AssetImportWorker6
-projectPath
C:/Users/Gendiskan/Proyectos/Unity/PRIA/AdivinaMiNumero
-logFile
Logs/AssetImportWorker6.log
-srvPort
49441
Successfully changed project path to: C:/Users/Gendiskan/Proyectos/Unity/PRIA/AdivinaMiNumero
C:/Users/Gendiskan/Proyectos/Unity/PRIA/AdivinaMiNumero
[UnityMemory] Configuration Parameters - Can be set up in boot.config
    "memorysetup-bucket-allocator-granularity=16"
    "memorysetup-bucket-allocator-bucket-count=8"
    "memorysetup-bucket-allocator-block-size=33554432"
    "memorysetup-bucket-allocator-block-count=8"
    "memorysetup-main-allocator-block-size=16777216"
    "memorysetup-thread-allocator-block-size=16777216"
    "memorysetup-gfx-main-allocator-block-size=16777216"
    "memorysetup-gfx-thread-allocator-block-size=16777216"
    "memorysetup-cache-allocator-block-size=4194304"
    "memorysetup-typetree-allocator-block-size=2097152"
    "memorysetup-profiler-bucket-allocator-granularity=16"
    "memorysetup-profiler-bucket-allocator-bucket-count=8"
    "memorysetup-profiler-bucket-allocator-block-size=33554432"
    "memorysetup-profiler-bucket-allocator-block-count=8"
    "memorysetup-profiler-allocator-block-size=16777216"
    "memorysetup-profiler-editor-allocator-block-size=1048576"
    "memorysetup-temp-allocator-size-main=16777216"
    "memorysetup-job-temp-allocator-block-size=2097152"
    "memorysetup-job-temp-allocator-block-size-background=1048576"
    "memorysetup-job-temp-allocator-reduction-small-platforms=262144"
    "memorysetup-temp-allocator-size-background-worker=32768"
    "memorysetup-temp-allocator-size-job-worker=262144"
    "memorysetup-temp-allocator-size-preload-manager=33554432"
    "memorysetup-temp-allocator-size-nav-mesh-worker=65536"
    "memorysetup-temp-allocator-size-audio-worker=65536"
    "memorysetup-temp-allocator-size-cloud-worker=32768"
    "memorysetup-temp-allocator-size-gi-baking-worker=262144"
    "memorysetup-temp-allocator-size-gfx=262144"
Player connection [30724] Host "[IP] 192.168.1.141 [Port] 0 [Flags] 2 [Guid] 3893852868 [EditorId] 3893852868 [Version] 1048832 [Id] WindowsEditor(7,DESKTOP-OGHQBH3) [Debug] 1 [PackageName] WindowsEditor [ProjectName] Editor" joined multi-casting on [225.0.0.222:54997]...

Player connection [30724] Host "[IP] 192.168.1.141 [Port] 0 [Flags] 2 [Guid] 3893852868 [EditorId] 3893852868 [Version] 1048832 [Id] WindowsEditor(7,DESKTOP-OGHQBH3) [Debug] 1 [PackageName] WindowsEditor [ProjectName] Editor" joined alternative multi-casting on [225.0.0.222:34997]...

Refreshing native plugins compatible for Editor in 96.05 ms, found 4 plugins.
Preloading 0 native plugins for Editor in 0.00 ms.
Initialize engine version: 2021.3.15f1 (e8e88683f834)
[Subsystems] Discovering subsystems at path C:/Program Files/Unity/Hub/Editor/2021.3.15f1/Editor/Data/Resources/UnitySubsystems
[Subsystems] Discovering subsystems at path C:/Users/Gendiskan/Proyectos/Unity/PRIA/AdivinaMiNumero/Assets
GfxDevice: creating device client; threaded=0; jobified=0
Direct3D:
    Version:  Direct3D 11.0 [level 11.1]
    Renderer: NVIDIA GeForce GTX 1080 (ID=0x1b80)
    Vendor:   NVIDIA
    VRAM:     8073 MB
    Driver:   31.0.15.4629
Initialize mono
Mono path[0] = 'C:/Program Files/Unity/Hub/Editor/2021.3.15f1/Editor/Data/Managed'
Mono path[1] = 'C:/Program Files/Unity/Hub/Editor/2021.3.15f1/Editor/Data/MonoBleedingEdge/lib/mono/unityjit-win32'
Mono config path = 'C:/Program Files/Unity/Hub/Editor/2021.3.15f1/Editor/Data/MonoBleedingEdge/etc'
Using monoOptions --debugger-agent=transport=dt_socket,embedding=1,server=y,suspend=n,address=127.0.0.1:56604
Begin MonoManager ReloadAssembly
Registering precompiled unity dll's ...
Register platform support module: C:/Program Files/Unity/Hub/Editor/2021.3.15f1/Editor/Data/PlaybackEngines/WebGLSupport/UnityEditor.WebGL.Extensions.dll
Register platform support module: C:/Program Files/Unity/Hub/Editor/2021.3.15f1/Editor/Data/PlaybackEngines/AndroidPlayer/UnityEditor.Android.Extensions.dll
Register platform support module: C:/Program Files/Unity/Hub/Editor/2021.3.15f1/Editor/Data/PlaybackEngines/WindowsStandaloneSupport/UnityEditor.WindowsStandalone.Extensions.dll
Registered in 0.028838 seconds.
Native extension for WindowsStandalone target not found
Native extension for Android target not found
Native extension for WebGL target not found
Refreshing native plugins compatible for Editor in 90.59 ms, found 4 plugins.
Preloading 0 native plugins for Editor in 0.00 ms.
Mono: successfully reloaded assembly
- Completed reload, in  0.720 seconds
Domain Reload Profiling:
	ReloadAssembly (720ms)
		BeginReloadAssembly (109ms)
			ExecutionOrderSort (0ms)
			DisableScriptedObjects (0ms)
			BackupInstance (0ms)
			ReleaseScriptingObjects (0ms)
			CreateAndSetChildDomain (1ms)
		EndReloadAssembly (460ms)
			LoadAssemblies (103ms)
			RebuildTransferFunctionScriptingTraits (0ms)
			SetupTypeCache (95ms)
			ReleaseScriptCaches (0ms)
			RebuildScriptCaches (23ms)
			SetupLoadedEditorAssemblies (276ms)
				LogAssemblyErrors (0ms)
				InitializePlatformSupportModulesInManaged (64ms)
				SetLoadedEditorAssemblies (0ms)
				RefreshPlugins (91ms)
				BeforeProcessingInitializeOnLoad (1ms)
				ProcessInitializeOnLoadAttributes (82ms)
				ProcessInitializeOnLoadMethodAttributes (38ms)
				AfterProcessingInitializeOnLoad (0ms)
				EditorAssembliesLoaded (0ms)
			ExecutionOrderSort2 (0ms)
			AwakeInstancesAfterBackupRestoration (0ms)
Platform modules already initialized, skipping
Registering precompiled user dll's ...
Registered in 0.024311 seconds.
Begin MonoManager ReloadAssembly
Symbol file LoadedFromMemory doesn't match image C:\Users\Gendiskan\Proyectos\Unity\PRIA\AdivinaMiNumero\Library\PackageCache\com.unity.visualscripting@1.7.8\Editor\VisualScripting.Core\Dependencies\YamlDotNet\Unity.VisualScripting.YamlDotNet.dll
Symbol file LoadedFromMemory doesn't match image C:\Users\Gendiskan\Proyectos\Unity\PRIA\AdivinaMiNumero\Library\PackageCache\com.unity.visualscripting@1.7.8\Editor\VisualScripting.Core\Dependencies\DotNetZip\Unity.VisualScripting.IonicZip.dll
Native extension for WindowsStandalone target not found
Native extension for Android target not found
Native extension for WebGL target not found
Refreshing native plugins compatible for Editor in 85.57 ms, found 4 plugins.
Preloading 0 native plugins for Editor in 0.00 ms.
Mono: successfully reloaded assembly
- Completed reload, in  1.489 seconds
Domain Reload Profiling:
	ReloadAssembly (1490ms)
		BeginReloadAssembly (247ms)
			ExecutionOrderSort (0ms)
			DisableScriptedObjects (5ms)
			BackupInstance (0ms)
			ReleaseScriptingObjects (0ms)
			CreateAndSetChildDomain (127ms)
		EndReloadAssembly (1084ms)
			LoadAssemblies (168ms)
			RebuildTransferFunctionScriptingTraits (0ms)
			SetupTypeCache (231ms)
			ReleaseScriptCaches (0ms)
			RebuildScriptCaches (53ms)
			SetupLoadedEditorAssemblies (578ms)
				LogAssemblyErrors (0ms)
				InitializePlatformSupportModulesInManaged (24ms)
				SetLoadedEditorAssemblies (0ms)
				RefreshPlugins (86ms)
				BeforeProcessingInitializeOnLoad (151ms)
				ProcessInitializeOnLoadAttributes (246ms)
				ProcessInitializeOnLoadMethodAttributes (39ms)
				AfterProcessingInitializeOnLoad (32ms)
				EditorAssembliesLoaded (0ms)
			ExecutionOrderSort2 (0ms)
			AwakeInstancesAfterBackupRestoration (5ms)
Platform modules already initialized, skipping
========================================================================
Worker process is ready to serve import requests
Launched and connected shader compiler UnityShaderCompiler.exe after 0.04 seconds
Refreshing native plugins compatible for Editor in 0.91 ms, found 4 plugins.
Preloading 0 native plugins for Editor in 0.00 ms.
Unloading 4289 Unused Serialized files (Serialized files now loaded: 0)
Unloading 44 unused Assets / (56.4 KB). Loaded Objects now: 4743.
Memory consumption went from 158.9 MB to 158.8 MB.
Total: 2.721200 ms (FindLiveObjects: 0.260500 ms CreateObjectMapping: 0.084800 ms MarkObjects: 2.312500 ms  DeleteObjects: 0.062500 ms)

AssetImportParameters requested are different than current active one (requested -> active):
  custom:video-decoder-ogg-theora: a1e56fd34408186e4bbccfd4996cb3dc -> 
  custom:container-muxer-webm: aa71ff27fc2769a1b78a27578f13a17b -> 
  custom:container-demuxer-webm: 4f35f7cbe854078d1ac9338744f61a02 -> 
  custom:video-encoder-webm-vp8: eb34c28f22e8b96e1ab97ce403110664 -> 
  custom:audio-encoder-webm-vorbis: bf7c407c2cedff20999df2af8eb42d56 -> 
  custom:framework-win-MediaFoundation: 216162199b28c13a410421893ffa2e32 -> 
  custom:container-demuxer-ogg: 62fdf1f143b41e24485cea50d1cbac27 -> 
  custom:video-decoder-webm-vp8: 9c59270c3fd7afecdb556c50c9e8de78 -> 
  custom:audio-decoder-ogg-vorbis: bf7c407c2cedff20999df2af8eb42d56 -> 
========================================================================
Received Import Request.
  Time since last request: 1889967.575765 seconds.
  path: Assets/Brackeys/2D Mega Pack/Environment/Mountains&Platforms.png
  artifactKey: Guid(87b209f140a1f3c408061c67de42043c) Importer(815301076,1909f56bfc062723c751e8b465ee728b)
Start importing Assets/Brackeys/2D Mega Pack/Environment/Mountains&Platforms.png using Guid(87b209f140a1f3c408061c67de42043c) Importer(815301076,1909f56bfc062723c751e8b465ee728b)  -> (artifact id: 'bc17a82f180e7dafbcd97e64e3e68883') in 0.105497 seconds 
========================================================================
Received Import Request.
  Time since last request: 1.918638 seconds.
  path: Assets/Brackeys/2D Mega Pack/Enemies/Canon.png
  artifactKey: Guid(8bfadec067237c04ab16144f6847e733) Importer(815301076,1909f56bfc062723c751e8b465ee728b)
Start importing Assets/Brackeys/2D Mega Pack/Enemies/Canon.png using Guid(8bfadec067237c04ab16144f6847e733) Importer(815301076,1909f56bfc062723c751e8b465ee728b)  -> (artifact id: '8132354cb8f7cbf94f5f343acd9b60b5') in 0.011293 seconds 
========================================================================
Received Import Request.
  Time since last request: 0.398668 seconds.
  path: Assets/Brackeys/2D Mega Pack/Effects/Muzzleflash1.png
  artifactKey: Guid(537061d6ab4addf439f918145d65123e) Importer(815301076,1909f56bfc062723c751e8b465ee728b)
Start importing Assets/Brackeys/2D Mega Pack/Effects/Muzzleflash1.png using Guid(537061d6ab4addf439f918145d65123e) Importer(815301076,1909f56bfc062723c751e8b465ee728b)  -> (artifact id: 'fde70f9c7077b6c08afa76358f1bd87c') in 0.012735 seconds 
========================================================================
Received Import Request.
  Time since last request: 13.209642 seconds.
  path: Assets/Brackeys/2D Mega Pack/Enemies/Gothic/GothicEnemy02.png
  artifactKey: Guid(6978f24c2379e0d48ad8c2501e94d313) Importer(815301076,1909f56bfc062723c751e8b465ee728b)
Start importing Assets/Brackeys/2D Mega Pack/Enemies/Gothic/GothicEnemy02.png using Guid(6978f24c2379e0d48ad8c2501e94d313) Importer(815301076,1909f56bfc062723c751e8b465ee728b)  -> (artifact id: '44868eb588872e30ae660ee905dd6066') in 0.013814 seconds 
========================================================================
Received Import Request.
  Time since last request: 7.135004 seconds.
  path: Assets/Brackeys/2D Mega Pack/Environment/Gothic/DoorUp.png
  artifactKey: Guid(873b702d28a40a440a73c97c21d9fb57) Importer(815301076,1909f56bfc062723c751e8b465ee728b)
Start importing Assets/Brackeys/2D Mega Pack/Environment/Gothic/DoorUp.png using Guid(873b702d28a40a440a73c97c21d9fb57) Importer(815301076,1909f56bfc062723c751e8b465ee728b)  -> (artifact id: 'aca55947ab16b98ad1fd0ee65f2ef2ac') in 0.012125 seconds 
========================================================================
Received Import Request.
  Time since last request: 4.647527 seconds.
  path: Assets/Brackeys/2D Mega Pack/Environment/Grungy/Road.png
  artifactKey: Guid(bb0599f70babab94da85b4baa412a59b) Importer(815301076,1909f56bfc062723c751e8b465ee728b)
Start importing Assets/Brackeys/2D Mega Pack/Environment/Grungy/Road.png using Guid(bb0599f70babab94da85b4baa412a59b) Importer(815301076,1909f56bfc062723c751e8b465ee728b)  -> (artifact id: '33d114108503c1c55071e6ca008ad735') in 0.073503 seconds 
========================================================================
Received Import Request.
  Time since last request: 2.941367 seconds.
  path: Assets/Brackeys/2D Mega Pack/Environment/Stick Figure-like/Tree01.png
  artifactKey: Guid(74523066bc47fe84dbaa42e33b2e9adc) Importer(815301076,1909f56bfc062723c751e8b465ee728b)
Start importing Assets/Brackeys/2D Mega Pack/Environment/Stick Figure-like/Tree01.png using Guid(74523066bc47fe84dbaa42e33b2e9adc) Importer(815301076,1909f56bfc062723c751e8b465ee728b)  -> (artifact id: '4a53eaa854534192b36626a5c7d57ae2') in 0.013622 seconds 
========================================================================
Received Import Request.
  Time since last request: 0.710572 seconds.
  path: Assets/Brackeys/2D Mega Pack/Environment/Tiles/HollowTile.png
  artifactKey: Guid(096668a9e1bbbcf42a6e5773a5b591bc) Importer(815301076,1909f56bfc062723c751e8b465ee728b)
Start importing Assets/Brackeys/2D Mega Pack/Environment/Tiles/HollowTile.png using Guid(096668a9e1bbbcf42a6e5773a5b591bc) Importer(815301076,1909f56bfc062723c751e8b465ee728b)  -> (artifact id: '034c10f3aa343e73013befbde56fe416') in 0.010986 seconds 
========================================================================
Received Import Request.
  Time since last request: 8.567649 seconds.
  path: Assets/Brackeys/2D Mega Pack/Environment/Gold Miner/Pyramids.png
  artifactKey: Guid(9fdc2b7e1a8abbb4b88b95e2a3f4eb56) Importer(815301076,1909f56bfc062723c751e8b465ee728b)
Start importing Assets/Brackeys/2D Mega Pack/Environment/Gold Miner/Pyramids.png using Guid(9fdc2b7e1a8abbb4b88b95e2a3f4eb56) Importer(815301076,1909f56bfc062723c751e8b465ee728b)  -> (artifact id: 'bd0aeab0a6a44f1ac830b4bd81fe2379') in 0.011988 seconds 
========================================================================
Received Import Request.
  Time since last request: 1.317162 seconds.
  path: Assets/Brackeys/2D Mega Pack/Environment/Farming/Dirt_Mid.png
  artifactKey: Guid(cdd3802b2839b31409430e4f03c49fe4) Importer(815301076,1909f56bfc062723c751e8b465ee728b)
Start importing Assets/Brackeys/2D Mega Pack/Environment/Farming/Dirt_Mid.png using Guid(cdd3802b2839b31409430e4f03c49fe4) Importer(815301076,1909f56bfc062723c751e8b465ee728b)  -> (artifact id: 'd91643f94da69a475537bc419ed24805') in 0.012775 seconds 
========================================================================
Received Import Request.
  Time since last request: 11.838194 seconds.
  path: Assets/Brackeys/2D Mega Pack/Items & Icons/Arcade/Bullet.png
  artifactKey: Guid(89676eea46ffbb2499fc4723811a023c) Importer(815301076,1909f56bfc062723c751e8b465ee728b)
Start importing Assets/Brackeys/2D Mega Pack/Items & Icons/Arcade/Bullet.png using Guid(89676eea46ffbb2499fc4723811a023c) Importer(815301076,1909f56bfc062723c751e8b465ee728b)  -> (artifact id: '400335edde4f03b54c066644da0e1702') in 0.011295 seconds 
Editor requested this worker to shutdown with reason: Scaling down because of idle timeout
AssetImportWorker is now disconnected from the server
Process exiting
Exiting without the bug reporter. Application will terminate with return code 0