Using pre-set license
Built from '2021.3/staging' branch; Version is '2021.3.15f1 (e8e88683f834) revision 15263878'; Using compiler version '192829333'; Build Type 'Release'
OS: 'Windows 10  (10.0.19045) 64bit Professional' Language: 'es' Physical Memory: 32621 MB
BatchMode: 1, IsHumanControllingUs: 0, StartBugReporterOnCrash: 0, Is64bit: 1, IsPro: 1

COMMAND LINE ARGUMENTS:
C:\Program Files\Unity\Hub\Editor\2021.3.15f1\Editor\Unity.exe
-adb2
-batchMode
-noUpm
-name
AssetImportWorker5
-projectPath
C:/Users/Gendiskan/Proyectos/Unity/PRIA/AdivinaMiNumero
-logFile
Logs/AssetImportWorker5.log
-srvPort
49441
Successfully changed project path to: C:/Users/Gendiskan/Proyectos/Unity/PRIA/AdivinaMiNumero
C:/Users/Gendiskan/Proyectos/Unity/PRIA/AdivinaMiNumero
[UnityMemory] Configuration Parameters - Can be set up in boot.config
    "memorysetup-bucket-allocator-granularity=16"
    "memorysetup-bucket-allocator-bucket-count=8"
    "memorysetup-bucket-allocator-block-size=33554432"
    "memorysetup-bucket-allocator-block-count=8"
    "memorysetup-main-allocator-block-size=16777216"
    "memorysetup-thread-allocator-block-size=16777216"
    "memorysetup-gfx-main-allocator-block-size=16777216"
    "memorysetup-gfx-thread-allocator-block-size=16777216"
    "memorysetup-cache-allocator-block-size=4194304"
    "memorysetup-typetree-allocator-block-size=2097152"
    "memorysetup-profiler-bucket-allocator-granularity=16"
    "memorysetup-profiler-bucket-allocator-bucket-count=8"
    "memorysetup-profiler-bucket-allocator-block-size=33554432"
    "memorysetup-profiler-bucket-allocator-block-count=8"
    "memorysetup-profiler-allocator-block-size=16777216"
    "memorysetup-profiler-editor-allocator-block-size=1048576"
    "memorysetup-temp-allocator-size-main=16777216"
    "memorysetup-job-temp-allocator-block-size=2097152"
    "memorysetup-job-temp-allocator-block-size-background=1048576"
    "memorysetup-job-temp-allocator-reduction-small-platforms=262144"
    "memorysetup-temp-allocator-size-background-worker=32768"
    "memorysetup-temp-allocator-size-job-worker=262144"
    "memorysetup-temp-allocator-size-preload-manager=33554432"
    "memorysetup-temp-allocator-size-nav-mesh-worker=65536"
    "memorysetup-temp-allocator-size-audio-worker=65536"
    "memorysetup-temp-allocator-size-cloud-worker=32768"
    "memorysetup-temp-allocator-size-gi-baking-worker=262144"
    "memorysetup-temp-allocator-size-gfx=262144"
Player connection [22016] Host "[IP] 192.168.1.141 [Port] 0 [Flags] 2 [Guid] 2020892227 [EditorId] 2020892227 [Version] 1048832 [Id] WindowsEditor(7,DESKTOP-OGHQBH3) [Debug] 1 [PackageName] WindowsEditor [ProjectName] Editor" joined multi-casting on [225.0.0.222:54997]...

Player connection [22016] Host "[IP] 192.168.1.141 [Port] 0 [Flags] 2 [Guid] 2020892227 [EditorId] 2020892227 [Version] 1048832 [Id] WindowsEditor(7,DESKTOP-OGHQBH3) [Debug] 1 [PackageName] WindowsEditor [ProjectName] Editor" joined alternative multi-casting on [225.0.0.222:34997]...

Refreshing native plugins compatible for Editor in 93.32 ms, found 4 plugins.
Preloading 0 native plugins for Editor in 0.00 ms.
Initialize engine version: 2021.3.15f1 (e8e88683f834)
[Subsystems] Discovering subsystems at path C:/Program Files/Unity/Hub/Editor/2021.3.15f1/Editor/Data/Resources/UnitySubsystems
[Subsystems] Discovering subsystems at path C:/Users/Gendiskan/Proyectos/Unity/PRIA/AdivinaMiNumero/Assets
GfxDevice: creating device client; threaded=0; jobified=0
Direct3D:
    Version:  Direct3D 11.0 [level 11.1]
    Renderer: NVIDIA GeForce GTX 1080 (ID=0x1b80)
    Vendor:   NVIDIA
    VRAM:     8073 MB
    Driver:   31.0.15.4629
Initialize mono
Mono path[0] = 'C:/Program Files/Unity/Hub/Editor/2021.3.15f1/Editor/Data/Managed'
Mono path[1] = 'C:/Program Files/Unity/Hub/Editor/2021.3.15f1/Editor/Data/MonoBleedingEdge/lib/mono/unityjit-win32'
Mono config path = 'C:/Program Files/Unity/Hub/Editor/2021.3.15f1/Editor/Data/MonoBleedingEdge/etc'
Using monoOptions --debugger-agent=transport=dt_socket,embedding=1,server=y,suspend=n,address=127.0.0.1:56812
Begin MonoManager ReloadAssembly
Registering precompiled unity dll's ...
Register platform support module: C:/Program Files/Unity/Hub/Editor/2021.3.15f1/Editor/Data/PlaybackEngines/WebGLSupport/UnityEditor.WebGL.Extensions.dll
Register platform support module: C:/Program Files/Unity/Hub/Editor/2021.3.15f1/Editor/Data/PlaybackEngines/AndroidPlayer/UnityEditor.Android.Extensions.dll
Register platform support module: C:/Program Files/Unity/Hub/Editor/2021.3.15f1/Editor/Data/PlaybackEngines/WindowsStandaloneSupport/UnityEditor.WindowsStandalone.Extensions.dll
Registered in 0.028231 seconds.
Native extension for WindowsStandalone target not found
Native extension for Android target not found
Native extension for WebGL target not found
Refreshing native plugins compatible for Editor in 83.14 ms, found 4 plugins.
Preloading 0 native plugins for Editor in 0.00 ms.
Mono: successfully reloaded assembly
- Completed reload, in  0.682 seconds
Domain Reload Profiling:
	ReloadAssembly (682ms)
		BeginReloadAssembly (100ms)
			ExecutionOrderSort (0ms)
			DisableScriptedObjects (0ms)
			BackupInstance (0ms)
			ReleaseScriptingObjects (0ms)
			CreateAndSetChildDomain (0ms)
		EndReloadAssembly (435ms)
			LoadAssemblies (98ms)
			RebuildTransferFunctionScriptingTraits (0ms)
			SetupTypeCache (95ms)
			ReleaseScriptCaches (0ms)
			RebuildScriptCaches (23ms)
			SetupLoadedEditorAssemblies (255ms)
				LogAssemblyErrors (0ms)
				InitializePlatformSupportModulesInManaged (63ms)
				SetLoadedEditorAssemblies (2ms)
				RefreshPlugins (83ms)
				BeforeProcessingInitializeOnLoad (1ms)
				ProcessInitializeOnLoadAttributes (69ms)
				ProcessInitializeOnLoadMethodAttributes (36ms)
				AfterProcessingInitializeOnLoad (0ms)
				EditorAssembliesLoaded (0ms)
			ExecutionOrderSort2 (0ms)
			AwakeInstancesAfterBackupRestoration (0ms)
Platform modules already initialized, skipping
Registering precompiled user dll's ...
Registered in 0.024656 seconds.
Begin MonoManager ReloadAssembly
Symbol file LoadedFromMemory doesn't match image C:\Users\Gendiskan\Proyectos\Unity\PRIA\AdivinaMiNumero\Library\PackageCache\com.unity.visualscripting@1.7.8\Editor\VisualScripting.Core\Dependencies\YamlDotNet\Unity.VisualScripting.YamlDotNet.dll
Symbol file LoadedFromMemory doesn't match image C:\Users\Gendiskan\Proyectos\Unity\PRIA\AdivinaMiNumero\Library\PackageCache\com.unity.visualscripting@1.7.8\Editor\VisualScripting.Core\Dependencies\DotNetZip\Unity.VisualScripting.IonicZip.dll
Native extension for WindowsStandalone target not found
Native extension for Android target not found
Native extension for WebGL target not found
Refreshing native plugins compatible for Editor in 82.66 ms, found 4 plugins.
Preloading 0 native plugins for Editor in 0.00 ms.
Mono: successfully reloaded assembly
- Completed reload, in  1.328 seconds
Domain Reload Profiling:
	ReloadAssembly (1328ms)
		BeginReloadAssembly (203ms)
			ExecutionOrderSort (0ms)
			DisableScriptedObjects (3ms)
			BackupInstance (0ms)
			ReleaseScriptingObjects (0ms)
			CreateAndSetChildDomain (124ms)
		EndReloadAssembly (981ms)
			LoadAssemblies (123ms)
			RebuildTransferFunctionScriptingTraits (0ms)
			SetupTypeCache (214ms)
			ReleaseScriptCaches (0ms)
			RebuildScriptCaches (51ms)
			SetupLoadedEditorAssemblies (530ms)
				LogAssemblyErrors (0ms)
				InitializePlatformSupportModulesInManaged (22ms)
				SetLoadedEditorAssemblies (0ms)
				RefreshPlugins (83ms)
				BeforeProcessingInitializeOnLoad (132ms)
				ProcessInitializeOnLoadAttributes (230ms)
				ProcessInitializeOnLoadMethodAttributes (38ms)
				AfterProcessingInitializeOnLoad (26ms)
				EditorAssembliesLoaded (0ms)
			ExecutionOrderSort2 (0ms)
			AwakeInstancesAfterBackupRestoration (5ms)
Platform modules already initialized, skipping
========================================================================
Worker process is ready to serve import requests
Launched and connected shader compiler UnityShaderCompiler.exe after 0.03 seconds
Refreshing native plugins compatible for Editor in 0.43 ms, found 4 plugins.
Preloading 0 native plugins for Editor in 0.00 ms.
Unloading 4289 Unused Serialized files (Serialized files now loaded: 0)
Unloading 44 unused Assets / (56.4 KB). Loaded Objects now: 4743.
Memory consumption went from 158.9 MB to 158.8 MB.
Total: 1.742500 ms (FindLiveObjects: 0.147900 ms CreateObjectMapping: 0.054100 ms MarkObjects: 1.496500 ms  DeleteObjects: 0.043400 ms)

AssetImportParameters requested are different than current active one (requested -> active):
  custom:video-decoder-ogg-theora: a1e56fd34408186e4bbccfd4996cb3dc -> 
  custom:container-muxer-webm: aa71ff27fc2769a1b78a27578f13a17b -> 
  custom:container-demuxer-webm: 4f35f7cbe854078d1ac9338744f61a02 -> 
  custom:video-encoder-webm-vp8: eb34c28f22e8b96e1ab97ce403110664 -> 
  custom:audio-encoder-webm-vorbis: bf7c407c2cedff20999df2af8eb42d56 -> 
  custom:framework-win-MediaFoundation: 216162199b28c13a410421893ffa2e32 -> 
  custom:container-demuxer-ogg: 62fdf1f143b41e24485cea50d1cbac27 -> 
  custom:video-decoder-webm-vp8: 9c59270c3fd7afecdb556c50c9e8de78 -> 
  custom:audio-decoder-ogg-vorbis: bf7c407c2cedff20999df2af8eb42d56 -> 
========================================================================
Received Import Request.
  Time since last request: 1889797.149109 seconds.
  path: Assets/Brackeys/2D Mega Pack/Characters/Blob Players/BlobPlayer_Pink.png
  artifactKey: Guid(addd2af175d074643a3b1f29f6c23041) Importer(815301076,1909f56bfc062723c751e8b465ee728b)
Start importing Assets/Brackeys/2D Mega Pack/Characters/Blob Players/BlobPlayer_Pink.png using Guid(addd2af175d074643a3b1f29f6c23041) Importer(815301076,1909f56bfc062723c751e8b465ee728b)  -> (artifact id: '57af11ae7b75732375bb72a6168555ba') in 0.093633 seconds 
========================================================================
Received Import Request.
  Time since last request: 3.625196 seconds.
  path: Assets/Brackeys/2D Mega Pack/Characters/Soldiers/SoldiersFront.png
  artifactKey: Guid(db4367b3d41bdbb418fa7bdeea71e49e) Importer(815301076,1909f56bfc062723c751e8b465ee728b)
Start importing Assets/Brackeys/2D Mega Pack/Characters/Soldiers/SoldiersFront.png using Guid(db4367b3d41bdbb418fa7bdeea71e49e) Importer(815301076,1909f56bfc062723c751e8b465ee728b)  -> (artifact id: '660ed8a26380825ec54b02e5822ecbc9') in 0.010676 seconds 
========================================================================
Received Import Request.
  Time since last request: 0.417797 seconds.
  path: Assets/Brackeys/2D Mega Pack/Characters/Stickman/Stick_Head.png
  artifactKey: Guid(bb9dc33af8cec2a499646621219565dc) Importer(815301076,1909f56bfc062723c751e8b465ee728b)
Start importing Assets/Brackeys/2D Mega Pack/Characters/Stickman/Stick_Head.png using Guid(bb9dc33af8cec2a499646621219565dc) Importer(815301076,1909f56bfc062723c751e8b465ee728b)  -> (artifact id: 'ab9ad926d9a5cc69e72d9083840b746f') in 0.010845 seconds 
========================================================================
Received Import Request.
  Time since last request: 0.000014 seconds.
  path: Assets/Brackeys/2D Mega Pack/Characters/Stickman/Stick_Limb.png
  artifactKey: Guid(f34bece99f09dad4e8002e10e7eb9a88) Importer(815301076,1909f56bfc062723c751e8b465ee728b)
Start importing Assets/Brackeys/2D Mega Pack/Characters/Stickman/Stick_Limb.png using Guid(f34bece99f09dad4e8002e10e7eb9a88) Importer(815301076,1909f56bfc062723c751e8b465ee728b)  -> (artifact id: 'c0d57622742f830d7520fd0f1c880210') in 0.009067 seconds 
========================================================================
Received Import Request.
  Time since last request: 158.597412 seconds.
  path: Assets/Brackeys/2D Mega Pack/Shapes/Circle.png
  artifactKey: Guid(8f66c60fb167a0f4299a9865ef4badc9) Importer(815301076,1909f56bfc062723c751e8b465ee728b)
Start importing Assets/Brackeys/2D Mega Pack/Shapes/Circle.png using Guid(8f66c60fb167a0f4299a9865ef4badc9) Importer(815301076,1909f56bfc062723c751e8b465ee728b)  -> (artifact id: 'e118424f2b2d01f5f271113ef4445cc7') in 0.010469 seconds 
========================================================================
Received Import Request.
  Time since last request: 0.166190 seconds.
  path: Assets/Brackeys/2D Mega Pack/Shapes/LargeRing.png
  artifactKey: Guid(8f4ea53398839234fb3e3aceb76b36a5) Importer(815301076,1909f56bfc062723c751e8b465ee728b)
Start importing Assets/Brackeys/2D Mega Pack/Shapes/LargeRing.png using Guid(8f4ea53398839234fb3e3aceb76b36a5) Importer(815301076,1909f56bfc062723c751e8b465ee728b)  -> (artifact id: 'eaeb555540314bdabc5fffb23ef51352') in 0.079315 seconds 
========================================================================
Received Import Request.
  Time since last request: 0.000016 seconds.
  path: Assets/Brackeys/2D Mega Pack/Shapes/LargeSquare.png
  artifactKey: Guid(a28960bf12ee0ef439f0a3de86162ef9) Importer(815301076,1909f56bfc062723c751e8b465ee728b)
Start importing Assets/Brackeys/2D Mega Pack/Shapes/LargeSquare.png using Guid(a28960bf12ee0ef439f0a3de86162ef9) Importer(815301076,1909f56bfc062723c751e8b465ee728b)  -> (artifact id: '4968cea7a2c7b590dd71130163af45f2') in 0.199814 seconds 
========================================================================
Received Import Request.
  Time since last request: 1.497805 seconds.
  path: Assets/Brackeys/2D Mega Pack/Sounds/ButtonHover.wav
  artifactKey: Guid(e7992d172691ce147bde04a9ea103f2c) Importer(815301076,1909f56bfc062723c751e8b465ee728b)
Start importing Assets/Brackeys/2D Mega Pack/Sounds/ButtonHover.wav using Guid(e7992d172691ce147bde04a9ea103f2c) Importer(815301076,1909f56bfc062723c751e8b465ee728b)  -> (artifact id: '2cd87964e694b67456c03f0dac0f7b12') in 0.058962 seconds 
========================================================================
Received Import Request.
  Time since last request: 0.000012 seconds.
  path: Assets/Brackeys/2D Mega Pack/Sounds/GruntVoice01.wav
  artifactKey: Guid(558f9f56f603a954b8d45e17e89341d9) Importer(815301076,1909f56bfc062723c751e8b465ee728b)
Start importing Assets/Brackeys/2D Mega Pack/Sounds/GruntVoice01.wav using Guid(558f9f56f603a954b8d45e17e89341d9) Importer(815301076,1909f56bfc062723c751e8b465ee728b)  -> (artifact id: '845ad62dfaa940910b270ade3a79b2cc') in 0.008148 seconds 
========================================================================
Received Import Request.
  Time since last request: 0.000013 seconds.
  path: Assets/Brackeys/2D Mega Pack/Sounds/LandingFootsteps.wav
  artifactKey: Guid(a35ec44331d4b514cabf31e928f058b5) Importer(815301076,1909f56bfc062723c751e8b465ee728b)
Start importing Assets/Brackeys/2D Mega Pack/Sounds/LandingFootsteps.wav using Guid(a35ec44331d4b514cabf31e928f058b5) Importer(815301076,1909f56bfc062723c751e8b465ee728b)  -> (artifact id: '7b0e2f63ab6bae133dc244c7336cccf0') in 0.008746 seconds 
========================================================================
Received Import Request.
  Time since last request: 0.000016 seconds.
  path: Assets/Brackeys/2D Mega Pack/Sounds/Shot.wav
  artifactKey: Guid(26e19616f6ba9f6469e9d3d6c38b23fe) Importer(815301076,1909f56bfc062723c751e8b465ee728b)
Start importing Assets/Brackeys/2D Mega Pack/Sounds/Shot.wav using Guid(26e19616f6ba9f6469e9d3d6c38b23fe) Importer(815301076,1909f56bfc062723c751e8b465ee728b)  -> (artifact id: '7cdb83d9631d50ade764b76786426187') in 0.008607 seconds 
========================================================================
Received Import Request.
  Time since last request: 0.000015 seconds.
  path: Assets/Brackeys/2D Mega Pack/Sounds/Hit.wav
  artifactKey: Guid(87e2452fe2c754248926c9a9ab93a467) Importer(815301076,1909f56bfc062723c751e8b465ee728b)
Start importing Assets/Brackeys/2D Mega Pack/Sounds/Hit.wav using Guid(87e2452fe2c754248926c9a9ab93a467) Importer(815301076,1909f56bfc062723c751e8b465ee728b)  -> (artifact id: '469087a8fa5e72fcc872f78a1091808a') in 0.008511 seconds 
========================================================================
Received Import Request.
  Time since last request: 0.000014 seconds.
  path: Assets/Brackeys/2D Mega Pack/Sounds/GruntVoice02.wav
  artifactKey: Guid(2b6e306f144fd2047ad36490140f8b85) Importer(815301076,1909f56bfc062723c751e8b465ee728b)
Start importing Assets/Brackeys/2D Mega Pack/Sounds/GruntVoice02.wav using Guid(2b6e306f144fd2047ad36490140f8b85) Importer(815301076,1909f56bfc062723c751e8b465ee728b)  -> (artifact id: 'ddf319994c46be1fe15c94eabf4095e1') in 0.008315 seconds 
========================================================================
Received Import Request.
  Time since last request: 0.000014 seconds.
  path: Assets/Brackeys/2D Mega Pack/Sounds/GameOver.wav
  artifactKey: Guid(832aa39d4fbe053428a67083bb091a1a) Importer(815301076,1909f56bfc062723c751e8b465ee728b)
Start importing Assets/Brackeys/2D Mega Pack/Sounds/GameOver.wav using Guid(832aa39d4fbe053428a67083bb091a1a) Importer(815301076,1909f56bfc062723c751e8b465ee728b)  -> (artifact id: 'a2bb6bd80cb6ac65bd8d74911d9ed254') in 0.008611 seconds 
========================================================================
Received Import Request.
  Time since last request: 0.000014 seconds.
  path: Assets/Brackeys/2D Mega Pack/Sounds/Explosion.wav
  artifactKey: Guid(d1698dd553af8ef4d887bc83b9687173) Importer(815301076,1909f56bfc062723c751e8b465ee728b)
Start importing Assets/Brackeys/2D Mega Pack/Sounds/Explosion.wav using Guid(d1698dd553af8ef4d887bc83b9687173) Importer(815301076,1909f56bfc062723c751e8b465ee728b)  -> (artifact id: 'f9dece566fe3cdd3d7d25e976e3f9bcb') in 0.008336 seconds 
========================================================================
Received Import Request.
  Time since last request: 1.115441 seconds.
  path: Assets/Brackeys/2D Mega Pack/Platforms/Platform_Blue_Wide.png
  artifactKey: Guid(c76f47f717e792941b9c97541a3a1ff4) Importer(815301076,1909f56bfc062723c751e8b465ee728b)
Start importing Assets/Brackeys/2D Mega Pack/Platforms/Platform_Blue_Wide.png using Guid(c76f47f717e792941b9c97541a3a1ff4) Importer(815301076,1909f56bfc062723c751e8b465ee728b)  -> (artifact id: '186c693be6cd832b6b5038c2b1b99753') in 0.009699 seconds 
========================================================================
Received Import Request.
  Time since last request: 0.000015 seconds.
  path: Assets/Brackeys/2D Mega Pack/Platforms/Platform_Pink_Wide.png
  artifactKey: Guid(849f7ba5345b1004db608d9d554c41dd) Importer(815301076,1909f56bfc062723c751e8b465ee728b)
Start importing Assets/Brackeys/2D Mega Pack/Platforms/Platform_Pink_Wide.png using Guid(849f7ba5345b1004db608d9d554c41dd) Importer(815301076,1909f56bfc062723c751e8b465ee728b)  -> (artifact id: '6ed2ea55b91e73ceb7688025d554bba3') in 0.009512 seconds 
========================================================================
Received Import Request.
  Time since last request: 0.000015 seconds.
  path: Assets/Brackeys/2D Mega Pack/Platforms/Platform_Uncolored_Wide.png
  artifactKey: Guid(176fe19fdc91e7f4ba23cb37600bda75) Importer(815301076,1909f56bfc062723c751e8b465ee728b)
Start importing Assets/Brackeys/2D Mega Pack/Platforms/Platform_Uncolored_Wide.png using Guid(176fe19fdc91e7f4ba23cb37600bda75) Importer(815301076,1909f56bfc062723c751e8b465ee728b)  -> (artifact id: '2698dc4f66a73dcf5937c8ec04e0e4c0') in 0.008640 seconds 
========================================================================
Received Import Request.
  Time since last request: 0.000013 seconds.
  path: Assets/Brackeys/2D Mega Pack/Platforms/Platform_Pink.png
  artifactKey: Guid(4bdcafa0e50338d41ae14a25a337e16d) Importer(815301076,1909f56bfc062723c751e8b465ee728b)
Start importing Assets/Brackeys/2D Mega Pack/Platforms/Platform_Pink.png using Guid(4bdcafa0e50338d41ae14a25a337e16d) Importer(815301076,1909f56bfc062723c751e8b465ee728b)  -> (artifact id: '5411283ba25eb49cb87acbd42b8eb6df') in 0.009238 seconds 
========================================================================
Received Import Request.
  Time since last request: 0.000016 seconds.
  path: Assets/Brackeys/2D Mega Pack/Platforms/Platform_Wood_Wide.png
  artifactKey: Guid(93aacd30e6870dc45a5dcafc2d1b3414) Importer(815301076,1909f56bfc062723c751e8b465ee728b)
Start importing Assets/Brackeys/2D Mega Pack/Platforms/Platform_Wood_Wide.png using Guid(93aacd30e6870dc45a5dcafc2d1b3414) Importer(815301076,1909f56bfc062723c751e8b465ee728b)  -> (artifact id: '2ccba83b7b2ff0404998f501178dff7a') in 0.009062 seconds 
========================================================================
Received Import Request.
  Time since last request: 0.000014 seconds.
  path: Assets/Brackeys/2D Mega Pack/Platforms/Platform_Vertical_Uncolored.png
  artifactKey: Guid(0ddf619ff096ada469471c932a6d03d2) Importer(815301076,1909f56bfc062723c751e8b465ee728b)
Start importing Assets/Brackeys/2D Mega Pack/Platforms/Platform_Vertical_Uncolored.png using Guid(0ddf619ff096ada469471c932a6d03d2) Importer(815301076,1909f56bfc062723c751e8b465ee728b)  -> (artifact id: 'fd8dd161a8a4c5f1ae361aec6bd67a87') in 0.009099 seconds 
========================================================================
Received Import Request.
  Time since last request: 0.000012 seconds.
  path: Assets/Brackeys/2D Mega Pack/Platforms/Platform_Vertical_Pink.png
  artifactKey: Guid(1f6dbf787d3d8e84381791aa30d9c292) Importer(815301076,1909f56bfc062723c751e8b465ee728b)
Start importing Assets/Brackeys/2D Mega Pack/Platforms/Platform_Vertical_Pink.png using Guid(1f6dbf787d3d8e84381791aa30d9c292) Importer(815301076,1909f56bfc062723c751e8b465ee728b)  -> (artifact id: '18f5651a9953a3dcd96928b4d83c2712') in 0.008264 seconds 
========================================================================
Received Import Request.
  Time since last request: 6.333469 seconds.
  path: Assets/Brackeys/2D Mega Pack/Enemies/Crow.png
  artifactKey: Guid(7ed863ccbdc96f0438cc78a3c684e3e0) Importer(815301076,1909f56bfc062723c751e8b465ee728b)
Start importing Assets/Brackeys/2D Mega Pack/Enemies/Crow.png using Guid(7ed863ccbdc96f0438cc78a3c684e3e0) Importer(815301076,1909f56bfc062723c751e8b465ee728b)  -> (artifact id: 'f839c9fca8a15017b7141d318e328e09') in 0.010852 seconds 
========================================================================
Received Import Request.
  Time since last request: 0.399354 seconds.
  path: Assets/Brackeys/2D Mega Pack/Effects/Muzzleflash2.png
  artifactKey: Guid(8dc86788c2b5b6f4c8c37280a947161a) Importer(815301076,1909f56bfc062723c751e8b465ee728b)
Start importing Assets/Brackeys/2D Mega Pack/Effects/Muzzleflash2.png using Guid(8dc86788c2b5b6f4c8c37280a947161a) Importer(815301076,1909f56bfc062723c751e8b465ee728b)  -> (artifact id: '711bea5a6b5591c8e8ff508c0c343338') in 0.011924 seconds 
========================================================================
Received Import Request.
  Time since last request: 13.210159 seconds.
  path: Assets/Brackeys/2D Mega Pack/Enemies/Gothic/GothicEnemy03.png
  artifactKey: Guid(d064385dfce29934793208022539c6cd) Importer(815301076,1909f56bfc062723c751e8b465ee728b)
Start importing Assets/Brackeys/2D Mega Pack/Enemies/Gothic/GothicEnemy03.png using Guid(d064385dfce29934793208022539c6cd) Importer(815301076,1909f56bfc062723c751e8b465ee728b)  -> (artifact id: '18250d2b4883545a06858215588f5ce8') in 0.014732 seconds 
========================================================================
Received Import Request.
  Time since last request: 7.134382 seconds.
  path: Assets/Brackeys/2D Mega Pack/Environment/Gothic/DoorUp_NoGround.png
  artifactKey: Guid(ed301da1d8cd303439a7bc579fad3f29) Importer(815301076,1909f56bfc062723c751e8b465ee728b)
Start importing Assets/Brackeys/2D Mega Pack/Environment/Gothic/DoorUp_NoGround.png using Guid(ed301da1d8cd303439a7bc579fad3f29) Importer(815301076,1909f56bfc062723c751e8b465ee728b)  -> (artifact id: '2ee00d9694c849e00285875d6f369dc7') in 0.010814 seconds 
========================================================================
Received Import Request.
  Time since last request: 0.000015 seconds.
  path: Assets/Brackeys/2D Mega Pack/Environment/Gothic/Stone.png
  artifactKey: Guid(9e5e200069c8ec14b857e10db776c146) Importer(815301076,1909f56bfc062723c751e8b465ee728b)
Start importing Assets/Brackeys/2D Mega Pack/Environment/Gothic/Stone.png using Guid(9e5e200069c8ec14b857e10db776c146) Importer(815301076,1909f56bfc062723c751e8b465ee728b)  -> (artifact id: '80f0c689355553662c9d6bae14caa35e') in 0.010090 seconds 
========================================================================
Received Import Request.
  Time since last request: 4.634567 seconds.
  path: Assets/Brackeys/2D Mega Pack/Environment/Grungy/RoadTurn.png
  artifactKey: Guid(0deb26d1d834d4e4eb5f80998a7d08c6) Importer(815301076,1909f56bfc062723c751e8b465ee728b)
Start importing Assets/Brackeys/2D Mega Pack/Environment/Grungy/RoadTurn.png using Guid(0deb26d1d834d4e4eb5f80998a7d08c6) Importer(815301076,1909f56bfc062723c751e8b465ee728b)  -> (artifact id: '99aa202b98f616d558a514f482f8b5bb') in 0.026734 seconds 
========================================================================
Received Import Request.
  Time since last request: 2.987809 seconds.
  path: Assets/Brackeys/2D Mega Pack/Environment/Stick Figure-like/Tree02.png
  artifactKey: Guid(8ea677391b262534088109be38edb0f7) Importer(815301076,1909f56bfc062723c751e8b465ee728b)
Start importing Assets/Brackeys/2D Mega Pack/Environment/Stick Figure-like/Tree02.png using Guid(8ea677391b262534088109be38edb0f7) Importer(815301076,1909f56bfc062723c751e8b465ee728b)  -> (artifact id: 'cd58568d454b79b351eb97fed86afda4') in 0.013496 seconds 
========================================================================
Received Import Request.
  Time since last request: 0.710859 seconds.
  path: Assets/Brackeys/2D Mega Pack/Environment/Tiles/PlatformerTiles.png
  artifactKey: Guid(9d760526269e55b40898d45c96b2a15f) Importer(815301076,1909f56bfc062723c751e8b465ee728b)
Start importing Assets/Brackeys/2D Mega Pack/Environment/Tiles/PlatformerTiles.png using Guid(9d760526269e55b40898d45c96b2a15f) Importer(815301076,1909f56bfc062723c751e8b465ee728b)  -> (artifact id: 'c493c57e52a4f1b2381cbc79b86f8762') in 0.012834 seconds 
========================================================================
Received Import Request.
  Time since last request: 9.900012 seconds.
  path: Assets/Brackeys/2D Mega Pack/Environment/Farming/Dirt_Right.png
  artifactKey: Guid(aafb3849bd0e80a4e959432aa5cab520) Importer(815301076,1909f56bfc062723c751e8b465ee728b)
Start importing Assets/Brackeys/2D Mega Pack/Environment/Farming/Dirt_Right.png using Guid(aafb3849bd0e80a4e959432aa5cab520) Importer(815301076,1909f56bfc062723c751e8b465ee728b)  -> (artifact id: '60f93bd00b41de21399108ca0c54ac59') in 0.012267 seconds 
========================================================================
Received Import Request.
  Time since last request: 0.000015 seconds.
  path: Assets/Brackeys/2D Mega Pack/Environment/Farming/TrashCan.png
  artifactKey: Guid(5f29f64548d98f64893d01b0b4c02f3b) Importer(815301076,1909f56bfc062723c751e8b465ee728b)
Start importing Assets/Brackeys/2D Mega Pack/Environment/Farming/TrashCan.png using Guid(5f29f64548d98f64893d01b0b4c02f3b) Importer(815301076,1909f56bfc062723c751e8b465ee728b)  -> (artifact id: '3c37a3f9d62296df6cc60751352a7345') in 0.010093 seconds 
========================================================================
Received Import Request.
  Time since last request: 11.824122 seconds.
  path: Assets/Brackeys/2D Mega Pack/Items & Icons/Arcade/Coin.png
  artifactKey: Guid(358b0cd10d6bd204aa3dc94c21b83046) Importer(815301076,1909f56bfc062723c751e8b465ee728b)
Start importing Assets/Brackeys/2D Mega Pack/Items & Icons/Arcade/Coin.png using Guid(358b0cd10d6bd204aa3dc94c21b83046) Importer(815301076,1909f56bfc062723c751e8b465ee728b)  -> (artifact id: 'ba9fdb323c6b860cc26670b611abca6b') in 0.011518 seconds 
Editor requested this worker to shutdown with reason: Scaling down because of idle timeout
AssetImportWorker is now disconnected from the server
Process exiting
Exiting without the bug reporter. Application will terminate with return code 0